
*** Running vivado
    with args -log BRAM_Uart.vds -m64 -product Vivado -mode batch -messageDb vivado.pb -notrace -source BRAM_Uart.tcl



****** Vivado v2025.1 (64-bit)
  **** SW Build 6140274 on Thu May 22 00:12:29 MDT 2025
  **** IP Build 6138677 on Thu May 22 03:10:11 MDT 2025
  **** SharedData Build 6139179 on Tue May 20 17:58:58 MDT 2025
  **** Start of session at: Thu Aug  7 13:38:00 2025
    ** Copyright 1986-2022 Xilinx, Inc. All Rights Reserved.
    ** Copyright 2022-2025 Advanced Micro Devices, Inc. All Rights Reserved.

source BRAM_Uart.tcl -notrace
Command: synth_design -top BRAM_Uart -part xc7a100tcsg324-1
Starting synth_design
Attempting to get a license for feature 'Synthesis' and/or device 'xc7a100t'
INFO: [Common 17-349] Got license for feature 'Synthesis' and/or device 'xc7a100t'
INFO: [Synth 8-7079] Multithreading enabled for synth_design using a maximum of 2 processes.
INFO: [Synth 8-7078] Launching helper process for spawning children vivado processes
INFO: [Synth 8-7075] Helper process launched with PID 10156
---------------------------------------------------------------------------------
Starting Synthesize : Time (s): cpu = 00:00:02 ; elapsed = 00:00:04 . Memory (MB): peak = 1055.633 ; gain = 499.762
---------------------------------------------------------------------------------
INFO: [Synth 8-638] synthesizing module 'BRAM_Uart' [C:/Users/Yusuf Soylu/Desktop/Vivado Projeleri/ders_14_Memory_Turleri/ders_14_Memory_Turleri.srcs/sources_1/new/BRAM_Uart.vhd:55]
	Parameter c_clfreq bound to: 100000000 - type: integer 
	Parameter c_baudrate bound to: 115200 - type: integer 
INFO: [Synth 8-3491] module 'uart_rx' declared at 'C:/Users/Yusuf Soylu/Desktop/Vivado Projeleri/ders_13_uart_rx/ders_13_uart_rx.srcs/sources_1/new/uart_rx.vhd:4' bound to instance 'i_uart_rx' of component 'uart_rx' [C:/Users/Yusuf Soylu/Desktop/Vivado Projeleri/ders_14_Memory_Turleri/ders_14_Memory_Turleri.srcs/sources_1/new/BRAM_Uart.vhd:131]
INFO: [Synth 8-638] synthesizing module 'uart_rx' [C:/Users/Yusuf Soylu/Desktop/Vivado Projeleri/ders_13_uart_rx/ders_13_uart_rx.srcs/sources_1/new/uart_rx.vhd:20]
	Parameter c_clfreq bound to: 100000000 - type: integer 
	Parameter c_baudrate bound to: 115200 - type: integer 
INFO: [Synth 8-256] done synthesizing module 'uart_rx' (0#1) [C:/Users/Yusuf Soylu/Desktop/Vivado Projeleri/ders_13_uart_rx/ders_13_uart_rx.srcs/sources_1/new/uart_rx.vhd:20]
	Parameter c_clfreq bound to: 100000000 - type: integer 
	Parameter c_bauderrate bound to: 115200 - type: integer 
	Parameter c_stopbit bound to: 2 - type: integer 
INFO: [Synth 8-3491] module 'uart_tx' declared at 'C:/Users/Yusuf Soylu/Desktop/Vivado Projeleri/ders_12_uart/ders_12_uart.srcs/sources_1/new/uart_tx.vhd:6' bound to instance 'i_uart_tx' of component 'uart_tx' [C:/Users/Yusuf Soylu/Desktop/Vivado Projeleri/ders_14_Memory_Turleri/ders_14_Memory_Turleri.srcs/sources_1/new/BRAM_Uart.vhd:145]
INFO: [Synth 8-638] synthesizing module 'uart_tx' [C:/Users/Yusuf Soylu/Desktop/Vivado Projeleri/ders_12_uart/ders_12_uart.srcs/sources_1/new/uart_tx.vhd:24]
	Parameter c_clfreq bound to: 100000000 - type: integer 
	Parameter c_bauderrate bound to: 115200 - type: integer 
	Parameter c_stopbit bound to: 2 - type: integer 
INFO: [Synth 8-256] done synthesizing module 'uart_tx' (0#1) [C:/Users/Yusuf Soylu/Desktop/Vivado Projeleri/ders_12_uart/ders_12_uart.srcs/sources_1/new/uart_tx.vhd:24]
	Parameter RAM_WIDTH bound to: 16 - type: integer 
	Parameter RAM_DEPTH bound to: 128 - type: integer 
	Parameter RAM_PERFORMANCE bound to: LOW_LATENCY - type: string 
	Parameter C_RAM_TYPE bound to: block - type: string 
INFO: [Synth 8-3491] module 'block_ram' declared at 'C:/Users/Yusuf Soylu/Desktop/Vivado Projeleri/ders_14_Memory_Turleri/ders_14_Memory_Turleri.srcs/sources_1/new/block_ram.vhd:38' bound to instance 'ram128x16' of component 'block_ram' [C:/Users/Yusuf Soylu/Desktop/Vivado Projeleri/ders_14_Memory_Turleri/ders_14_Memory_Turleri.srcs/sources_1/new/BRAM_Uart.vhd:160]
INFO: [Synth 8-638] synthesizing module 'block_ram' [C:/Users/Yusuf Soylu/Desktop/Vivado Projeleri/ders_14_Memory_Turleri/ders_14_Memory_Turleri.srcs/sources_1/new/block_ram.vhd:56]
	Parameter RAM_WIDTH bound to: 16 - type: integer 
	Parameter RAM_DEPTH bound to: 128 - type: integer 
	Parameter RAM_PERFORMANCE bound to: LOW_LATENCY - type: string 
	Parameter C_RAM_TYPE bound to: block - type: string 
INFO: [Synth 8-256] done synthesizing module 'block_ram' (0#1) [C:/Users/Yusuf Soylu/Desktop/Vivado Projeleri/ders_14_Memory_Turleri/ders_14_Memory_Turleri.srcs/sources_1/new/block_ram.vhd:56]
INFO: [Synth 8-256] done synthesizing module 'BRAM_Uart' (0#1) [C:/Users/Yusuf Soylu/Desktop/Vivado Projeleri/ders_14_Memory_Turleri/ders_14_Memory_Turleri.srcs/sources_1/new/BRAM_Uart.vhd:55]
---------------------------------------------------------------------------------
Finished Synthesize : Time (s): cpu = 00:00:03 ; elapsed = 00:00:05 . Memory (MB): peak = 1164.691 ; gain = 608.820
---------------------------------------------------------------------------------
---------------------------------------------------------------------------------
Finished Constraint Validation : Time (s): cpu = 00:00:04 ; elapsed = 00:00:05 . Memory (MB): peak = 1164.691 ; gain = 608.820
---------------------------------------------------------------------------------
---------------------------------------------------------------------------------
Start Loading Part and Timing Information
---------------------------------------------------------------------------------
Loading part: xc7a100tcsg324-1
---------------------------------------------------------------------------------
Finished Loading Part and Timing Information : Time (s): cpu = 00:00:04 ; elapsed = 00:00:05 . Memory (MB): peak = 1164.691 ; gain = 608.820
INFO: [Device 21-403] Loading part xc7a100tcsg324-1
---------------------------------------------------------------------------------
INFO: [Synth 8-802] inferred FSM for state register 'state_reg' in module 'uart_rx'
INFO: [Synth 8-802] inferred FSM for state register 'state_reg' in module 'uart_tx'
INFO: [Synth 8-802] inferred FSM for state register 'state_reg' in module 'BRAM_Uart'
---------------------------------------------------------------------------------------------------
                   State |                     New Encoding |                Previous Encoding 
---------------------------------------------------------------------------------------------------
                 s_bosta |                               00 |                               00
                 s_basla |                               01 |                               01
                  s_veri |                               10 |                               10
                   s_dur |                               11 |                               11
---------------------------------------------------------------------------------------------------
INFO: [Synth 8-3354] encoded FSM with state register 'state_reg' using encoding 'sequential' in module 'uart_rx'
---------------------------------------------------------------------------------------------------
                   State |                     New Encoding |                Previous Encoding 
---------------------------------------------------------------------------------------------------
                 s_bosta |                               00 |                               00
                 s_basla |                               01 |                               01
                  s_veri |                               10 |                               10
                   s_dur |                               11 |                               11
---------------------------------------------------------------------------------------------------
INFO: [Synth 8-3354] encoded FSM with state register 'state_reg' using encoding 'sequential' in module 'uart_tx'
---------------------------------------------------------------------------------------------------
                   State |                     New Encoding |                Previous Encoding 
---------------------------------------------------------------------------------------------------
                  s_idle |                               00 |                               00
                   s_oku |                               01 |                               01
              s_transmit |                               10 |                               11
                   s_yaz |                               11 |                               10
---------------------------------------------------------------------------------------------------
INFO: [Synth 8-3354] encoded FSM with state register 'state_reg' using encoding 'sequential' in module 'BRAM_Uart'
---------------------------------------------------------------------------------
Finished RTL Optimization Phase 2 : Time (s): cpu = 00:00:04 ; elapsed = 00:00:06 . Memory (MB): peak = 1164.691 ; gain = 608.820
---------------------------------------------------------------------------------
No constraint files found.
---------------------------------------------------------------------------------
Start RTL Component Statistics 
---------------------------------------------------------------------------------
Detailed RTL Component Info : 
+---Adders : 
	   2 Input   11 Bit       Adders := 1     
	   2 Input   10 Bit       Adders := 1     
	   2 Input    8 Bit       Adders := 2     
	   2 Input    3 Bit       Adders := 2     
+---Registers : 
	               32 Bit    Registers := 1     
	               16 Bit    Registers := 2     
	               11 Bit    Registers := 1     
	               10 Bit    Registers := 1     
	                8 Bit    Registers := 4     
	                7 Bit    Registers := 1     
	                3 Bit    Registers := 2     
	                1 Bit    Registers := 5     
+---RAMs : 
	               2K Bit	(128 X 16 bit)          RAMs := 1     
+---Muxes : 
	   4 Input   32 Bit        Muxes := 2     
	   4 Input   11 Bit        Muxes := 1     
	   4 Input   10 Bit        Muxes := 1     
	   4 Input    8 Bit        Muxes := 3     
	   2 Input    3 Bit        Muxes := 2     
	   4 Input    3 Bit        Muxes := 1     
	   4 Input    2 Bit        Muxes := 3     
	   2 Input    2 Bit        Muxes := 1     
	   2 Input    1 Bit        Muxes := 8     
	   3 Input    1 Bit        Muxes := 2     
	   4 Input    1 Bit        Muxes := 14    
---------------------------------------------------------------------------------
Finished RTL Component Statistics 
---------------------------------------------------------------------------------
---------------------------------------------------------------------------------
Start Part Resource Summary
---------------------------------------------------------------------------------
Part Resources:
DSPs: 240 (col length:80)
BRAMs: 270 (col length: RAMB18 80 RAMB36 40)
---------------------------------------------------------------------------------
Finished Part Resource Summary
---------------------------------------------------------------------------------
No constraint files found.
---------------------------------------------------------------------------------
Start Cross Boundary and Area Optimization
---------------------------------------------------------------------------------
WARNING: [Synth 8-7080] Parallel synthesis criteria is not met
---------------------------------------------------------------------------------
Finished Cross Boundary and Area Optimization : Time (s): cpu = 00:00:07 ; elapsed = 00:00:18 . Memory (MB): peak = 1378.297 ; gain = 822.426
---------------------------------------------------------------------------------
---------------------------------------------------------------------------------
Start ROM, RAM, DSP, Shift Register and Retiming Reporting
---------------------------------------------------------------------------------

Block RAM: Preliminary Mapping Report (see note below)
+------------+------------------------+------------------------+---+---+------------------------+---+---+------------------+--------+--------+
|Module Name | RTL Object             | PORT A (Depth x Width) | W | R | PORT B (Depth x Width) | W | R | Ports driving FF | RAMB18 | RAMB36 | 
+------------+------------------------+------------------------+---+---+------------------------+---+---+------------------+--------+--------+
|BRAM_Uart   | ram128x16/ram_name_reg | 128 x 16(READ_FIRST)   | W | R |                        |   |   | Port A           | 1      | 0      | 
+------------+------------------------+------------------------+---+---+------------------------+---+---+------------------+--------+--------+

Note: The table above is a preliminary report that shows the Block RAMs at the current stage of the synthesis flow. Some Block RAMs may be reimplemented as non Block RAM primitives later in the synthesis flow. Multiple instantiated Block RAMs are reported only once. 
---------------------------------------------------------------------------------
Finished ROM, RAM, DSP, Shift Register and Retiming Reporting
---------------------------------------------------------------------------------
No constraint files found.
---------------------------------------------------------------------------------
Start Timing Optimization
---------------------------------------------------------------------------------
---------------------------------------------------------------------------------
Finished Timing Optimization : Time (s): cpu = 00:00:07 ; elapsed = 00:00:18 . Memory (MB): peak = 1378.297 ; gain = 822.426
---------------------------------------------------------------------------------
---------------------------------------------------------------------------------
Start ROM, RAM, DSP, Shift Register and Retiming Reporting
---------------------------------------------------------------------------------

Block RAM: Final Mapping Report
+------------+------------------------+------------------------+---+---+------------------------+---+---+------------------+--------+--------+
|Module Name | RTL Object             | PORT A (Depth x Width) | W | R | PORT B (Depth x Width) | W | R | Ports driving FF | RAMB18 | RAMB36 | 
+------------+------------------------+------------------------+---+---+------------------------+---+---+------------------+--------+--------+
|BRAM_Uart   | ram128x16/ram_name_reg | 128 x 16(READ_FIRST)   | W | R |                        |   |   | Port A           | 1      | 0      | 
+------------+------------------------+------------------------+---+---+------------------------+---+---+------------------+--------+--------+

---------------------------------------------------------------------------------
Finished ROM, RAM, DSP, Shift Register and Retiming Reporting
---------------------------------------------------------------------------------
---------------------------------------------------------------------------------
Start Technology Mapping
---------------------------------------------------------------------------------
WARNING: [Synth 8-3332] Sequential element (i_uart_rx/FSM_sequential_state_reg[1]) is unused and will be removed from module BRAM_Uart.
WARNING: [Synth 8-3332] Sequential element (i_uart_rx/FSM_sequential_state_reg[0]) is unused and will be removed from module BRAM_Uart.
---------------------------------------------------------------------------------
Finished Technology Mapping : Time (s): cpu = 00:00:07 ; elapsed = 00:00:18 . Memory (MB): peak = 1385.273 ; gain = 829.402
---------------------------------------------------------------------------------
---------------------------------------------------------------------------------
Start IO Insertion
---------------------------------------------------------------------------------
---------------------------------------------------------------------------------
Start Flattening Before IO Insertion
---------------------------------------------------------------------------------
---------------------------------------------------------------------------------
Finished Flattening Before IO Insertion
---------------------------------------------------------------------------------
---------------------------------------------------------------------------------
Start Final Netlist Cleanup
---------------------------------------------------------------------------------
---------------------------------------------------------------------------------
Finished Final Netlist Cleanup
---------------------------------------------------------------------------------
---------------------------------------------------------------------------------
Finished IO Insertion : Time (s): cpu = 00:00:09 ; elapsed = 00:00:20 . Memory (MB): peak = 1591.852 ; gain = 1035.980
---------------------------------------------------------------------------------
---------------------------------------------------------------------------------
Start Renaming Generated Instances
---------------------------------------------------------------------------------
---------------------------------------------------------------------------------
Finished Renaming Generated Instances : Time (s): cpu = 00:00:09 ; elapsed = 00:00:20 . Memory (MB): peak = 1591.852 ; gain = 1035.980
---------------------------------------------------------------------------------
---------------------------------------------------------------------------------
Start Rebuilding User Hierarchy
---------------------------------------------------------------------------------
---------------------------------------------------------------------------------
Finished Rebuilding User Hierarchy : Time (s): cpu = 00:00:09 ; elapsed = 00:00:20 . Memory (MB): peak = 1591.852 ; gain = 1035.980
---------------------------------------------------------------------------------
---------------------------------------------------------------------------------
Start Renaming Generated Ports
---------------------------------------------------------------------------------
---------------------------------------------------------------------------------
Finished Renaming Generated Ports : Time (s): cpu = 00:00:09 ; elapsed = 00:00:20 . Memory (MB): peak = 1591.852 ; gain = 1035.980
---------------------------------------------------------------------------------
---------------------------------------------------------------------------------
Start Handling Custom Attributes
---------------------------------------------------------------------------------
---------------------------------------------------------------------------------
Finished Handling Custom Attributes : Time (s): cpu = 00:00:09 ; elapsed = 00:00:20 . Memory (MB): peak = 1592.867 ; gain = 1036.996
---------------------------------------------------------------------------------
---------------------------------------------------------------------------------
Start Renaming Generated Nets
---------------------------------------------------------------------------------
---------------------------------------------------------------------------------
Finished Renaming Generated Nets : Time (s): cpu = 00:00:09 ; elapsed = 00:00:20 . Memory (MB): peak = 1592.867 ; gain = 1036.996
---------------------------------------------------------------------------------
---------------------------------------------------------------------------------
Start Writing Synthesis Report
---------------------------------------------------------------------------------

Report BlackBoxes: 
+-+--------------+----------+
| |BlackBox name |Instances |
+-+--------------+----------+
+-+--------------+----------+

Report Cell Usage: 
+------+---------+------+
|      |Cell     |Count |
+------+---------+------+
|1     |BUFG     |     1|
|2     |LUT2     |     6|
|3     |LUT3     |     9|
|4     |LUT4     |    20|
|5     |LUT5     |    12|
|6     |LUT6     |    29|
|7     |RAMB18E1 |     1|
|8     |FDRE     |    62|
|9     |IBUF     |     1|
|10    |OBUF     |     1|
+------+---------+------+

Report Instance Areas: 
+------+------------+----------+------+
|      |Instance    |Module    |Cells |
+------+------------+----------+------+
|1     |top         |          |   142|
|2     |  i_uart_tx |uart_tx   |    75|
|3     |  ram128x16 |block_ram |    12|
+------+------------+----------+------+
---------------------------------------------------------------------------------
Finished Writing Synthesis Report : Time (s): cpu = 00:00:09 ; elapsed = 00:00:20 . Memory (MB): peak = 1592.867 ; gain = 1036.996
---------------------------------------------------------------------------------
Synthesis finished with 0 errors, 0 critical warnings and 3 warnings.
Synthesis Optimization Runtime : Time (s): cpu = 00:00:09 ; elapsed = 00:00:20 . Memory (MB): peak = 1592.867 ; gain = 1036.996
Synthesis Optimization Complete : Time (s): cpu = 00:00:09 ; elapsed = 00:00:20 . Memory (MB): peak = 1592.867 ; gain = 1036.996
INFO: [Project 1-571] Translating synthesized netlist
Netlist sorting complete. Time (s): cpu = 00:00:00 ; elapsed = 00:00:00.001 . Memory (MB): peak = 1606.879 ; gain = 0.000
INFO: [Netlist 29-17] Analyzing 1 Unisim elements for replacement
INFO: [Netlist 29-28] Unisim Transformation completed in 0 CPU seconds
INFO: [Project 1-570] Preparing netlist for logic optimization
INFO: [Opt 31-138] Pushed 0 inverter(s) to 0 load pin(s).
Netlist sorting complete. Time (s): cpu = 00:00:00 ; elapsed = 00:00:00 . Memory (MB): peak = 1720.730 ; gain = 0.000
INFO: [Project 1-111] Unisim Transformation Summary:
No Unisim elements were transformed.

Synth Design complete | Checksum: 9dbbdf07
INFO: [Common 17-83] Releasing license: Synthesis
29 Infos, 3 Warnings, 0 Critical Warnings and 0 Errors encountered.
synth_design completed successfully
synth_design: Time (s): cpu = 00:00:11 ; elapsed = 00:00:23 . Memory (MB): peak = 1720.730 ; gain = 1168.832
Write ShapeDB Complete: Time (s): cpu = 00:00:00 ; elapsed = 00:00:00.002 . Memory (MB): peak = 1720.730 ; gain = 0.000
INFO: [Common 17-1381] The checkpoint 'C:/Users/Yusuf Soylu/Desktop/Vivado Projeleri/ders_14_Memory_Turleri/ders_14_Memory_Turleri.runs/synth_1/BRAM_Uart.dcp' has been generated.
INFO: [Vivado 12-24828] Executing command : report_utilization -file BRAM_Uart_utilization_synth.rpt -pb BRAM_Uart_utilization_synth.pb
INFO: [Common 17-206] Exiting Vivado at Thu Aug  7 13:38:28 2025...
