Copyright 1986-2022 Xilinx, Inc. All Rights Reserved. Copyright 2022-2025 Advanced Micro Devices, Inc. All Rights Reserved.
------------------------------------------------------------------------------------------------------------------------------------------------------------------------------------------------------------------------------------------
| Tool Version : Vivado v.2025.1 (win64) Build 6140274 Thu May 22 00:12:29 MDT 2025
| Date         : Tue Aug 19 10:40:19 2025
| Host         : Yusuf-Soylu running 64-bit major release  (build 9200)
| Command      : report_timing_summary -max_paths 10 -routable_nets -report_unconstrained -file LFSR_Video_timing_summary_routed.rpt -pb LFSR_Video_timing_summary_routed.pb -rpx LFSR_Video_timing_summary_routed.rpx -warn_on_violation
| Design       : LFSR_Video
| Device       : 7a100t-csg324
| Speed File   : -1  PRODUCTION 1.23 2018-06-13
| Design State : Routed
------------------------------------------------------------------------------------------------------------------------------------------------------------------------------------------------------------------------------------------

Timing Summary Report

------------------------------------------------------------------------------------------------
| Timer Settings
| --------------
------------------------------------------------------------------------------------------------

  Enable Multi Corner Analysis               :  Yes
  Enable Pessimism Removal                   :  Yes
  Pessimism Removal Resolution               :  Nearest Common Node
  Enable Input Delay Default Clock           :  No
  Enable Preset / Clear Arcs                 :  No
  Disable Flight Delays                      :  No
  Ignore I/O Paths                           :  No
  Timing Early Launch at Borrowing Latches   :  No
  Borrow Time for Max Delay Exceptions       :  Yes
  Merge Timing Exceptions                    :  Yes
  Inter-SLR Compensation                     :  Conservative

  Corner  Analyze    Analyze    
  Name    Max Paths  Min Paths  
  ------  ---------  ---------  
  Slow    Yes        Yes        
  Fast    Yes        Yes        


------------------------------------------------------------------------------------------------
| Report Methodology
| ------------------
------------------------------------------------------------------------------------------------

Rule       Severity          Description                  Violations  
---------  ----------------  ---------------------------  ----------  
TIMING-17  Critical Warning  Non-clocked sequential cell  29          

Note: This report is based on the most recent report_methodology run and may not be up-to-date. Run report_methodology on the current design for the latest report.



check_timing report

Table of Contents
-----------------
1. checking no_clock (29)
2. checking constant_clock (0)
3. checking pulse_width_clock (0)
4. checking unconstrained_internal_endpoints (57)
5. checking no_input_delay (12)
6. checking no_output_delay (10)
7. checking multiple_clock (0)
8. checking generated_clocks (0)
9. checking loops (0)
10. checking partial_input_delay (0)
11. checking partial_output_delay (0)
12. checking latch_loops (0)

1. checking no_clock (29)
-------------------------
 There are 29 register/latch pins with no clock driven by root clock pin: clk (HIGH)


2. checking constant_clock (0)
------------------------------
 There are 0 register/latch pins with constant_clock.


3. checking pulse_width_clock (0)
---------------------------------
 There are 0 register/latch pins which need pulse_width check


4. checking unconstrained_internal_endpoints (57)
-------------------------------------------------
 There are 57 pins that are not constrained for maximum delay. (HIGH)

 There are 0 pins that are not constrained for maximum delay due to constant clock.


5. checking no_input_delay (12)
-------------------------------
 There are 12 input ports with no input delay specified. (HIGH)

 There are 0 input ports with no input delay but user has a false path constraint.


6. checking no_output_delay (10)
--------------------------------
 There are 10 ports with no output delay specified. (HIGH)

 There are 0 ports with no output delay but user has a false path constraint

 There are 0 ports with no output delay but with a timing clock defined on it or propagating through it


7. checking multiple_clock (0)
------------------------------
 There are 0 register/latch pins with multiple clocks.


8. checking generated_clocks (0)
--------------------------------
 There are 0 generated clocks that are not connected to a clock source.


9. checking loops (0)
---------------------
 There are 0 combinational loops in the design.


10. checking partial_input_delay (0)
------------------------------------
 There are 0 input ports with partial input delay specified.


11. checking partial_output_delay (0)
-------------------------------------
 There are 0 ports with partial output delay specified.


12. checking latch_loops (0)
----------------------------
 There are 0 combinational latch loops in the design through latch input



------------------------------------------------------------------------------------------------
| Design Timing Summary
| ---------------------
------------------------------------------------------------------------------------------------

    WNS(ns)      TNS(ns)  TNS Failing Endpoints  TNS Total Endpoints      WHS(ns)      THS(ns)  THS Failing Endpoints  THS Total Endpoints     WPWS(ns)     TPWS(ns)  TPWS Failing Endpoints  TPWS Total Endpoints  
    -------      -------  ---------------------  -------------------      -------      -------  ---------------------  -------------------     --------     --------  ----------------------  --------------------  
        inf        0.000                      0                   67          inf        0.000                      0                   67           NA           NA                      NA                    NA  


There are no user specified timing constraints.


------------------------------------------------------------------------------------------------
| Clock Summary
| -------------
------------------------------------------------------------------------------------------------


------------------------------------------------------------------------------------------------
| Intra Clock Table
| -----------------
------------------------------------------------------------------------------------------------

Clock             WNS(ns)      TNS(ns)  TNS Failing Endpoints  TNS Total Endpoints      WHS(ns)      THS(ns)  THS Failing Endpoints  THS Total Endpoints     WPWS(ns)     TPWS(ns)  TPWS Failing Endpoints  TPWS Total Endpoints  
-----             -------      -------  ---------------------  -------------------      -------      -------  ---------------------  -------------------     --------     --------  ----------------------  --------------------  


------------------------------------------------------------------------------------------------
| Inter Clock Table
| -----------------
------------------------------------------------------------------------------------------------

From Clock    To Clock          WNS(ns)      TNS(ns)  TNS Failing Endpoints  TNS Total Endpoints      WHS(ns)      THS(ns)  THS Failing Endpoints  THS Total Endpoints  
----------    --------          -------      -------  ---------------------  -------------------      -------      -------  ---------------------  -------------------  


------------------------------------------------------------------------------------------------
| Other Path Groups Table
| -----------------------
------------------------------------------------------------------------------------------------

Path Group    From Clock    To Clock          WNS(ns)      TNS(ns)  TNS Failing Endpoints  TNS Total Endpoints      WHS(ns)      THS(ns)  THS Failing Endpoints  THS Total Endpoints  
----------    ----------    --------          -------      -------  ---------------------  -------------------      -------      -------  ---------------------  -------------------  


------------------------------------------------------------------------------------------------
| User Ignored Path Table
| -----------------------
------------------------------------------------------------------------------------------------

Path Group    From Clock    To Clock    
----------    ----------    --------    


------------------------------------------------------------------------------------------------
| Unconstrained Path Table
| ------------------------
------------------------------------------------------------------------------------------------

Path Group    From Clock    To Clock    
----------    ----------    --------    
(none)                                    


------------------------------------------------------------------------------------------------
| Timing Details
| --------------
------------------------------------------------------------------------------------------------


--------------------------------------------------------------------------------------
Path Group:  (none)
From Clock:  
  To Clock:  

Max Delay            67 Endpoints
Min Delay            67 Endpoints
--------------------------------------------------------------------------------------


Max Delay Paths
--------------------------------------------------------------------------------------
Slack:                    inf
  Source:                 data_reg_reg[6]_lopt_replica/C
                            (rising edge-triggered cell FDRE)
  Destination:            number_o[6]
                            (output port)
  Path Group:             (none)
  Path Type:              Max at Slow Process Corner
  Data Path Delay:        5.261ns  (logic 3.236ns (61.506%)  route 2.025ns (38.494%))
  Logic Levels:           2  (FDRE=1 OBUF=1)

    Location             Delay type                Incr(ns)  Path(ns)    Netlist Resource(s)
  -------------------------------------------------------------------    -------------------
    SLICE_X0Y60          FDRE                         0.000     0.000 r  data_reg_reg[6]_lopt_replica/C
    SLICE_X0Y60          FDRE (Prop_fdre_C_Q)         0.419     0.419 r  data_reg_reg[6]_lopt_replica/Q
                         net (fo=1, routed)           2.025     2.444    data_reg_reg[6]_lopt_replica_1
    V15                  OBUF (Prop_obuf_I_O)         2.817     5.261 r  number_o_OBUF[6]_inst/O
                         net (fo=0)                   0.000     5.261    number_o[6]
    V15                                                               r  number_o[6] (OUT)
  -------------------------------------------------------------------    -------------------

Slack:                    inf
  Source:                 data_reg_reg[1]/C
                            (rising edge-triggered cell FDRE)
  Destination:            number_o[1]
                            (output port)
  Path Group:             (none)
  Path Type:              Max at Slow Process Corner
  Data Path Delay:        5.216ns  (logic 3.239ns (62.089%)  route 1.978ns (37.911%))
  Logic Levels:           2  (FDRE=1 OBUF=1)

    Location             Delay type                Incr(ns)  Path(ns)    Netlist Resource(s)
  -------------------------------------------------------------------    -------------------
    SLICE_X0Y60          FDRE                         0.000     0.000 r  data_reg_reg[1]/C
    SLICE_X0Y60          FDRE (Prop_fdre_C_Q)         0.419     0.419 r  data_reg_reg[1]/Q
                         net (fo=4, routed)           1.978     2.397    number_o_OBUF[1]
    V17                  OBUF (Prop_obuf_I_O)         2.820     5.216 r  number_o_OBUF[1]_inst/O
                         net (fo=0)                   0.000     5.216    number_o[1]
    V17                                                               r  number_o[1] (OUT)
  -------------------------------------------------------------------    -------------------

Slack:                    inf
  Source:                 data_reg_reg[9]_lopt_replica/C
                            (rising edge-triggered cell FDRE)
  Destination:            number_o[9]
                            (output port)
  Path Group:             (none)
  Path Type:              Max at Slow Process Corner
  Data Path Delay:        5.119ns  (logic 3.103ns (60.618%)  route 2.016ns (39.382%))
  Logic Levels:           2  (FDRE=1 OBUF=1)

    Location             Delay type                Incr(ns)  Path(ns)    Netlist Resource(s)
  -------------------------------------------------------------------    -------------------
    SLICE_X1Y63          FDRE                         0.000     0.000 r  data_reg_reg[9]_lopt_replica/C
    SLICE_X1Y63          FDRE (Prop_fdre_C_Q)         0.456     0.456 r  data_reg_reg[9]_lopt_replica/Q
                         net (fo=1, routed)           2.016     2.472    data_reg_reg[9]_lopt_replica_1
    T15                  OBUF (Prop_obuf_I_O)         2.647     5.119 r  number_o_OBUF[9]_inst/O
                         net (fo=0)                   0.000     5.119    number_o[9]
    T15                                                               r  number_o[9] (OUT)
  -------------------------------------------------------------------    -------------------

Slack:                    inf
  Source:                 data_reg_reg[5]_lopt_replica/C
                            (rising edge-triggered cell FDRE)
  Destination:            number_o[5]
                            (output port)
  Path Group:             (none)
  Path Type:              Max at Slow Process Corner
  Data Path Delay:        5.102ns  (logic 3.235ns (63.394%)  route 1.868ns (36.606%))
  Logic Levels:           2  (FDRE=1 OBUF=1)

    Location             Delay type                Incr(ns)  Path(ns)    Netlist Resource(s)
  -------------------------------------------------------------------    -------------------
    SLICE_X0Y63          FDRE                         0.000     0.000 r  data_reg_reg[5]_lopt_replica/C
    SLICE_X0Y63          FDRE (Prop_fdre_C_Q)         0.419     0.419 r  data_reg_reg[5]_lopt_replica/Q
                         net (fo=1, routed)           1.868     2.287    data_reg_reg[5]_lopt_replica_1
    V16                  OBUF (Prop_obuf_I_O)         2.816     5.102 r  number_o_OBUF[5]_inst/O
                         net (fo=0)                   0.000     5.102    number_o[5]
    V16                                                               r  number_o[5] (OUT)
  -------------------------------------------------------------------    -------------------

Slack:                    inf
  Source:                 data_reg_reg[7]_lopt_replica/C
                            (rising edge-triggered cell FDRE)
  Destination:            number_o[7]
                            (output port)
  Path Group:             (none)
  Path Type:              Max at Slow Process Corner
  Data Path Delay:        5.073ns  (logic 3.216ns (63.405%)  route 1.856ns (36.595%))
  Logic Levels:           2  (FDRE=1 OBUF=1)

    Location             Delay type                Incr(ns)  Path(ns)    Netlist Resource(s)
  -------------------------------------------------------------------    -------------------
    SLICE_X0Y63          FDRE                         0.000     0.000 r  data_reg_reg[7]_lopt_replica/C
    SLICE_X0Y63          FDRE (Prop_fdre_C_Q)         0.419     0.419 r  data_reg_reg[7]_lopt_replica/Q
                         net (fo=1, routed)           1.856     2.275    data_reg_reg[7]_lopt_replica_1
    T16                  OBUF (Prop_obuf_I_O)         2.797     5.073 r  number_o_OBUF[7]_inst/O
                         net (fo=0)                   0.000     5.073    number_o[7]
    T16                                                               r  number_o[7] (OUT)
  -------------------------------------------------------------------    -------------------

Slack:                    inf
  Source:                 data_reg_reg[4]_lopt_replica/C
                            (rising edge-triggered cell FDRE)
  Destination:            number_o[4]
                            (output port)
  Path Group:             (none)
  Path Type:              Max at Slow Process Corner
  Data Path Delay:        4.972ns  (logic 3.104ns (62.426%)  route 1.868ns (37.574%))
  Logic Levels:           2  (FDRE=1 OBUF=1)

    Location             Delay type                Incr(ns)  Path(ns)    Netlist Resource(s)
  -------------------------------------------------------------------    -------------------
    SLICE_X0Y63          FDRE                         0.000     0.000 r  data_reg_reg[4]_lopt_replica/C
    SLICE_X0Y63          FDRE (Prop_fdre_C_Q)         0.456     0.456 r  data_reg_reg[4]_lopt_replica/Q
                         net (fo=1, routed)           1.868     2.324    data_reg_reg[4]_lopt_replica_1
    U17                  OBUF (Prop_obuf_I_O)         2.648     4.972 r  number_o_OBUF[4]_inst/O
                         net (fo=0)                   0.000     4.972    number_o[4]
    U17                                                               r  number_o[4] (OUT)
  -------------------------------------------------------------------    -------------------

Slack:                    inf
  Source:                 data_reg_reg[8]_lopt_replica/C
                            (rising edge-triggered cell FDRE)
  Destination:            number_o[8]
                            (output port)
  Path Group:             (none)
  Path Type:              Max at Slow Process Corner
  Data Path Delay:        4.956ns  (logic 3.086ns (62.261%)  route 1.870ns (37.739%))
  Logic Levels:           2  (FDRE=1 OBUF=1)

    Location             Delay type                Incr(ns)  Path(ns)    Netlist Resource(s)
  -------------------------------------------------------------------    -------------------
    SLICE_X1Y63          FDRE                         0.000     0.000 r  data_reg_reg[8]_lopt_replica/C
    SLICE_X1Y63          FDRE (Prop_fdre_C_Q)         0.456     0.456 r  data_reg_reg[8]_lopt_replica/Q
                         net (fo=1, routed)           1.870     2.326    data_reg_reg[8]_lopt_replica_1
    R16                  OBUF (Prop_obuf_I_O)         2.630     4.956 r  number_o_OBUF[8]_inst/O
                         net (fo=0)                   0.000     4.956    number_o[8]
    R16                                                               r  number_o[8] (OUT)
  -------------------------------------------------------------------    -------------------

Slack:                    inf
  Source:                 data_reg_reg[3]_lopt_replica/C
                            (rising edge-triggered cell FDRE)
  Destination:            number_o[3]
                            (output port)
  Path Group:             (none)
  Path Type:              Max at Slow Process Corner
  Data Path Delay:        4.910ns  (logic 3.098ns (63.089%)  route 1.812ns (36.911%))
  Logic Levels:           2  (FDRE=1 OBUF=1)

    Location             Delay type                Incr(ns)  Path(ns)    Netlist Resource(s)
  -------------------------------------------------------------------    -------------------
    SLICE_X0Y63          FDRE                         0.000     0.000 r  data_reg_reg[3]_lopt_replica/C
    SLICE_X0Y63          FDRE (Prop_fdre_C_Q)         0.456     0.456 r  data_reg_reg[3]_lopt_replica/Q
                         net (fo=1, routed)           1.812     2.268    data_reg_reg[3]_lopt_replica_1
    U18                  OBUF (Prop_obuf_I_O)         2.642     4.910 r  number_o_OBUF[3]_inst/O
                         net (fo=0)                   0.000     4.910    number_o[3]
    U18                                                               r  number_o[3] (OUT)
  -------------------------------------------------------------------    -------------------

Slack:                    inf
  Source:                 data_reg_reg[0]/C
                            (rising edge-triggered cell FDRE)
  Destination:            number_o[0]
                            (output port)
  Path Group:             (none)
  Path Type:              Max at Slow Process Corner
  Data Path Delay:        4.807ns  (logic 3.110ns (64.687%)  route 1.698ns (35.313%))
  Logic Levels:           2  (FDRE=1 OBUF=1)

    Location             Delay type                Incr(ns)  Path(ns)    Netlist Resource(s)
  -------------------------------------------------------------------    -------------------
    SLICE_X0Y60          FDRE                         0.000     0.000 r  data_reg_reg[0]/C
    SLICE_X0Y60          FDRE (Prop_fdre_C_Q)         0.456     0.456 r  data_reg_reg[0]/Q
                         net (fo=3, routed)           1.698     2.154    number_o_OBUF[0]
    T11                  OBUF (Prop_obuf_I_O)         2.654     4.807 r  number_o_OBUF[0]_inst/O
                         net (fo=0)                   0.000     4.807    number_o[0]
    T11                                                               r  number_o[0] (OUT)
  -------------------------------------------------------------------    -------------------

Slack:                    inf
  Source:                 data_reg_reg[2]_lopt_replica/C
                            (rising edge-triggered cell FDRE)
  Destination:            number_o[2]
                            (output port)
  Path Group:             (none)
  Path Type:              Max at Slow Process Corner
  Data Path Delay:        4.776ns  (logic 3.104ns (64.994%)  route 1.672ns (35.006%))
  Logic Levels:           2  (FDRE=1 OBUF=1)

    Location             Delay type                Incr(ns)  Path(ns)    Netlist Resource(s)
  -------------------------------------------------------------------    -------------------
    SLICE_X0Y63          FDRE                         0.000     0.000 r  data_reg_reg[2]_lopt_replica/C
    SLICE_X0Y63          FDRE (Prop_fdre_C_Q)         0.456     0.456 r  data_reg_reg[2]_lopt_replica/Q
                         net (fo=1, routed)           1.672     2.128    data_reg_reg[2]_lopt_replica_1
    U16                  OBUF (Prop_obuf_I_O)         2.648     4.776 r  number_o_OBUF[2]_inst/O
                         net (fo=0)                   0.000     4.776    number_o[2]
    U16                                                               r  number_o[2] (OUT)
  -------------------------------------------------------------------    -------------------





Min Delay Paths
--------------------------------------------------------------------------------------
Slack:                    inf
  Source:                 data_reg_reg[0]/C
                            (rising edge-triggered cell FDRE)
  Destination:            data_reg_reg[1]/D
  Path Group:             (none)
  Path Type:              Min at Fast Process Corner
  Data Path Delay:        0.230ns  (logic 0.141ns (61.402%)  route 0.089ns (38.598%))
  Logic Levels:           1  (FDRE=1)

    Location             Delay type                Incr(ns)  Path(ns)    Netlist Resource(s)
  -------------------------------------------------------------------    -------------------
    SLICE_X0Y60          FDRE                         0.000     0.000 r  data_reg_reg[0]/C
    SLICE_X0Y60          FDRE (Prop_fdre_C_Q)         0.141     0.141 r  data_reg_reg[0]/Q
                         net (fo=3, routed)           0.089     0.230    number_o_OBUF[0]
    SLICE_X0Y60          FDRE                                         r  data_reg_reg[1]/D
  -------------------------------------------------------------------    -------------------

Slack:                    inf
  Source:                 data_reg_reg[2]/C
                            (rising edge-triggered cell FDRE)
  Destination:            data_reg_reg[3]_lopt_replica/D
  Path Group:             (none)
  Path Type:              Min at Fast Process Corner
  Data Path Delay:        0.327ns  (logic 0.141ns (43.086%)  route 0.186ns (56.914%))
  Logic Levels:           1  (FDRE=1)

    Location             Delay type                Incr(ns)  Path(ns)    Netlist Resource(s)
  -------------------------------------------------------------------    -------------------
    SLICE_X1Y63          FDRE                         0.000     0.000 r  data_reg_reg[2]/C
    SLICE_X1Y63          FDRE (Prop_fdre_C_Q)         0.141     0.141 r  data_reg_reg[2]/Q
                         net (fo=3, routed)           0.186     0.327    number_o_OBUF[2]
    SLICE_X0Y63          FDRE                                         r  data_reg_reg[3]_lopt_replica/D
  -------------------------------------------------------------------    -------------------

Slack:                    inf
  Source:                 data_reg_reg[6]/C
                            (rising edge-triggered cell FDRE)
  Destination:            data_reg_reg[7]_lopt_replica/D
  Path Group:             (none)
  Path Type:              Min at Fast Process Corner
  Data Path Delay:        0.336ns  (logic 0.141ns (41.954%)  route 0.195ns (58.046%))
  Logic Levels:           1  (FDRE=1)

    Location             Delay type                Incr(ns)  Path(ns)    Netlist Resource(s)
  -------------------------------------------------------------------    -------------------
    SLICE_X0Y60          FDRE                         0.000     0.000 r  data_reg_reg[6]/C
    SLICE_X0Y60          FDRE (Prop_fdre_C_Q)         0.141     0.141 r  data_reg_reg[6]/Q
                         net (fo=3, routed)           0.195     0.336    number_o_OBUF[6]
    SLICE_X0Y63          FDRE                                         r  data_reg_reg[7]_lopt_replica/D
  -------------------------------------------------------------------    -------------------

Slack:                    inf
  Source:                 data_reg_reg[1]/C
                            (rising edge-triggered cell FDRE)
  Destination:            data_reg_reg[2]_lopt_replica/D
  Path Group:             (none)
  Path Type:              Min at Fast Process Corner
  Data Path Delay:        0.336ns  (logic 0.128ns (38.057%)  route 0.208ns (61.943%))
  Logic Levels:           1  (FDRE=1)

    Location             Delay type                Incr(ns)  Path(ns)    Netlist Resource(s)
  -------------------------------------------------------------------    -------------------
    SLICE_X0Y60          FDRE                         0.000     0.000 r  data_reg_reg[1]/C
    SLICE_X0Y60          FDRE (Prop_fdre_C_Q)         0.128     0.128 r  data_reg_reg[1]/Q
                         net (fo=4, routed)           0.208     0.336    number_o_OBUF[1]
    SLICE_X0Y63          FDRE                                         r  data_reg_reg[2]_lopt_replica/D
  -------------------------------------------------------------------    -------------------

Slack:                    inf
  Source:                 data_reg_reg[1]/C
                            (rising edge-triggered cell FDRE)
  Destination:            data_reg_reg[2]/D
  Path Group:             (none)
  Path Type:              Min at Fast Process Corner
  Data Path Delay:        0.382ns  (logic 0.128ns (33.492%)  route 0.254ns (66.508%))
  Logic Levels:           1  (FDRE=1)

    Location             Delay type                Incr(ns)  Path(ns)    Netlist Resource(s)
  -------------------------------------------------------------------    -------------------
    SLICE_X0Y60          FDRE                         0.000     0.000 r  data_reg_reg[1]/C
    SLICE_X0Y60          FDRE (Prop_fdre_C_Q)         0.128     0.128 r  data_reg_reg[1]/Q
                         net (fo=4, routed)           0.254     0.382    number_o_OBUF[1]
    SLICE_X1Y63          FDRE                                         r  data_reg_reg[2]/D
  -------------------------------------------------------------------    -------------------

Slack:                    inf
  Source:                 data_reg_reg[8]/C
                            (rising edge-triggered cell FDRE)
  Destination:            data_reg_reg[9]/D
  Path Group:             (none)
  Path Type:              Min at Fast Process Corner
  Data Path Delay:        0.384ns  (logic 0.141ns (36.730%)  route 0.243ns (63.270%))
  Logic Levels:           1  (FDRE=1)

    Location             Delay type                Incr(ns)  Path(ns)    Netlist Resource(s)
  -------------------------------------------------------------------    -------------------
    SLICE_X1Y63          FDRE                         0.000     0.000 r  data_reg_reg[8]/C
    SLICE_X1Y63          FDRE (Prop_fdre_C_Q)         0.141     0.141 r  data_reg_reg[8]/Q
                         net (fo=3, routed)           0.243     0.384    number_o_OBUF[8]
    SLICE_X0Y60          FDRE                                         r  data_reg_reg[9]/D
  -------------------------------------------------------------------    -------------------

Slack:                    inf
  Source:                 data_reg_reg[6]/C
                            (rising edge-triggered cell FDRE)
  Destination:            data_reg_reg[7]/D
  Path Group:             (none)
  Path Type:              Min at Fast Process Corner
  Data Path Delay:        0.396ns  (logic 0.141ns (35.574%)  route 0.255ns (64.426%))
  Logic Levels:           1  (FDRE=1)

    Location             Delay type                Incr(ns)  Path(ns)    Netlist Resource(s)
  -------------------------------------------------------------------    -------------------
    SLICE_X0Y60          FDRE                         0.000     0.000 r  data_reg_reg[6]/C
    SLICE_X0Y60          FDRE (Prop_fdre_C_Q)         0.141     0.141 r  data_reg_reg[6]/Q
                         net (fo=3, routed)           0.255     0.396    number_o_OBUF[6]
    SLICE_X0Y63          FDRE                                         r  data_reg_reg[7]/D
  -------------------------------------------------------------------    -------------------

Slack:                    inf
  Source:                 data_reg_reg[4]/C
                            (rising edge-triggered cell FDRE)
  Destination:            data_reg_reg[5]_lopt_replica/D
  Path Group:             (none)
  Path Type:              Min at Fast Process Corner
  Data Path Delay:        0.414ns  (logic 0.141ns (34.036%)  route 0.273ns (65.964%))
  Logic Levels:           1  (FDRE=1)

    Location             Delay type                Incr(ns)  Path(ns)    Netlist Resource(s)
  -------------------------------------------------------------------    -------------------
    SLICE_X0Y60          FDRE                         0.000     0.000 r  data_reg_reg[4]/C
    SLICE_X0Y60          FDRE (Prop_fdre_C_Q)         0.141     0.141 r  data_reg_reg[4]/Q
                         net (fo=3, routed)           0.273     0.414    number_o_OBUF[4]
    SLICE_X0Y63          FDRE                                         r  data_reg_reg[5]_lopt_replica/D
  -------------------------------------------------------------------    -------------------

Slack:                    inf
  Source:                 data_reg_reg[4]/C
                            (rising edge-triggered cell FDRE)
  Destination:            data_reg_reg[5]/D
  Path Group:             (none)
  Path Type:              Min at Fast Process Corner
  Data Path Delay:        0.452ns  (logic 0.141ns (31.181%)  route 0.311ns (68.819%))
  Logic Levels:           1  (FDRE=1)

    Location             Delay type                Incr(ns)  Path(ns)    Netlist Resource(s)
  -------------------------------------------------------------------    -------------------
    SLICE_X0Y60          FDRE                         0.000     0.000 r  data_reg_reg[4]/C
    SLICE_X0Y60          FDRE (Prop_fdre_C_Q)         0.141     0.141 r  data_reg_reg[4]/Q
                         net (fo=3, routed)           0.311     0.452    number_o_OBUF[4]
    SLICE_X0Y60          FDRE                                         r  data_reg_reg[5]/D
  -------------------------------------------------------------------    -------------------

Slack:                    inf
  Source:                 data_reg_reg[8]/C
                            (rising edge-triggered cell FDRE)
  Destination:            data_reg_reg[9]_lopt_replica/D
  Path Group:             (none)
  Path Type:              Min at Fast Process Corner
  Data Path Delay:        0.464ns  (logic 0.141ns (30.370%)  route 0.323ns (69.630%))
  Logic Levels:           1  (FDRE=1)

    Location             Delay type                Incr(ns)  Path(ns)    Netlist Resource(s)
  -------------------------------------------------------------------    -------------------
    SLICE_X1Y63          FDRE                         0.000     0.000 r  data_reg_reg[8]/C
    SLICE_X1Y63          FDRE (Prop_fdre_C_Q)         0.141     0.141 r  data_reg_reg[8]/Q
                         net (fo=3, routed)           0.323     0.464    number_o_OBUF[8]
    SLICE_X1Y63          FDRE                                         r  data_reg_reg[9]_lopt_replica/D
  -------------------------------------------------------------------    -------------------





