
*** Running vivado
    with args -log spi_master.vds -m64 -product Vivado -mode batch -messageDb vivado.pb -notrace -source spi_master.tcl



****** Vivado v2025.1 (64-bit)
  **** SW Build 6140274 on Thu May 22 00:12:29 MDT 2025
  **** IP Build 6138677 on Thu May 22 03:10:11 MDT 2025
  **** SharedData Build 6139179 on Tue May 20 17:58:58 MDT 2025
  **** Start of session at: Thu Aug 21 18:06:09 2025
    ** Copyright 1986-2022 Xilinx, Inc. All Rights Reserved.
    ** Copyright 2022-2025 Advanced Micro Devices, Inc. All Rights Reserved.

source spi_master.tcl -notrace
Command: read_checkpoint -auto_incremental -incremental {C:/Users/Yusuf Soylu/Desktop/Vivado Projeleri/ders_16_SPI/ders_16_SPI.srcs/utils_1/imports/synth_1/spi_master.dcp}
INFO: [Vivado 12-5825] Read reference checkpoint from C:/Users/Yusuf Soylu/Desktop/Vivado Projeleri/ders_16_SPI/ders_16_SPI.srcs/utils_1/imports/synth_1/spi_master.dcp for incremental synthesis
INFO: [Vivado 12-7989] Please ensure there are no constraint changes
Command: synth_design -top spi_master -part xc7a100tcsg324-1
Starting synth_design
Attempting to get a license for feature 'Synthesis' and/or device 'xc7a100t'
INFO: [Common 17-349] Got license for feature 'Synthesis' and/or device 'xc7a100t'
INFO: [Designutils 20-5440] No compile time benefit to using incremental synthesis; A full resynthesis will be run
INFO: [Designutils 20-4379] Flow is switching to default flow due to incremental criteria not met. If you would like to alter this behaviour and have the flow terminate instead, please set the following parameter config_implementation {autoIncr.Synth.RejectBehavior Terminate}
INFO: [Synth 8-7079] Multithreading enabled for synth_design using a maximum of 2 processes.
INFO: [Synth 8-7078] Launching helper process for spawning children vivado processes
INFO: [Synth 8-7075] Helper process launched with PID 12440
---------------------------------------------------------------------------------
Starting Synthesize : Time (s): cpu = 00:00:10 ; elapsed = 00:00:11 . Memory (MB): peak = 1064.289 ; gain = 496.840
---------------------------------------------------------------------------------
INFO: [Synth 8-638] synthesizing module 'spi_master' [C:/Users/Yusuf Soylu/Desktop/Vivado Projeleri/ders_16_SPI/ders_16_SPI.srcs/sources_1/new/spi_master.vhd:25]
INFO: [Synth 8-226] default block is never used [C:/Users/Yusuf Soylu/Desktop/Vivado Projeleri/ders_16_SPI/ders_16_SPI.srcs/sources_1/new/spi_master.vhd:54]
INFO: [Synth 8-256] done synthesizing module 'spi_master' (0#1) [C:/Users/Yusuf Soylu/Desktop/Vivado Projeleri/ders_16_SPI/ders_16_SPI.srcs/sources_1/new/spi_master.vhd:25]
---------------------------------------------------------------------------------
Finished Synthesize : Time (s): cpu = 00:00:12 ; elapsed = 00:00:15 . Memory (MB): peak = 1171.816 ; gain = 604.367
---------------------------------------------------------------------------------
---------------------------------------------------------------------------------
Finished Constraint Validation : Time (s): cpu = 00:00:14 ; elapsed = 00:00:16 . Memory (MB): peak = 1171.816 ; gain = 604.367
---------------------------------------------------------------------------------
---------------------------------------------------------------------------------
Start Loading Part and Timing Information
---------------------------------------------------------------------------------
Loading part: xc7a100tcsg324-1
---------------------------------------------------------------------------------
Finished Loading Part and Timing Information : Time (s): cpu = 00:00:14 ; elapsed = 00:00:16 . Memory (MB): peak = 1171.816 ; gain = 604.367
INFO: [Device 21-403] Loading part xc7a100tcsg324-1
---------------------------------------------------------------------------------
---------------------------------------------------------------------------------
Finished RTL Optimization Phase 2 : Time (s): cpu = 00:00:14 ; elapsed = 00:00:17 . Memory (MB): peak = 1171.816 ; gain = 604.367
---------------------------------------------------------------------------------
No constraint files found.
---------------------------------------------------------------------------------
Start RTL Component Statistics 
---------------------------------------------------------------------------------
Detailed RTL Component Info : 
+---Adders : 
	   2 Input    6 Bit       Adders := 1     
	   2 Input    4 Bit       Adders := 1     
+---Registers : 
	                8 Bit    Registers := 3     
	                6 Bit    Registers := 1     
	                4 Bit    Registers := 1     
	                1 Bit    Registers := 9     
+---Muxes : 
	   2 Input    8 Bit        Muxes := 5     
	   2 Input    4 Bit        Muxes := 1     
	   3 Input    4 Bit        Muxes := 1     
	   2 Input    1 Bit        Muxes := 44    
---------------------------------------------------------------------------------
Finished RTL Component Statistics 
---------------------------------------------------------------------------------
---------------------------------------------------------------------------------
Start Part Resource Summary
---------------------------------------------------------------------------------
Part Resources:
DSPs: 240 (col length:80)
BRAMs: 270 (col length: RAMB18 80 RAMB36 40)
---------------------------------------------------------------------------------
Finished Part Resource Summary
---------------------------------------------------------------------------------
No constraint files found.
---------------------------------------------------------------------------------
Start Cross Boundary and Area Optimization
---------------------------------------------------------------------------------
WARNING: [Synth 8-7080] Parallel synthesis criteria is not met
---------------------------------------------------------------------------------
Finished Cross Boundary and Area Optimization : Time (s): cpu = 00:00:21 ; elapsed = 00:00:26 . Memory (MB): peak = 1380.617 ; gain = 813.168
---------------------------------------------------------------------------------
No constraint files found.
---------------------------------------------------------------------------------
Start Timing Optimization
---------------------------------------------------------------------------------
---------------------------------------------------------------------------------
Finished Timing Optimization : Time (s): cpu = 00:00:21 ; elapsed = 00:00:27 . Memory (MB): peak = 1380.617 ; gain = 813.168
---------------------------------------------------------------------------------
---------------------------------------------------------------------------------
Start Technology Mapping
---------------------------------------------------------------------------------
---------------------------------------------------------------------------------
Finished Technology Mapping : Time (s): cpu = 00:00:21 ; elapsed = 00:00:27 . Memory (MB): peak = 1386.680 ; gain = 819.230
---------------------------------------------------------------------------------
---------------------------------------------------------------------------------
Start IO Insertion
---------------------------------------------------------------------------------
---------------------------------------------------------------------------------
Start Flattening Before IO Insertion
---------------------------------------------------------------------------------
---------------------------------------------------------------------------------
Finished Flattening Before IO Insertion
---------------------------------------------------------------------------------
---------------------------------------------------------------------------------
Start Final Netlist Cleanup
---------------------------------------------------------------------------------
---------------------------------------------------------------------------------
Finished Final Netlist Cleanup
---------------------------------------------------------------------------------
---------------------------------------------------------------------------------
Finished IO Insertion : Time (s): cpu = 00:00:28 ; elapsed = 00:00:35 . Memory (MB): peak = 1596.797 ; gain = 1029.348
---------------------------------------------------------------------------------
---------------------------------------------------------------------------------
Start Renaming Generated Instances
---------------------------------------------------------------------------------
---------------------------------------------------------------------------------
Finished Renaming Generated Instances : Time (s): cpu = 00:00:28 ; elapsed = 00:00:35 . Memory (MB): peak = 1596.797 ; gain = 1029.348
---------------------------------------------------------------------------------
---------------------------------------------------------------------------------
Start Rebuilding User Hierarchy
---------------------------------------------------------------------------------
---------------------------------------------------------------------------------
Finished Rebuilding User Hierarchy : Time (s): cpu = 00:00:28 ; elapsed = 00:00:35 . Memory (MB): peak = 1596.797 ; gain = 1029.348
---------------------------------------------------------------------------------
---------------------------------------------------------------------------------
Start Renaming Generated Ports
---------------------------------------------------------------------------------
---------------------------------------------------------------------------------
Finished Renaming Generated Ports : Time (s): cpu = 00:00:28 ; elapsed = 00:00:35 . Memory (MB): peak = 1596.797 ; gain = 1029.348
---------------------------------------------------------------------------------
---------------------------------------------------------------------------------
Start Handling Custom Attributes
---------------------------------------------------------------------------------
---------------------------------------------------------------------------------
Finished Handling Custom Attributes : Time (s): cpu = 00:00:28 ; elapsed = 00:00:35 . Memory (MB): peak = 1596.797 ; gain = 1029.348
---------------------------------------------------------------------------------
---------------------------------------------------------------------------------
Start Renaming Generated Nets
---------------------------------------------------------------------------------
---------------------------------------------------------------------------------
Finished Renaming Generated Nets : Time (s): cpu = 00:00:28 ; elapsed = 00:00:35 . Memory (MB): peak = 1596.797 ; gain = 1029.348
---------------------------------------------------------------------------------
---------------------------------------------------------------------------------
Start Writing Synthesis Report
---------------------------------------------------------------------------------

Report BlackBoxes: 
+-+--------------+----------+
| |BlackBox name |Instances |
+-+--------------+----------+
+-+--------------+----------+

Report Cell Usage: 
+------+-----+------+
|      |Cell |Count |
+------+-----+------+
|1     |BUFG |     1|
|2     |LUT1 |     1|
|3     |LUT2 |     4|
|4     |LUT3 |    13|
|5     |LUT4 |     3|
|6     |LUT5 |     6|
|7     |LUT6 |    11|
|8     |FDRE |    42|
|9     |FDSE |     1|
|10    |IBUF |    11|
|11    |OBUF |    12|
+------+-----+------+

Report Instance Areas: 
+------+---------+-------+------+
|      |Instance |Module |Cells |
+------+---------+-------+------+
|1     |top      |       |   105|
+------+---------+-------+------+
---------------------------------------------------------------------------------
Finished Writing Synthesis Report : Time (s): cpu = 00:00:28 ; elapsed = 00:00:35 . Memory (MB): peak = 1596.797 ; gain = 1029.348
---------------------------------------------------------------------------------
Synthesis finished with 0 errors, 0 critical warnings and 1 warnings.
Synthesis Optimization Runtime : Time (s): cpu = 00:00:28 ; elapsed = 00:00:35 . Memory (MB): peak = 1596.797 ; gain = 1029.348
Synthesis Optimization Complete : Time (s): cpu = 00:00:28 ; elapsed = 00:00:35 . Memory (MB): peak = 1596.797 ; gain = 1029.348
INFO: [Project 1-571] Translating synthesized netlist
Netlist sorting complete. Time (s): cpu = 00:00:00 ; elapsed = 00:00:00.001 . Memory (MB): peak = 1610.902 ; gain = 0.000
INFO: [Project 1-570] Preparing netlist for logic optimization
INFO: [Opt 31-138] Pushed 0 inverter(s) to 0 load pin(s).
Netlist sorting complete. Time (s): cpu = 00:00:00 ; elapsed = 00:00:00 . Memory (MB): peak = 1727.422 ; gain = 0.000
INFO: [Project 1-111] Unisim Transformation Summary:
No Unisim elements were transformed.

Synth Design complete | Checksum: 60ebf52b
INFO: [Common 17-83] Releasing license: Synthesis
17 Infos, 1 Warnings, 0 Critical Warnings and 0 Errors encountered.
synth_design completed successfully
synth_design: Time (s): cpu = 00:00:32 ; elapsed = 00:00:40 . Memory (MB): peak = 1727.422 ; gain = 1167.961
Write ShapeDB Complete: Time (s): cpu = 00:00:00 ; elapsed = 00:00:00.002 . Memory (MB): peak = 1727.422 ; gain = 0.000
INFO: [Common 17-1381] The checkpoint 'C:/Users/Yusuf Soylu/Desktop/Vivado Projeleri/ders_16_SPI/ders_16_SPI.runs/synth_1/spi_master.dcp' has been generated.
INFO: [Vivado 12-24828] Executing command : report_utilization -file spi_master_utilization_synth.rpt -pb spi_master_utilization_synth.pb
INFO: [Common 17-206] Exiting Vivado at Thu Aug 21 18:06:56 2025...
