Copyright 1986-2022 Xilinx, Inc. All Rights Reserved. Copyright 2022-2024 Advanced Micro Devices, Inc. All Rights Reserved.
---------------------------------------------------------------------------------------------------------------------------------------------------------------------------------------------------------------
| Tool Version : Vivado v.2024.2 (win64) Build 5239630 Fri Nov 08 22:35:27 MST 2024
| Date         : Mon Jun 23 14:57:34 2025
| Host         : YusufSoylu running 64-bit major release  (build 9200)
| Command      : report_timing_summary -max_paths 10 -report_unconstrained -file mux2x1_timing_summary_routed.rpt -pb mux2x1_timing_summary_routed.pb -rpx mux2x1_timing_summary_routed.rpx -warn_on_violation
| Design       : mux2x1
| Device       : 7a100t-csg324
| Speed File   : -1  PRODUCTION 1.23 2018-06-13
| Design State : Routed
---------------------------------------------------------------------------------------------------------------------------------------------------------------------------------------------------------------

Timing Summary Report

------------------------------------------------------------------------------------------------
| Timer Settings
| --------------
------------------------------------------------------------------------------------------------

  Enable Multi Corner Analysis               :  Yes
  Enable Pessimism Removal                   :  Yes
  Pessimism Removal Resolution               :  Nearest Common Node
  Enable Input Delay Default Clock           :  No
  Enable Preset / Clear Arcs                 :  No
  Disable Flight Delays                      :  No
  Ignore I/O Paths                           :  No
  Timing Early Launch at Borrowing Latches   :  No
  Borrow Time for Max Delay Exceptions       :  Yes
  Merge Timing Exceptions                    :  Yes
  Inter-SLR Compensation                     :  Conservative

  Corner  Analyze    Analyze    
  Name    Max Paths  Min Paths  
  ------  ---------  ---------  
  Slow    Yes        Yes        
  Fast    Yes        Yes        


------------------------------------------------------------------------------------------------
| Report Methodology
| ------------------
------------------------------------------------------------------------------------------------

No report available as report_methodology has not been run prior. Run report_methodology on the current design for the summary of methodology violations.



check_timing report

Table of Contents
-----------------
1. checking no_clock (0)
2. checking constant_clock (0)
3. checking pulse_width_clock (0)
4. checking unconstrained_internal_endpoints (0)
5. checking no_input_delay (0)
6. checking no_output_delay (0)
7. checking multiple_clock (0)
8. checking generated_clocks (0)
9. checking loops (0)
10. checking partial_input_delay (0)
11. checking partial_output_delay (0)
12. checking latch_loops (0)

1. checking no_clock (0)
------------------------
 There are 0 register/latch pins with no clock.


2. checking constant_clock (0)
------------------------------
 There are 0 register/latch pins with constant_clock.


3. checking pulse_width_clock (0)
---------------------------------
 There are 0 register/latch pins which need pulse_width check


4. checking unconstrained_internal_endpoints (0)
------------------------------------------------
 There are 0 pins that are not constrained for maximum delay.

 There are 0 pins that are not constrained for maximum delay due to constant clock.


5. checking no_input_delay (0)
------------------------------
 There are 0 input ports with no input delay specified.

 There are 0 input ports with no input delay but user has a false path constraint.


6. checking no_output_delay (0)
-------------------------------
 There are 0 ports with no output delay specified.

 There are 0 ports with no output delay but user has a false path constraint

 There are 0 ports with no output delay but with a timing clock defined on it or propagating through it


7. checking multiple_clock (0)
------------------------------
 There are 0 register/latch pins with multiple clocks.


8. checking generated_clocks (0)
--------------------------------
 There are 0 generated clocks that are not connected to a clock source.


9. checking loops (0)
---------------------
 There are 0 combinational loops in the design.


10. checking partial_input_delay (0)
------------------------------------
 There are 0 input ports with partial input delay specified.


11. checking partial_output_delay (0)
-------------------------------------
 There are 0 ports with partial output delay specified.


12. checking latch_loops (0)
----------------------------
 There are 0 combinational latch loops in the design through latch input



------------------------------------------------------------------------------------------------
| Design Timing Summary
| ---------------------
------------------------------------------------------------------------------------------------

    WNS(ns)      TNS(ns)  TNS Failing Endpoints  TNS Total Endpoints      WHS(ns)      THS(ns)  THS Failing Endpoints  THS Total Endpoints     WPWS(ns)     TPWS(ns)  TPWS Failing Endpoints  TPWS Total Endpoints  
    -------      -------  ---------------------  -------------------      -------      -------  ---------------------  -------------------     --------     --------  ----------------------  --------------------  
        inf        0.000                      0                    3          inf        0.000                      0                    3           NA           NA                      NA                    NA  


There are no user specified timing constraints.


------------------------------------------------------------------------------------------------
| Clock Summary
| -------------
------------------------------------------------------------------------------------------------


------------------------------------------------------------------------------------------------
| Intra Clock Table
| -----------------
------------------------------------------------------------------------------------------------

Clock             WNS(ns)      TNS(ns)  TNS Failing Endpoints  TNS Total Endpoints      WHS(ns)      THS(ns)  THS Failing Endpoints  THS Total Endpoints     WPWS(ns)     TPWS(ns)  TPWS Failing Endpoints  TPWS Total Endpoints  
-----             -------      -------  ---------------------  -------------------      -------      -------  ---------------------  -------------------     --------     --------  ----------------------  --------------------  


------------------------------------------------------------------------------------------------
| Inter Clock Table
| -----------------
------------------------------------------------------------------------------------------------

From Clock    To Clock          WNS(ns)      TNS(ns)  TNS Failing Endpoints  TNS Total Endpoints      WHS(ns)      THS(ns)  THS Failing Endpoints  THS Total Endpoints  
----------    --------          -------      -------  ---------------------  -------------------      -------      -------  ---------------------  -------------------  


------------------------------------------------------------------------------------------------
| Other Path Groups Table
| -----------------------
------------------------------------------------------------------------------------------------

Path Group    From Clock    To Clock          WNS(ns)      TNS(ns)  TNS Failing Endpoints  TNS Total Endpoints      WHS(ns)      THS(ns)  THS Failing Endpoints  THS Total Endpoints  
----------    ----------    --------          -------      -------  ---------------------  -------------------      -------      -------  ---------------------  -------------------  


------------------------------------------------------------------------------------------------
| User Ignored Path Table
| -----------------------
------------------------------------------------------------------------------------------------

Path Group    From Clock    To Clock    
----------    ----------    --------    


------------------------------------------------------------------------------------------------
| Unconstrained Path Table
| ------------------------
------------------------------------------------------------------------------------------------

Path Group    From Clock    To Clock    
----------    ----------    --------    
(none)                                    


------------------------------------------------------------------------------------------------
| Timing Details
| --------------
------------------------------------------------------------------------------------------------


--------------------------------------------------------------------------------------
Path Group:  (none)
From Clock:  
  To Clock:  

Max Delay             3 Endpoints
Min Delay             3 Endpoints
--------------------------------------------------------------------------------------


Max Delay Paths
--------------------------------------------------------------------------------------
Slack:                    inf
  Source:                 a_i
                            (input port)
  Destination:            q1_o
                            (output port)
  Path Group:             (none)
  Path Type:              Max at Slow Process Corner
  Data Path Delay:        7.212ns  (logic 3.773ns (52.318%)  route 3.439ns (47.682%))
  Logic Levels:           3  (IBUF=1 LUT3=1 OBUF=1)

    Location             Delay type                Incr(ns)  Path(ns)    Netlist Resource(s)
  -------------------------------------------------------------------    -------------------
    R10                                               0.000     0.000 r  a_i (IN)
                         net (fo=0)                   0.000     0.000    a_i
    R10                  IBUF (Prop_ibuf_I_O)         0.986     0.986 r  a_i_IBUF_inst/O
                         net (fo=1, routed)           1.577     2.562    a_i_IBUF
    SLICE_X0Y54          LUT3 (Prop_lut3_I0_O)        0.124     2.686 r  q1_o_OBUF_inst_i_1/O
                         net (fo=1, routed)           1.862     4.548    q1_o_OBUF
    V12                  OBUF (Prop_obuf_I_O)         2.663     7.212 r  q1_o_OBUF_inst/O
                         net (fo=0)                   0.000     7.212    q1_o
    V12                                                               r  q1_o (OUT)
  -------------------------------------------------------------------    -------------------

Slack:                    inf
  Source:                 s2_i
                            (input port)
  Destination:            q2_o
                            (output port)
  Path Group:             (none)
  Path Type:              Max at Slow Process Corner
  Data Path Delay:        7.036ns  (logic 3.794ns (53.930%)  route 3.241ns (46.070%))
  Logic Levels:           3  (IBUF=1 LUT3=1 OBUF=1)

    Location             Delay type                Incr(ns)  Path(ns)    Netlist Resource(s)
  -------------------------------------------------------------------    -------------------
    V11                                               0.000     0.000 r  s2_i (IN)
                         net (fo=0)                   0.000     0.000    s2_i
    V11                  IBUF (Prop_ibuf_I_O)         0.999     0.999 r  s2_i_IBUF_inst/O
                         net (fo=1, routed)           1.379     2.379    s2_i_IBUF
    SLICE_X0Y55          LUT3 (Prop_lut3_I2_O)        0.124     2.503 r  q2_o_OBUF_inst_i_1/O
                         net (fo=1, routed)           1.862     4.365    q2_o_OBUF
    U12                  OBUF (Prop_obuf_I_O)         2.671     7.036 r  q2_o_OBUF_inst/O
                         net (fo=0)                   0.000     7.036    q2_o
    U12                                                               r  q2_o (OUT)
  -------------------------------------------------------------------    -------------------

Slack:                    inf
  Source:                 f_i
                            (input port)
  Destination:            q3_o
                            (output port)
  Path Group:             (none)
  Path Type:              Max at Slow Process Corner
  Data Path Delay:        6.688ns  (logic 3.766ns (56.314%)  route 2.921ns (43.686%))
  Logic Levels:           3  (IBUF=1 LUT3=1 OBUF=1)

    Location             Delay type                Incr(ns)  Path(ns)    Netlist Resource(s)
  -------------------------------------------------------------------    -------------------
    V14                                               0.000     0.000 r  f_i (IN)
                         net (fo=0)                   0.000     0.000    f_i
    V14                  IBUF (Prop_ibuf_I_O)         0.984     0.984 r  f_i_IBUF_inst/O
                         net (fo=1, routed)           1.212     2.197    f_i_IBUF
    SLICE_X0Y57          LUT3 (Prop_lut3_I1_O)        0.124     2.321 r  q3_o_OBUF_inst_i_1/O
                         net (fo=1, routed)           1.709     4.030    q3_o_OBUF
    U11                  OBUF (Prop_obuf_I_O)         2.658     6.688 r  q3_o_OBUF_inst/O
                         net (fo=0)                   0.000     6.688    q3_o
    U11                                                               r  q3_o (OUT)
  -------------------------------------------------------------------    -------------------





Min Delay Paths
--------------------------------------------------------------------------------------
Slack:                    inf
  Source:                 s3_i
                            (input port)
  Destination:            q3_o
                            (output port)
  Path Group:             (none)
  Path Type:              Min at Fast Process Corner
  Data Path Delay:        2.149ns  (logic 1.457ns (67.775%)  route 0.693ns (32.225%))
  Logic Levels:           3  (IBUF=1 LUT3=1 OBUF=1)

    Location             Delay type                Incr(ns)  Path(ns)    Netlist Resource(s)
  -------------------------------------------------------------------    -------------------
    V10                                               0.000     0.000 r  s3_i (IN)
                         net (fo=0)                   0.000     0.000    s3_i
    V10                  IBUF (Prop_ibuf_I_O)         0.238     0.238 r  s3_i_IBUF_inst/O
                         net (fo=1, routed)           0.342     0.579    s3_i_IBUF
    SLICE_X0Y57          LUT3 (Prop_lut3_I2_O)        0.045     0.624 r  q3_o_OBUF_inst_i_1/O
                         net (fo=1, routed)           0.351     0.975    q3_o_OBUF
    U11                  OBUF (Prop_obuf_I_O)         1.174     2.149 r  q3_o_OBUF_inst/O
                         net (fo=0)                   0.000     2.149    q3_o
    U11                                                               r  q3_o (OUT)
  -------------------------------------------------------------------    -------------------

Slack:                    inf
  Source:                 c_i
                            (input port)
  Destination:            q2_o
                            (output port)
  Path Group:             (none)
  Path Type:              Min at Fast Process Corner
  Data Path Delay:        2.275ns  (logic 1.466ns (64.414%)  route 0.810ns (35.586%))
  Logic Levels:           3  (IBUF=1 LUT3=1 OBUF=1)

    Location             Delay type                Incr(ns)  Path(ns)    Netlist Resource(s)
  -------------------------------------------------------------------    -------------------
    T9                                                0.000     0.000 r  c_i (IN)
                         net (fo=0)                   0.000     0.000    c_i
    T9                   IBUF (Prop_ibuf_I_O)         0.233     0.233 r  c_i_IBUF_inst/O
                         net (fo=1, routed)           0.410     0.643    c_i_IBUF
    SLICE_X0Y55          LUT3 (Prop_lut3_I0_O)        0.045     0.688 r  q2_o_OBUF_inst_i_1/O
                         net (fo=1, routed)           0.400     1.088    q2_o_OBUF
    U12                  OBUF (Prop_obuf_I_O)         1.188     2.275 r  q2_o_OBUF_inst/O
                         net (fo=0)                   0.000     2.275    q2_o
    U12                                                               r  q2_o (OUT)
  -------------------------------------------------------------------    -------------------

Slack:                    inf
  Source:                 b_i
                            (input port)
  Destination:            q1_o
                            (output port)
  Path Group:             (none)
  Path Type:              Min at Fast Process Corner
  Data Path Delay:        2.342ns  (logic 1.460ns (62.352%)  route 0.882ns (37.648%))
  Logic Levels:           3  (IBUF=1 LUT3=1 OBUF=1)

    Location             Delay type                Incr(ns)  Path(ns)    Netlist Resource(s)
  -------------------------------------------------------------------    -------------------
    T10                                               0.000     0.000 r  b_i (IN)
                         net (fo=0)                   0.000     0.000    b_i
    T10                  IBUF (Prop_ibuf_I_O)         0.236     0.236 r  b_i_IBUF_inst/O
                         net (fo=1, routed)           0.482     0.718    b_i_IBUF
    SLICE_X0Y54          LUT3 (Prop_lut3_I2_O)        0.045     0.763 r  q1_o_OBUF_inst_i_1/O
                         net (fo=1, routed)           0.400     1.162    q1_o_OBUF
    V12                  OBUF (Prop_obuf_I_O)         1.180     2.342 r  q1_o_OBUF_inst/O
                         net (fo=0)                   0.000     2.342    q1_o
    V12                                                               r  q1_o (OUT)
  -------------------------------------------------------------------    -------------------





