Copyright 1986-2022 Xilinx, Inc. All Rights Reserved. Copyright 2022-2025 Advanced Micro Devices, Inc. All Rights Reserved.
---------------------------------------------------------------------------------------------------------------------------------------------
| Tool Version : Vivado v.2025.1 (win64) Build 6140274 Thu May 22 00:12:29 MDT 2025
| Date         : Sun Aug  3 14:08:32 2025
| Host         : Yusuf-Soylu running 64-bit major release  (build 9200)
| Command      : report_control_sets -verbose -file top_control_sets_placed.rpt
| Design       : top
| Device       : xc7a100t
---------------------------------------------------------------------------------------------------------------------------------------------

Control Set Information

Table of Contents
-----------------
1. Summary
2. Histogram
3. Flip-Flop Distribution
4. Detailed Control Set Information

1. Summary
----------

+----------------------------------------------------------+-------+
|                          Status                          | Count |
+----------------------------------------------------------+-------+
| Total control sets                                       |     6 |
|    Minimum number of control sets                        |     6 |
|    Addition due to synthesis replication                 |     0 |
|    Addition due to physical synthesis replication        |     0 |
| Unused register locations in slices containing registers |    22 |
+----------------------------------------------------------+-------+
* Control sets can be merged at opt_design using control_set_merge or merge_equivalent_drivers
** Run report_qor_suggestions for automated merging and remapping suggestions


2. Histogram
------------

+--------------------+-------+
|       Fanout       | Count |
+--------------------+-------+
| Total control sets |     6 |
| >= 0 to < 4        |     1 |
| >= 4 to < 6        |     1 |
| >= 6 to < 8        |     1 |
| >= 8 to < 10       |     1 |
| >= 10 to < 12      |     0 |
| >= 12 to < 14      |     1 |
| >= 14 to < 16      |     0 |
| >= 16              |     1 |
+--------------------+-------+
* Control sets can be remapped at either synth_design or opt_design


3. Flip-Flop Distribution
-------------------------

+--------------+-----------------------+------------------------+-----------------+--------------+
| Clock Enable | Synchronous Set/Reset | Asynchronous Set/Reset | Total Registers | Total Slices |
+--------------+-----------------------+------------------------+-----------------+--------------+
| No           | No                    | No                     |              13 |            4 |
| No           | No                    | Yes                    |               0 |            0 |
| No           | Yes                   | No                     |              17 |            5 |
| Yes          | No                    | No                     |              16 |            7 |
| Yes          | No                    | Yes                    |               0 |            0 |
| Yes          | Yes                   | No                     |               4 |            2 |
+--------------+-----------------------+------------------------+-----------------+--------------+


4. Detailed Control Set Information
-----------------------------------

+--------------------+------------------------+-------------------------------+------------------+----------------+--------------+
|    Clock Signal    |      Enable Signal     |        Set/Reset Signal       | Slice Load Count | Bel Load Count | Bels / Slice |
+--------------------+------------------------+-------------------------------+------------------+----------------+--------------+
|  top_clk_IBUF_BUFG | i_uart_tx/tx_o_i_1_n_0 |                               |                1 |              1 |         1.00 |
|  top_clk_IBUF_BUFG | i_uart_tx/bittimer_1   | i_uart_tx/bittimer[6]_i_1_n_0 |                2 |              4 |         2.00 |
|  top_clk_IBUF_BUFG | i_uart_tx/bittimer_1   |                               |                4 |              7 |         1.75 |
|  top_clk_IBUF_BUFG | i_uart_tx/shreg_0      |                               |                2 |              8 |         4.00 |
|  top_clk_IBUF_BUFG |                        |                               |                4 |             13 |         3.25 |
|  top_clk_IBUF_BUFG |                        | ort_buton/timer[0]_i_1_n_0    |                5 |             17 |         3.40 |
+--------------------+------------------------+-------------------------------+------------------+----------------+--------------+


