Copyright 1986-2022 Xilinx, Inc. All Rights Reserved. Copyright 2022-2025 Advanced Micro Devices, Inc. All Rights Reserved.
---------------------------------------------------------------------------------------------------------------------------------------------------------------------------------------------------------------------
| Tool Version : Vivado v.2025.1 (win64) Build 6140274 Thu May 22 00:12:29 MDT 2025
| Date         : Sun Aug  3 14:08:54 2025
| Host         : Yusuf-Soylu running 64-bit major release  (build 9200)
| Command      : report_timing_summary -max_paths 10 -routable_nets -report_unconstrained -file top_timing_summary_routed.rpt -pb top_timing_summary_routed.pb -rpx top_timing_summary_routed.rpx -warn_on_violation
| Design       : top
| Device       : 7a100t-csg324
| Speed File   : -1  PRODUCTION 1.23 2018-06-13
| Design State : Routed
---------------------------------------------------------------------------------------------------------------------------------------------------------------------------------------------------------------------

Timing Summary Report

------------------------------------------------------------------------------------------------
| Timer Settings
| --------------
------------------------------------------------------------------------------------------------

  Enable Multi Corner Analysis               :  Yes
  Enable Pessimism Removal                   :  Yes
  Pessimism Removal Resolution               :  Nearest Common Node
  Enable Input Delay Default Clock           :  No
  Enable Preset / Clear Arcs                 :  No
  Disable Flight Delays                      :  No
  Ignore I/O Paths                           :  No
  Timing Early Launch at Borrowing Latches   :  No
  Borrow Time for Max Delay Exceptions       :  Yes
  Merge Timing Exceptions                    :  Yes
  Inter-SLR Compensation                     :  Conservative

  Corner  Analyze    Analyze    
  Name    Max Paths  Min Paths  
  ------  ---------  ---------  
  Slow    Yes        Yes        
  Fast    Yes        Yes        


------------------------------------------------------------------------------------------------
| Report Methodology
| ------------------
------------------------------------------------------------------------------------------------

Rule       Severity          Description                  Violations  
---------  ----------------  ---------------------------  ----------  
TIMING-17  Critical Warning  Non-clocked sequential cell  50          

Note: This report is based on the most recent report_methodology run and may not be up-to-date. Run report_methodology on the current design for the latest report.



check_timing report

Table of Contents
-----------------
1. checking no_clock (50)
2. checking constant_clock (0)
3. checking pulse_width_clock (0)
4. checking unconstrained_internal_endpoints (91)
5. checking no_input_delay (9)
6. checking no_output_delay (1)
7. checking multiple_clock (0)
8. checking generated_clocks (0)
9. checking loops (0)
10. checking partial_input_delay (0)
11. checking partial_output_delay (0)
12. checking latch_loops (0)

1. checking no_clock (50)
-------------------------
 There are 50 register/latch pins with no clock driven by root clock pin: top_clk (HIGH)


2. checking constant_clock (0)
------------------------------
 There are 0 register/latch pins with constant_clock.


3. checking pulse_width_clock (0)
---------------------------------
 There are 0 register/latch pins which need pulse_width check


4. checking unconstrained_internal_endpoints (91)
-------------------------------------------------
 There are 91 pins that are not constrained for maximum delay. (HIGH)

 There are 0 pins that are not constrained for maximum delay due to constant clock.


5. checking no_input_delay (9)
------------------------------
 There are 9 input ports with no input delay specified. (HIGH)

 There are 0 input ports with no input delay but user has a false path constraint.


6. checking no_output_delay (1)
-------------------------------
 There is 1 port with no output delay specified. (HIGH)

 There are 0 ports with no output delay but user has a false path constraint

 There are 0 ports with no output delay but with a timing clock defined on it or propagating through it


7. checking multiple_clock (0)
------------------------------
 There are 0 register/latch pins with multiple clocks.


8. checking generated_clocks (0)
--------------------------------
 There are 0 generated clocks that are not connected to a clock source.


9. checking loops (0)
---------------------
 There are 0 combinational loops in the design.


10. checking partial_input_delay (0)
------------------------------------
 There are 0 input ports with partial input delay specified.


11. checking partial_output_delay (0)
-------------------------------------
 There are 0 ports with partial output delay specified.


12. checking latch_loops (0)
----------------------------
 There are 0 combinational latch loops in the design through latch input



------------------------------------------------------------------------------------------------
| Design Timing Summary
| ---------------------
------------------------------------------------------------------------------------------------

    WNS(ns)      TNS(ns)  TNS Failing Endpoints  TNS Total Endpoints      WHS(ns)      THS(ns)  THS Failing Endpoints  THS Total Endpoints     WPWS(ns)     TPWS(ns)  TPWS Failing Endpoints  TPWS Total Endpoints  
    -------      -------  ---------------------  -------------------      -------      -------  ---------------------  -------------------     --------     --------  ----------------------  --------------------  
        inf        0.000                      0                   92          inf        0.000                      0                   92           NA           NA                      NA                    NA  


There are no user specified timing constraints.


------------------------------------------------------------------------------------------------
| Clock Summary
| -------------
------------------------------------------------------------------------------------------------


------------------------------------------------------------------------------------------------
| Intra Clock Table
| -----------------
------------------------------------------------------------------------------------------------

Clock             WNS(ns)      TNS(ns)  TNS Failing Endpoints  TNS Total Endpoints      WHS(ns)      THS(ns)  THS Failing Endpoints  THS Total Endpoints     WPWS(ns)     TPWS(ns)  TPWS Failing Endpoints  TPWS Total Endpoints  
-----             -------      -------  ---------------------  -------------------      -------      -------  ---------------------  -------------------     --------     --------  ----------------------  --------------------  


------------------------------------------------------------------------------------------------
| Inter Clock Table
| -----------------
------------------------------------------------------------------------------------------------

From Clock    To Clock          WNS(ns)      TNS(ns)  TNS Failing Endpoints  TNS Total Endpoints      WHS(ns)      THS(ns)  THS Failing Endpoints  THS Total Endpoints  
----------    --------          -------      -------  ---------------------  -------------------      -------      -------  ---------------------  -------------------  


------------------------------------------------------------------------------------------------
| Other Path Groups Table
| -----------------------
------------------------------------------------------------------------------------------------

Path Group    From Clock    To Clock          WNS(ns)      TNS(ns)  TNS Failing Endpoints  TNS Total Endpoints      WHS(ns)      THS(ns)  THS Failing Endpoints  THS Total Endpoints  
----------    ----------    --------          -------      -------  ---------------------  -------------------      -------      -------  ---------------------  -------------------  


------------------------------------------------------------------------------------------------
| User Ignored Path Table
| -----------------------
------------------------------------------------------------------------------------------------

Path Group    From Clock    To Clock    
----------    ----------    --------    


------------------------------------------------------------------------------------------------
| Unconstrained Path Table
| ------------------------
------------------------------------------------------------------------------------------------

Path Group    From Clock    To Clock    
----------    ----------    --------    
(none)                                    


------------------------------------------------------------------------------------------------
| Timing Details
| --------------
------------------------------------------------------------------------------------------------


--------------------------------------------------------------------------------------
Path Group:  (none)
From Clock:  
  To Clock:  

Max Delay            92 Endpoints
Min Delay            92 Endpoints
--------------------------------------------------------------------------------------


Max Delay Paths
--------------------------------------------------------------------------------------
Slack:                    inf
  Source:                 i_uart_tx/tx_o_reg/C
                            (rising edge-triggered cell FDRE)
  Destination:            top_tx_o
                            (output port)
  Path Group:             (none)
  Path Type:              Max at Slow Process Corner
  Data Path Delay:        4.975ns  (logic 3.119ns (62.697%)  route 1.856ns (37.303%))
  Logic Levels:           2  (FDRE=1 OBUF=1)

    Location             Delay type                Incr(ns)  Path(ns)    Netlist Resource(s)
  -------------------------------------------------------------------    -------------------
    SLICE_X0Y53          FDRE                         0.000     0.000 r  i_uart_tx/tx_o_reg/C
    SLICE_X0Y53          FDRE (Prop_fdre_C_Q)         0.456     0.456 r  i_uart_tx/tx_o_reg/Q
                         net (fo=1, routed)           1.856     2.312    top_tx_o_OBUF
    V12                  OBUF (Prop_obuf_I_O)         2.663     4.975 r  top_tx_o_OBUF_inst/O
                         net (fo=0)                   0.000     4.975    top_tx_o
    V12                                                               r  top_tx_o (OUT)
  -------------------------------------------------------------------    -------------------

Slack:                    inf
  Source:                 i_uart_tx/bittimer_reg[0]/C
                            (rising edge-triggered cell FDRE)
  Destination:            i_uart_tx/shreg_reg[0]/CE
  Path Group:             (none)
  Path Type:              Max at Slow Process Corner
  Data Path Delay:        4.824ns  (logic 1.350ns (27.983%)  route 3.474ns (72.017%))
  Logic Levels:           4  (FDRE=1 LUT4=1 LUT5=2)

    Location             Delay type                Incr(ns)  Path(ns)    Netlist Resource(s)
  -------------------------------------------------------------------    -------------------
    SLICE_X2Y54          FDRE                         0.000     0.000 r  i_uart_tx/bittimer_reg[0]/C
    SLICE_X2Y54          FDRE (Prop_fdre_C_Q)         0.518     0.518 r  i_uart_tx/bittimer_reg[0]/Q
                         net (fo=11, routed)          1.057     1.575    i_uart_tx/bittimer_reg_n_0_[0]
    SLICE_X3Y53          LUT4 (Prop_lut4_I1_O)        0.152     1.727 f  i_uart_tx/FSM_sequential_state[1]_i_6/O
                         net (fo=1, routed)           0.825     2.552    i_uart_tx/FSM_sequential_state[1]_i_6_n_0
    SLICE_X4Y53          LUT5 (Prop_lut5_I4_O)        0.354     2.906 f  i_uart_tx/FSM_sequential_state[1]_i_3/O
                         net (fo=7, routed)           1.060     3.966    i_uart_tx/FSM_sequential_state[1]_i_3_n_0
    SLICE_X0Y53          LUT5 (Prop_lut5_I1_O)        0.326     4.292 r  i_uart_tx/shreg[7]_i_1/O
                         net (fo=8, routed)           0.532     4.824    i_uart_tx/shreg_0
    SLICE_X0Y52          FDRE                                         r  i_uart_tx/shreg_reg[0]/CE
  -------------------------------------------------------------------    -------------------

Slack:                    inf
  Source:                 i_uart_tx/bittimer_reg[0]/C
                            (rising edge-triggered cell FDRE)
  Destination:            i_uart_tx/shreg_reg[1]/CE
  Path Group:             (none)
  Path Type:              Max at Slow Process Corner
  Data Path Delay:        4.824ns  (logic 1.350ns (27.983%)  route 3.474ns (72.017%))
  Logic Levels:           4  (FDRE=1 LUT4=1 LUT5=2)

    Location             Delay type                Incr(ns)  Path(ns)    Netlist Resource(s)
  -------------------------------------------------------------------    -------------------
    SLICE_X2Y54          FDRE                         0.000     0.000 r  i_uart_tx/bittimer_reg[0]/C
    SLICE_X2Y54          FDRE (Prop_fdre_C_Q)         0.518     0.518 r  i_uart_tx/bittimer_reg[0]/Q
                         net (fo=11, routed)          1.057     1.575    i_uart_tx/bittimer_reg_n_0_[0]
    SLICE_X3Y53          LUT4 (Prop_lut4_I1_O)        0.152     1.727 f  i_uart_tx/FSM_sequential_state[1]_i_6/O
                         net (fo=1, routed)           0.825     2.552    i_uart_tx/FSM_sequential_state[1]_i_6_n_0
    SLICE_X4Y53          LUT5 (Prop_lut5_I4_O)        0.354     2.906 f  i_uart_tx/FSM_sequential_state[1]_i_3/O
                         net (fo=7, routed)           1.060     3.966    i_uart_tx/FSM_sequential_state[1]_i_3_n_0
    SLICE_X0Y53          LUT5 (Prop_lut5_I1_O)        0.326     4.292 r  i_uart_tx/shreg[7]_i_1/O
                         net (fo=8, routed)           0.532     4.824    i_uart_tx/shreg_0
    SLICE_X0Y52          FDRE                                         r  i_uart_tx/shreg_reg[1]/CE
  -------------------------------------------------------------------    -------------------

Slack:                    inf
  Source:                 i_uart_tx/bittimer_reg[0]/C
                            (rising edge-triggered cell FDRE)
  Destination:            i_uart_tx/shreg_reg[2]/CE
  Path Group:             (none)
  Path Type:              Max at Slow Process Corner
  Data Path Delay:        4.824ns  (logic 1.350ns (27.983%)  route 3.474ns (72.017%))
  Logic Levels:           4  (FDRE=1 LUT4=1 LUT5=2)

    Location             Delay type                Incr(ns)  Path(ns)    Netlist Resource(s)
  -------------------------------------------------------------------    -------------------
    SLICE_X2Y54          FDRE                         0.000     0.000 r  i_uart_tx/bittimer_reg[0]/C
    SLICE_X2Y54          FDRE (Prop_fdre_C_Q)         0.518     0.518 r  i_uart_tx/bittimer_reg[0]/Q
                         net (fo=11, routed)          1.057     1.575    i_uart_tx/bittimer_reg_n_0_[0]
    SLICE_X3Y53          LUT4 (Prop_lut4_I1_O)        0.152     1.727 f  i_uart_tx/FSM_sequential_state[1]_i_6/O
                         net (fo=1, routed)           0.825     2.552    i_uart_tx/FSM_sequential_state[1]_i_6_n_0
    SLICE_X4Y53          LUT5 (Prop_lut5_I4_O)        0.354     2.906 f  i_uart_tx/FSM_sequential_state[1]_i_3/O
                         net (fo=7, routed)           1.060     3.966    i_uart_tx/FSM_sequential_state[1]_i_3_n_0
    SLICE_X0Y53          LUT5 (Prop_lut5_I1_O)        0.326     4.292 r  i_uart_tx/shreg[7]_i_1/O
                         net (fo=8, routed)           0.532     4.824    i_uart_tx/shreg_0
    SLICE_X0Y52          FDRE                                         r  i_uart_tx/shreg_reg[2]/CE
  -------------------------------------------------------------------    -------------------

Slack:                    inf
  Source:                 i_uart_tx/bittimer_reg[0]/C
                            (rising edge-triggered cell FDRE)
  Destination:            i_uart_tx/shreg_reg[3]/CE
  Path Group:             (none)
  Path Type:              Max at Slow Process Corner
  Data Path Delay:        4.824ns  (logic 1.350ns (27.983%)  route 3.474ns (72.017%))
  Logic Levels:           4  (FDRE=1 LUT4=1 LUT5=2)

    Location             Delay type                Incr(ns)  Path(ns)    Netlist Resource(s)
  -------------------------------------------------------------------    -------------------
    SLICE_X2Y54          FDRE                         0.000     0.000 r  i_uart_tx/bittimer_reg[0]/C
    SLICE_X2Y54          FDRE (Prop_fdre_C_Q)         0.518     0.518 r  i_uart_tx/bittimer_reg[0]/Q
                         net (fo=11, routed)          1.057     1.575    i_uart_tx/bittimer_reg_n_0_[0]
    SLICE_X3Y53          LUT4 (Prop_lut4_I1_O)        0.152     1.727 f  i_uart_tx/FSM_sequential_state[1]_i_6/O
                         net (fo=1, routed)           0.825     2.552    i_uart_tx/FSM_sequential_state[1]_i_6_n_0
    SLICE_X4Y53          LUT5 (Prop_lut5_I4_O)        0.354     2.906 f  i_uart_tx/FSM_sequential_state[1]_i_3/O
                         net (fo=7, routed)           1.060     3.966    i_uart_tx/FSM_sequential_state[1]_i_3_n_0
    SLICE_X0Y53          LUT5 (Prop_lut5_I1_O)        0.326     4.292 r  i_uart_tx/shreg[7]_i_1/O
                         net (fo=8, routed)           0.532     4.824    i_uart_tx/shreg_0
    SLICE_X0Y52          FDRE                                         r  i_uart_tx/shreg_reg[3]/CE
  -------------------------------------------------------------------    -------------------

Slack:                    inf
  Source:                 i_uart_tx/bittimer_reg[0]/C
                            (rising edge-triggered cell FDRE)
  Destination:            i_uart_tx/shreg_reg[4]/CE
  Path Group:             (none)
  Path Type:              Max at Slow Process Corner
  Data Path Delay:        4.819ns  (logic 1.350ns (28.016%)  route 3.469ns (71.984%))
  Logic Levels:           4  (FDRE=1 LUT4=1 LUT5=2)

    Location             Delay type                Incr(ns)  Path(ns)    Netlist Resource(s)
  -------------------------------------------------------------------    -------------------
    SLICE_X2Y54          FDRE                         0.000     0.000 r  i_uart_tx/bittimer_reg[0]/C
    SLICE_X2Y54          FDRE (Prop_fdre_C_Q)         0.518     0.518 r  i_uart_tx/bittimer_reg[0]/Q
                         net (fo=11, routed)          1.057     1.575    i_uart_tx/bittimer_reg_n_0_[0]
    SLICE_X3Y53          LUT4 (Prop_lut4_I1_O)        0.152     1.727 f  i_uart_tx/FSM_sequential_state[1]_i_6/O
                         net (fo=1, routed)           0.825     2.552    i_uart_tx/FSM_sequential_state[1]_i_6_n_0
    SLICE_X4Y53          LUT5 (Prop_lut5_I4_O)        0.354     2.906 f  i_uart_tx/FSM_sequential_state[1]_i_3/O
                         net (fo=7, routed)           1.060     3.966    i_uart_tx/FSM_sequential_state[1]_i_3_n_0
    SLICE_X0Y53          LUT5 (Prop_lut5_I1_O)        0.326     4.292 r  i_uart_tx/shreg[7]_i_1/O
                         net (fo=8, routed)           0.526     4.819    i_uart_tx/shreg_0
    SLICE_X0Y54          FDRE                                         r  i_uart_tx/shreg_reg[4]/CE
  -------------------------------------------------------------------    -------------------

Slack:                    inf
  Source:                 i_uart_tx/bittimer_reg[0]/C
                            (rising edge-triggered cell FDRE)
  Destination:            i_uart_tx/shreg_reg[5]/CE
  Path Group:             (none)
  Path Type:              Max at Slow Process Corner
  Data Path Delay:        4.819ns  (logic 1.350ns (28.016%)  route 3.469ns (71.984%))
  Logic Levels:           4  (FDRE=1 LUT4=1 LUT5=2)

    Location             Delay type                Incr(ns)  Path(ns)    Netlist Resource(s)
  -------------------------------------------------------------------    -------------------
    SLICE_X2Y54          FDRE                         0.000     0.000 r  i_uart_tx/bittimer_reg[0]/C
    SLICE_X2Y54          FDRE (Prop_fdre_C_Q)         0.518     0.518 r  i_uart_tx/bittimer_reg[0]/Q
                         net (fo=11, routed)          1.057     1.575    i_uart_tx/bittimer_reg_n_0_[0]
    SLICE_X3Y53          LUT4 (Prop_lut4_I1_O)        0.152     1.727 f  i_uart_tx/FSM_sequential_state[1]_i_6/O
                         net (fo=1, routed)           0.825     2.552    i_uart_tx/FSM_sequential_state[1]_i_6_n_0
    SLICE_X4Y53          LUT5 (Prop_lut5_I4_O)        0.354     2.906 f  i_uart_tx/FSM_sequential_state[1]_i_3/O
                         net (fo=7, routed)           1.060     3.966    i_uart_tx/FSM_sequential_state[1]_i_3_n_0
    SLICE_X0Y53          LUT5 (Prop_lut5_I1_O)        0.326     4.292 r  i_uart_tx/shreg[7]_i_1/O
                         net (fo=8, routed)           0.526     4.819    i_uart_tx/shreg_0
    SLICE_X0Y54          FDRE                                         r  i_uart_tx/shreg_reg[5]/CE
  -------------------------------------------------------------------    -------------------

Slack:                    inf
  Source:                 i_uart_tx/bittimer_reg[0]/C
                            (rising edge-triggered cell FDRE)
  Destination:            i_uart_tx/shreg_reg[6]/CE
  Path Group:             (none)
  Path Type:              Max at Slow Process Corner
  Data Path Delay:        4.819ns  (logic 1.350ns (28.016%)  route 3.469ns (71.984%))
  Logic Levels:           4  (FDRE=1 LUT4=1 LUT5=2)

    Location             Delay type                Incr(ns)  Path(ns)    Netlist Resource(s)
  -------------------------------------------------------------------    -------------------
    SLICE_X2Y54          FDRE                         0.000     0.000 r  i_uart_tx/bittimer_reg[0]/C
    SLICE_X2Y54          FDRE (Prop_fdre_C_Q)         0.518     0.518 r  i_uart_tx/bittimer_reg[0]/Q
                         net (fo=11, routed)          1.057     1.575    i_uart_tx/bittimer_reg_n_0_[0]
    SLICE_X3Y53          LUT4 (Prop_lut4_I1_O)        0.152     1.727 f  i_uart_tx/FSM_sequential_state[1]_i_6/O
                         net (fo=1, routed)           0.825     2.552    i_uart_tx/FSM_sequential_state[1]_i_6_n_0
    SLICE_X4Y53          LUT5 (Prop_lut5_I4_O)        0.354     2.906 f  i_uart_tx/FSM_sequential_state[1]_i_3/O
                         net (fo=7, routed)           1.060     3.966    i_uart_tx/FSM_sequential_state[1]_i_3_n_0
    SLICE_X0Y53          LUT5 (Prop_lut5_I1_O)        0.326     4.292 r  i_uart_tx/shreg[7]_i_1/O
                         net (fo=8, routed)           0.526     4.819    i_uart_tx/shreg_0
    SLICE_X0Y54          FDRE                                         r  i_uart_tx/shreg_reg[6]/CE
  -------------------------------------------------------------------    -------------------

Slack:                    inf
  Source:                 i_uart_tx/bittimer_reg[0]/C
                            (rising edge-triggered cell FDRE)
  Destination:            i_uart_tx/shreg_reg[7]/CE
  Path Group:             (none)
  Path Type:              Max at Slow Process Corner
  Data Path Delay:        4.819ns  (logic 1.350ns (28.016%)  route 3.469ns (71.984%))
  Logic Levels:           4  (FDRE=1 LUT4=1 LUT5=2)

    Location             Delay type                Incr(ns)  Path(ns)    Netlist Resource(s)
  -------------------------------------------------------------------    -------------------
    SLICE_X2Y54          FDRE                         0.000     0.000 r  i_uart_tx/bittimer_reg[0]/C
    SLICE_X2Y54          FDRE (Prop_fdre_C_Q)         0.518     0.518 r  i_uart_tx/bittimer_reg[0]/Q
                         net (fo=11, routed)          1.057     1.575    i_uart_tx/bittimer_reg_n_0_[0]
    SLICE_X3Y53          LUT4 (Prop_lut4_I1_O)        0.152     1.727 f  i_uart_tx/FSM_sequential_state[1]_i_6/O
                         net (fo=1, routed)           0.825     2.552    i_uart_tx/FSM_sequential_state[1]_i_6_n_0
    SLICE_X4Y53          LUT5 (Prop_lut5_I4_O)        0.354     2.906 f  i_uart_tx/FSM_sequential_state[1]_i_3/O
                         net (fo=7, routed)           1.060     3.966    i_uart_tx/FSM_sequential_state[1]_i_3_n_0
    SLICE_X0Y53          LUT5 (Prop_lut5_I1_O)        0.326     4.292 r  i_uart_tx/shreg[7]_i_1/O
                         net (fo=8, routed)           0.526     4.819    i_uart_tx/shreg_0
    SLICE_X0Y54          FDRE                                         r  i_uart_tx/shreg_reg[7]/CE
  -------------------------------------------------------------------    -------------------

Slack:                    inf
  Source:                 i_uart_tx/bittimer_reg[0]/C
                            (rising edge-triggered cell FDRE)
  Destination:            i_uart_tx/bitcounter_reg[2]/D
  Path Group:             (none)
  Path Type:              Max at Slow Process Corner
  Data Path Delay:        4.125ns  (logic 1.350ns (32.724%)  route 2.775ns (67.276%))
  Logic Levels:           4  (FDRE=1 LUT4=1 LUT5=1 LUT6=1)

    Location             Delay type                Incr(ns)  Path(ns)    Netlist Resource(s)
  -------------------------------------------------------------------    -------------------
    SLICE_X2Y54          FDRE                         0.000     0.000 r  i_uart_tx/bittimer_reg[0]/C
    SLICE_X2Y54          FDRE (Prop_fdre_C_Q)         0.518     0.518 f  i_uart_tx/bittimer_reg[0]/Q
                         net (fo=11, routed)          1.057     1.575    i_uart_tx/bittimer_reg_n_0_[0]
    SLICE_X3Y53          LUT4 (Prop_lut4_I1_O)        0.152     1.727 r  i_uart_tx/FSM_sequential_state[1]_i_6/O
                         net (fo=1, routed)           0.825     2.552    i_uart_tx/FSM_sequential_state[1]_i_6_n_0
    SLICE_X4Y53          LUT5 (Prop_lut5_I4_O)        0.354     2.906 r  i_uart_tx/FSM_sequential_state[1]_i_3/O
                         net (fo=7, routed)           0.893     3.799    i_uart_tx/FSM_sequential_state[1]_i_3_n_0
    SLICE_X1Y53          LUT6 (Prop_lut6_I3_O)        0.326     4.125 r  i_uart_tx/bitcounter[2]_i_1/O
                         net (fo=1, routed)           0.000     4.125    i_uart_tx/bitcounter[2]_i_1_n_0
    SLICE_X1Y53          FDRE                                         r  i_uart_tx/bitcounter_reg[2]/D
  -------------------------------------------------------------------    -------------------





Min Delay Paths
--------------------------------------------------------------------------------------
Slack:                    inf
  Source:                 ort_buton/timer_tick_reg/C
                            (rising edge-triggered cell FDRE)
  Destination:            ort_buton/FSM_sequential_state_reg[0]/D
  Path Group:             (none)
  Path Type:              Min at Fast Process Corner
  Data Path Delay:        0.255ns  (logic 0.186ns (72.832%)  route 0.069ns (27.168%))
  Logic Levels:           2  (FDRE=1 LUT5=1)

    Location             Delay type                Incr(ns)  Path(ns)    Netlist Resource(s)
  -------------------------------------------------------------------    -------------------
    SLICE_X1Y57          FDRE                         0.000     0.000 r  ort_buton/timer_tick_reg/C
    SLICE_X1Y57          FDRE (Prop_fdre_C_Q)         0.141     0.141 r  ort_buton/timer_tick_reg/Q
                         net (fo=4, routed)           0.069     0.210    ort_buton/timer_tick_reg_n_0
    SLICE_X0Y57          LUT5 (Prop_lut5_I1_O)        0.045     0.255 r  ort_buton/FSM_sequential_state[0]_i_1/O
                         net (fo=1, routed)           0.000     0.255    ort_buton/FSM_sequential_state[0]_i_1_n_0
    SLICE_X0Y57          FDRE                                         r  ort_buton/FSM_sequential_state_reg[0]/D
  -------------------------------------------------------------------    -------------------

Slack:                    inf
  Source:                 ort_buton/FSM_sequential_state_reg[2]/C
                            (rising edge-triggered cell FDRE)
  Destination:            ort_buton/timer_en_reg/D
  Path Group:             (none)
  Path Type:              Min at Fast Process Corner
  Data Path Delay:        0.295ns  (logic 0.227ns (77.066%)  route 0.068ns (22.934%))
  Logic Levels:           2  (FDRE=1 LUT6=1)

    Location             Delay type                Incr(ns)  Path(ns)    Netlist Resource(s)
  -------------------------------------------------------------------    -------------------
    SLICE_X1Y57          FDRE                         0.000     0.000 r  ort_buton/FSM_sequential_state_reg[2]/C
    SLICE_X1Y57          FDRE (Prop_fdre_C_Q)         0.128     0.128 r  ort_buton/FSM_sequential_state_reg[2]/Q
                         net (fo=5, routed)           0.068     0.196    ort_buton/state[2]
    SLICE_X1Y57          LUT6 (Prop_lut6_I2_O)        0.099     0.295 r  ort_buton/timer_en_i_1/O
                         net (fo=1, routed)           0.000     0.295    ort_buton/timer_en_i_1_n_0
    SLICE_X1Y57          FDRE                                         r  ort_buton/timer_en_reg/D
  -------------------------------------------------------------------    -------------------

Slack:                    inf
  Source:                 ort_buton/FSM_sequential_state_reg[0]/C
                            (rising edge-triggered cell FDRE)
  Destination:            ort_buton/FSM_sequential_state_reg[1]/D
  Path Group:             (none)
  Path Type:              Min at Fast Process Corner
  Data Path Delay:        0.305ns  (logic 0.186ns (60.985%)  route 0.119ns (39.015%))
  Logic Levels:           2  (FDRE=1 LUT5=1)

    Location             Delay type                Incr(ns)  Path(ns)    Netlist Resource(s)
  -------------------------------------------------------------------    -------------------
    SLICE_X0Y57          FDRE                         0.000     0.000 r  ort_buton/FSM_sequential_state_reg[0]/C
    SLICE_X0Y57          FDRE (Prop_fdre_C_Q)         0.141     0.141 r  ort_buton/FSM_sequential_state_reg[0]/Q
                         net (fo=5, routed)           0.119     0.260    ort_buton/state[0]
    SLICE_X1Y57          LUT5 (Prop_lut5_I4_O)        0.045     0.305 r  ort_buton/FSM_sequential_state[1]_i_1/O
                         net (fo=1, routed)           0.000     0.305    ort_buton/FSM_sequential_state[1]_i_1_n_0
    SLICE_X1Y57          FDRE                                         r  ort_buton/FSM_sequential_state_reg[1]/D
  -------------------------------------------------------------------    -------------------

Slack:                    inf
  Source:                 ort_buton/FSM_sequential_state_reg[0]/C
                            (rising edge-triggered cell FDRE)
  Destination:            ort_buton/FSM_sequential_state_reg[2]/D
  Path Group:             (none)
  Path Type:              Min at Fast Process Corner
  Data Path Delay:        0.308ns  (logic 0.189ns (61.365%)  route 0.119ns (38.635%))
  Logic Levels:           2  (FDRE=1 LUT5=1)

    Location             Delay type                Incr(ns)  Path(ns)    Netlist Resource(s)
  -------------------------------------------------------------------    -------------------
    SLICE_X0Y57          FDRE                         0.000     0.000 r  ort_buton/FSM_sequential_state_reg[0]/C
    SLICE_X0Y57          FDRE (Prop_fdre_C_Q)         0.141     0.141 r  ort_buton/FSM_sequential_state_reg[0]/Q
                         net (fo=5, routed)           0.119     0.260    ort_buton/state[0]
    SLICE_X1Y57          LUT5 (Prop_lut5_I4_O)        0.048     0.308 r  ort_buton/FSM_sequential_state[2]_i_1/O
                         net (fo=1, routed)           0.000     0.308    ort_buton/FSM_sequential_state[2]_i_1_n_0
    SLICE_X1Y57          FDRE                                         r  ort_buton/FSM_sequential_state_reg[2]/D
  -------------------------------------------------------------------    -------------------

Slack:                    inf
  Source:                 i_uart_tx/bittimer_reg[2]/C
                            (rising edge-triggered cell FDRE)
  Destination:            i_uart_tx/bittimer_reg[3]/D
  Path Group:             (none)
  Path Type:              Min at Fast Process Corner
  Data Path Delay:        0.314ns  (logic 0.209ns (66.488%)  route 0.105ns (33.512%))
  Logic Levels:           2  (FDRE=1 LUT4=1)

    Location             Delay type                Incr(ns)  Path(ns)    Netlist Resource(s)
  -------------------------------------------------------------------    -------------------
    SLICE_X2Y53          FDRE                         0.000     0.000 r  i_uart_tx/bittimer_reg[2]/C
    SLICE_X2Y53          FDRE (Prop_fdre_C_Q)         0.164     0.164 r  i_uart_tx/bittimer_reg[2]/Q
                         net (fo=9, routed)           0.105     0.269    i_uart_tx/bittimer_reg_n_0_[2]
    SLICE_X3Y53          LUT4 (Prop_lut4_I1_O)        0.045     0.314 r  i_uart_tx/bittimer[3]_i_1/O
                         net (fo=1, routed)           0.000     0.314    i_uart_tx/bittimer[3]_i_1_n_0
    SLICE_X3Y53          FDRE                                         r  i_uart_tx/bittimer_reg[3]/D
  -------------------------------------------------------------------    -------------------

Slack:                    inf
  Source:                 i_uart_tx/bittimer_reg[0]/C
                            (rising edge-triggered cell FDRE)
  Destination:            i_uart_tx/bittimer_reg[4]/D
  Path Group:             (none)
  Path Type:              Min at Fast Process Corner
  Data Path Delay:        0.314ns  (logic 0.209ns (66.488%)  route 0.105ns (33.512%))
  Logic Levels:           2  (FDRE=1 LUT5=1)

    Location             Delay type                Incr(ns)  Path(ns)    Netlist Resource(s)
  -------------------------------------------------------------------    -------------------
    SLICE_X2Y54          FDRE                         0.000     0.000 r  i_uart_tx/bittimer_reg[0]/C
    SLICE_X2Y54          FDRE (Prop_fdre_C_Q)         0.164     0.164 r  i_uart_tx/bittimer_reg[0]/Q
                         net (fo=11, routed)          0.105     0.269    i_uart_tx/bittimer_reg_n_0_[0]
    SLICE_X3Y54          LUT5 (Prop_lut5_I2_O)        0.045     0.314 r  i_uart_tx/bittimer[4]_i_1/O
                         net (fo=1, routed)           0.000     0.314    i_uart_tx/bittimer[4]
    SLICE_X3Y54          FDRE                                         r  i_uart_tx/bittimer_reg[4]/D
  -------------------------------------------------------------------    -------------------

Slack:                    inf
  Source:                 ort_buton/FSM_sequential_state_reg[1]/C
                            (rising edge-triggered cell FDRE)
  Destination:            ort_buton/signal_o_reg/D
  Path Group:             (none)
  Path Type:              Min at Fast Process Corner
  Data Path Delay:        0.317ns  (logic 0.186ns (58.642%)  route 0.131ns (41.358%))
  Logic Levels:           2  (FDRE=1 LUT4=1)

    Location             Delay type                Incr(ns)  Path(ns)    Netlist Resource(s)
  -------------------------------------------------------------------    -------------------
    SLICE_X1Y57          FDRE                         0.000     0.000 r  ort_buton/FSM_sequential_state_reg[1]/C
    SLICE_X1Y57          FDRE (Prop_fdre_C_Q)         0.141     0.141 r  ort_buton/FSM_sequential_state_reg[1]/Q
                         net (fo=5, routed)           0.131     0.272    ort_buton/state[1]
    SLICE_X0Y57          LUT4 (Prop_lut4_I1_O)        0.045     0.317 r  ort_buton/signal_o_i_1/O
                         net (fo=1, routed)           0.000     0.317    ort_buton/signal_o_i_1_n_0
    SLICE_X0Y57          FDRE                                         r  ort_buton/signal_o_reg/D
  -------------------------------------------------------------------    -------------------

Slack:                    inf
  Source:                 i_uart_tx/bittimer_reg[3]/C
                            (rising edge-triggered cell FDRE)
  Destination:            i_uart_tx/bittimer_reg[5]/D
  Path Group:             (none)
  Path Type:              Min at Fast Process Corner
  Data Path Delay:        0.335ns  (logic 0.186ns (55.564%)  route 0.149ns (44.436%))
  Logic Levels:           2  (FDRE=1 LUT6=1)

    Location             Delay type                Incr(ns)  Path(ns)    Netlist Resource(s)
  -------------------------------------------------------------------    -------------------
    SLICE_X3Y53          FDRE                         0.000     0.000 r  i_uart_tx/bittimer_reg[3]/C
    SLICE_X3Y53          FDRE (Prop_fdre_C_Q)         0.141     0.141 r  i_uart_tx/bittimer_reg[3]/Q
                         net (fo=8, routed)           0.149     0.290    i_uart_tx/bittimer_reg_n_0_[3]
    SLICE_X2Y53          LUT6 (Prop_lut6_I5_O)        0.045     0.335 r  i_uart_tx/bittimer[5]_i_1/O
                         net (fo=1, routed)           0.000     0.335    i_uart_tx/bittimer[5]_i_1_n_0
    SLICE_X2Y53          FDRE                                         r  i_uart_tx/bittimer_reg[5]/D
  -------------------------------------------------------------------    -------------------

Slack:                    inf
  Source:                 ort_buton/signal_o_reg/C
                            (rising edge-triggered cell FDRE)
  Destination:            top_ort_buton_next_reg/D
  Path Group:             (none)
  Path Type:              Min at Fast Process Corner
  Data Path Delay:        0.336ns  (logic 0.141ns (41.936%)  route 0.195ns (58.064%))
  Logic Levels:           1  (FDRE=1)

    Location             Delay type                Incr(ns)  Path(ns)    Netlist Resource(s)
  -------------------------------------------------------------------    -------------------
    SLICE_X0Y57          FDRE                         0.000     0.000 r  ort_buton/signal_o_reg/C
    SLICE_X0Y57          FDRE (Prop_fdre_C_Q)         0.141     0.141 r  ort_buton/signal_o_reg/Q
                         net (fo=3, routed)           0.195     0.336    signal_o
    SLICE_X0Y57          FDRE                                         r  top_ort_buton_next_reg/D
  -------------------------------------------------------------------    -------------------

Slack:                    inf
  Source:                 i_uart_tx/bitcounter_reg[1]/C
                            (rising edge-triggered cell FDRE)
  Destination:            i_uart_tx/bitcounter_reg[2]/D
  Path Group:             (none)
  Path Type:              Min at Fast Process Corner
  Data Path Delay:        0.341ns  (logic 0.226ns (66.352%)  route 0.115ns (33.648%))
  Logic Levels:           2  (FDRE=1 LUT6=1)

    Location             Delay type                Incr(ns)  Path(ns)    Netlist Resource(s)
  -------------------------------------------------------------------    -------------------
    SLICE_X1Y53          FDRE                         0.000     0.000 r  i_uart_tx/bitcounter_reg[1]/C
    SLICE_X1Y53          FDRE (Prop_fdre_C_Q)         0.128     0.128 r  i_uart_tx/bitcounter_reg[1]/Q
                         net (fo=3, routed)           0.115     0.243    i_uart_tx/bitcounter_reg_n_0_[1]
    SLICE_X1Y53          LUT6 (Prop_lut6_I1_O)        0.098     0.341 r  i_uart_tx/bitcounter[2]_i_1/O
                         net (fo=1, routed)           0.000     0.341    i_uart_tx/bitcounter[2]_i_1_n_0
    SLICE_X1Y53          FDRE                                         r  i_uart_tx/bitcounter_reg[2]/D
  -------------------------------------------------------------------    -------------------





