
*** Running vivado
    with args -log top.vds -m64 -product Vivado -mode batch -messageDb vivado.pb -notrace -source top.tcl



****** Vivado v2025.1 (64-bit)
  **** SW Build 6140274 on Thu May 22 00:12:29 MDT 2025
  **** IP Build 6138677 on Thu May 22 03:10:11 MDT 2025
  **** SharedData Build 6139179 on Tue May 20 17:58:58 MDT 2025
  **** Start of session at: Sun Aug  3 14:07:21 2025
    ** Copyright 1986-2022 Xilinx, Inc. All Rights Reserved.
    ** Copyright 2022-2025 Advanced Micro Devices, Inc. All Rights Reserved.

source top.tcl -notrace
Command: read_checkpoint -auto_incremental -incremental {C:/Users/Yusuf Soylu/Desktop/Vivado Projeleri/ders_12_uart/ders_12_uart.srcs/utils_1/imports/synth_1/uart_tx.dcp}
INFO: [Vivado 12-5825] Read reference checkpoint from C:/Users/Yusuf Soylu/Desktop/Vivado Projeleri/ders_12_uart/ders_12_uart.srcs/utils_1/imports/synth_1/uart_tx.dcp for incremental synthesis
INFO: [Vivado 12-7989] Please ensure there are no constraint changes
Command: synth_design -top top -part xc7a100tcsg324-1
Starting synth_design
Attempting to get a license for feature 'Synthesis' and/or device 'xc7a100t'
INFO: [Common 17-349] Got license for feature 'Synthesis' and/or device 'xc7a100t'
INFO: [Designutils 20-5440] No compile time benefit to using incremental synthesis; A full resynthesis will be run
INFO: [Designutils 20-4379] Flow is switching to default flow due to incremental criteria not met. If you would like to alter this behaviour and have the flow terminate instead, please set the following parameter config_implementation {autoIncr.Synth.RejectBehavior Terminate}
INFO: [Synth 8-7079] Multithreading enabled for synth_design using a maximum of 2 processes.
INFO: [Synth 8-7078] Launching helper process for spawning children vivado processes
INFO: [Synth 8-7075] Helper process launched with PID 22896
---------------------------------------------------------------------------------
Starting Synthesize : Time (s): cpu = 00:00:03 ; elapsed = 00:00:05 . Memory (MB): peak = 1063.621 ; gain = 495.082
---------------------------------------------------------------------------------
INFO: [Synth 8-638] synthesizing module 'top' [C:/Users/Yusuf Soylu/Desktop/Vivado Projeleri/ders_12_uart/ders_12_uart.srcs/sources_1/new/top.vhd:20]
	Parameter c_clkfreq bound to: 100000000 - type: integer 
	Parameter c_debounce_time bound to: 1000 - type: integer 
	Parameter ilk_deger bound to: 1'b0 
INFO: [Synth 8-3491] module 'debounce' declared at 'C:/Users/Yusuf Soylu/Desktop/Vivado Projeleri/ders_9_debounce/ders_9_debounce.srcs/sources_1/new/debounce.vhd:4' bound to instance 'ort_buton' of component 'debounce' [C:/Users/Yusuf Soylu/Desktop/Vivado Projeleri/ders_12_uart/ders_12_uart.srcs/sources_1/new/top.vhd:64]
INFO: [Synth 8-638] synthesizing module 'debounce' [C:/Users/Yusuf Soylu/Desktop/Vivado Projeleri/ders_9_debounce/ders_9_debounce.srcs/sources_1/new/debounce.vhd:19]
	Parameter c_clkfreq bound to: 100000000 - type: integer 
	Parameter c_debounce_time bound to: 1000 - type: integer 
	Parameter ilk_deger bound to: 1'b0 
INFO: [Synth 8-256] done synthesizing module 'debounce' (0#1) [C:/Users/Yusuf Soylu/Desktop/Vivado Projeleri/ders_9_debounce/ders_9_debounce.srcs/sources_1/new/debounce.vhd:19]
	Parameter c_clfreq bound to: 100000000 - type: integer 
	Parameter c_bauderrate bound to: 115200 - type: integer 
	Parameter c_stopbit bound to: 2 - type: integer 
INFO: [Synth 8-3491] module 'uart_tx' declared at 'C:/Users/Yusuf Soylu/Desktop/Vivado Projeleri/ders_12_uart/ders_12_uart.srcs/sources_1/new/uart_tx.vhd:6' bound to instance 'i_uart_tx' of component 'uart_tx' [C:/Users/Yusuf Soylu/Desktop/Vivado Projeleri/ders_12_uart/ders_12_uart.srcs/sources_1/new/top.vhd:78]
INFO: [Synth 8-638] synthesizing module 'uart_tx' [C:/Users/Yusuf Soylu/Desktop/Vivado Projeleri/ders_12_uart/ders_12_uart.srcs/sources_1/new/uart_tx.vhd:24]
	Parameter c_clfreq bound to: 100000000 - type: integer 
	Parameter c_bauderrate bound to: 115200 - type: integer 
	Parameter c_stopbit bound to: 2 - type: integer 
INFO: [Synth 8-256] done synthesizing module 'uart_tx' (0#1) [C:/Users/Yusuf Soylu/Desktop/Vivado Projeleri/ders_12_uart/ders_12_uart.srcs/sources_1/new/uart_tx.vhd:24]
INFO: [Synth 8-256] done synthesizing module 'top' (0#1) [C:/Users/Yusuf Soylu/Desktop/Vivado Projeleri/ders_12_uart/ders_12_uart.srcs/sources_1/new/top.vhd:20]
---------------------------------------------------------------------------------
Finished Synthesize : Time (s): cpu = 00:00:04 ; elapsed = 00:00:06 . Memory (MB): peak = 1171.215 ; gain = 602.676
---------------------------------------------------------------------------------
---------------------------------------------------------------------------------
Finished Constraint Validation : Time (s): cpu = 00:00:05 ; elapsed = 00:00:07 . Memory (MB): peak = 1171.215 ; gain = 602.676
---------------------------------------------------------------------------------
---------------------------------------------------------------------------------
Start Loading Part and Timing Information
---------------------------------------------------------------------------------
Loading part: xc7a100tcsg324-1
---------------------------------------------------------------------------------
INFO: [Device 21-403] Loading part xc7a100tcsg324-1
Finished Loading Part and Timing Information : Time (s): cpu = 00:00:05 ; elapsed = 00:00:07 . Memory (MB): peak = 1171.215 ; gain = 602.676
---------------------------------------------------------------------------------
INFO: [Synth 8-802] inferred FSM for state register 'state_reg' in module 'debounce'
INFO: [Synth 8-802] inferred FSM for state register 'state_reg' in module 'uart_tx'
---------------------------------------------------------------------------------------------------
                   State |                     New Encoding |                Previous Encoding 
---------------------------------------------------------------------------------------------------
               s_initial |                              000 |                              000
                  s_zero |                              001 |                              001
             s_zerotoone |                              010 |                              010
                   s_one |                              011 |                              011
             s_onetozero |                              100 |                              100
---------------------------------------------------------------------------------------------------
INFO: [Synth 8-3354] encoded FSM with state register 'state_reg' using encoding 'sequential' in module 'debounce'
---------------------------------------------------------------------------------------------------
                   State |                     New Encoding |                Previous Encoding 
---------------------------------------------------------------------------------------------------
                 s_bosta |                               00 |                               00
                 s_basla |                               01 |                               01
                  s_veri |                               10 |                               10
                   s_dur |                               11 |                               11
---------------------------------------------------------------------------------------------------
INFO: [Synth 8-3354] encoded FSM with state register 'state_reg' using encoding 'sequential' in module 'uart_tx'
---------------------------------------------------------------------------------
Finished RTL Optimization Phase 2 : Time (s): cpu = 00:00:05 ; elapsed = 00:00:07 . Memory (MB): peak = 1171.215 ; gain = 602.676
---------------------------------------------------------------------------------
No constraint files found.
---------------------------------------------------------------------------------
Start RTL Component Statistics 
---------------------------------------------------------------------------------
Detailed RTL Component Info : 
+---Adders : 
	   2 Input   11 Bit       Adders := 1     
	   2 Input    3 Bit       Adders := 1     
+---Registers : 
	               11 Bit    Registers := 1     
	                8 Bit    Registers := 1     
	                3 Bit    Registers := 1     
	                1 Bit    Registers := 7     
+---Muxes : 
	   4 Input   11 Bit        Muxes := 1     
	   4 Input    8 Bit        Muxes := 1     
	   5 Input    3 Bit        Muxes := 1     
	   2 Input    3 Bit        Muxes := 3     
	   4 Input    3 Bit        Muxes := 1     
	   4 Input    2 Bit        Muxes := 1     
	   2 Input    1 Bit        Muxes := 6     
	   5 Input    1 Bit        Muxes := 5     
	   4 Input    1 Bit        Muxes := 6     
	   3 Input    1 Bit        Muxes := 1     
---------------------------------------------------------------------------------
Finished RTL Component Statistics 
---------------------------------------------------------------------------------
---------------------------------------------------------------------------------
Start Part Resource Summary
---------------------------------------------------------------------------------
Part Resources:
DSPs: 240 (col length:80)
BRAMs: 270 (col length: RAMB18 80 RAMB36 40)
---------------------------------------------------------------------------------
Finished Part Resource Summary
---------------------------------------------------------------------------------
No constraint files found.
---------------------------------------------------------------------------------
Start Cross Boundary and Area Optimization
---------------------------------------------------------------------------------
WARNING: [Synth 8-7080] Parallel synthesis criteria is not met
---------------------------------------------------------------------------------
Finished Cross Boundary and Area Optimization : Time (s): cpu = 00:00:08 ; elapsed = 00:00:22 . Memory (MB): peak = 1376.348 ; gain = 807.809
---------------------------------------------------------------------------------
No constraint files found.
---------------------------------------------------------------------------------
Start Timing Optimization
---------------------------------------------------------------------------------
---------------------------------------------------------------------------------
Finished Timing Optimization : Time (s): cpu = 00:00:08 ; elapsed = 00:00:22 . Memory (MB): peak = 1376.348 ; gain = 807.809
---------------------------------------------------------------------------------
---------------------------------------------------------------------------------
Start Technology Mapping
---------------------------------------------------------------------------------
---------------------------------------------------------------------------------
Finished Technology Mapping : Time (s): cpu = 00:00:08 ; elapsed = 00:00:22 . Memory (MB): peak = 1376.348 ; gain = 807.809
---------------------------------------------------------------------------------
---------------------------------------------------------------------------------
Start IO Insertion
---------------------------------------------------------------------------------
---------------------------------------------------------------------------------
Start Flattening Before IO Insertion
---------------------------------------------------------------------------------
---------------------------------------------------------------------------------
Finished Flattening Before IO Insertion
---------------------------------------------------------------------------------
---------------------------------------------------------------------------------
Start Final Netlist Cleanup
---------------------------------------------------------------------------------
---------------------------------------------------------------------------------
Finished Final Netlist Cleanup
---------------------------------------------------------------------------------
---------------------------------------------------------------------------------
Finished IO Insertion : Time (s): cpu = 00:00:10 ; elapsed = 00:00:25 . Memory (MB): peak = 1591.523 ; gain = 1022.984
---------------------------------------------------------------------------------
---------------------------------------------------------------------------------
Start Renaming Generated Instances
---------------------------------------------------------------------------------
---------------------------------------------------------------------------------
Finished Renaming Generated Instances : Time (s): cpu = 00:00:10 ; elapsed = 00:00:25 . Memory (MB): peak = 1591.523 ; gain = 1022.984
---------------------------------------------------------------------------------
---------------------------------------------------------------------------------
Start Rebuilding User Hierarchy
---------------------------------------------------------------------------------
---------------------------------------------------------------------------------
Finished Rebuilding User Hierarchy : Time (s): cpu = 00:00:10 ; elapsed = 00:00:25 . Memory (MB): peak = 1591.523 ; gain = 1022.984
---------------------------------------------------------------------------------
---------------------------------------------------------------------------------
Start Renaming Generated Ports
---------------------------------------------------------------------------------
---------------------------------------------------------------------------------
Finished Renaming Generated Ports : Time (s): cpu = 00:00:10 ; elapsed = 00:00:25 . Memory (MB): peak = 1591.523 ; gain = 1022.984
---------------------------------------------------------------------------------
---------------------------------------------------------------------------------
Start Handling Custom Attributes
---------------------------------------------------------------------------------
---------------------------------------------------------------------------------
Finished Handling Custom Attributes : Time (s): cpu = 00:00:10 ; elapsed = 00:00:25 . Memory (MB): peak = 1591.523 ; gain = 1022.984
---------------------------------------------------------------------------------
---------------------------------------------------------------------------------
Start Renaming Generated Nets
---------------------------------------------------------------------------------
---------------------------------------------------------------------------------
Finished Renaming Generated Nets : Time (s): cpu = 00:00:10 ; elapsed = 00:00:25 . Memory (MB): peak = 1591.523 ; gain = 1022.984
---------------------------------------------------------------------------------
---------------------------------------------------------------------------------
Start Writing Synthesis Report
---------------------------------------------------------------------------------

Report BlackBoxes: 
+-+--------------+----------+
| |BlackBox name |Instances |
+-+--------------+----------+
+-+--------------+----------+

Report Cell Usage: 
+------+-------+------+
|      |Cell   |Count |
+------+-------+------+
|1     |BUFG   |     1|
|2     |CARRY4 |     5|
|3     |LUT1   |     2|
|4     |LUT2   |     5|
|5     |LUT3   |     7|
|6     |LUT4   |    18|
|7     |LUT5   |    11|
|8     |LUT6   |    12|
|9     |FDRE   |    50|
|10    |IBUF   |    10|
|11    |OBUF   |     1|
+------+-------+------+

Report Instance Areas: 
+------+------------+---------+------+
|      |Instance    |Module   |Cells |
+------+------------+---------+------+
|1     |top         |         |   122|
|2     |  i_uart_tx |uart_tx  |    67|
|3     |  ort_buton |debounce |    41|
+------+------------+---------+------+
---------------------------------------------------------------------------------
Finished Writing Synthesis Report : Time (s): cpu = 00:00:10 ; elapsed = 00:00:25 . Memory (MB): peak = 1591.523 ; gain = 1022.984
---------------------------------------------------------------------------------
Synthesis finished with 0 errors, 0 critical warnings and 1 warnings.
Synthesis Optimization Runtime : Time (s): cpu = 00:00:10 ; elapsed = 00:00:25 . Memory (MB): peak = 1591.523 ; gain = 1022.984
Synthesis Optimization Complete : Time (s): cpu = 00:00:10 ; elapsed = 00:00:25 . Memory (MB): peak = 1591.523 ; gain = 1022.984
INFO: [Project 1-571] Translating synthesized netlist
Netlist sorting complete. Time (s): cpu = 00:00:00 ; elapsed = 00:00:00 . Memory (MB): peak = 1606.543 ; gain = 0.000
INFO: [Netlist 29-17] Analyzing 5 Unisim elements for replacement
INFO: [Netlist 29-28] Unisim Transformation completed in 0 CPU seconds
INFO: [Project 1-570] Preparing netlist for logic optimization
INFO: [Opt 31-138] Pushed 0 inverter(s) to 0 load pin(s).
Netlist sorting complete. Time (s): cpu = 00:00:00 ; elapsed = 00:00:00 . Memory (MB): peak = 1723.277 ; gain = 0.000
INFO: [Project 1-111] Unisim Transformation Summary:
No Unisim elements were transformed.

Synth Design complete | Checksum: 68e20f14
INFO: [Common 17-83] Releasing license: Synthesis
28 Infos, 1 Warnings, 0 Critical Warnings and 0 Errors encountered.
synth_design completed successfully
synth_design: Time (s): cpu = 00:00:12 ; elapsed = 00:00:29 . Memory (MB): peak = 1723.277 ; gain = 1161.734
Write ShapeDB Complete: Time (s): cpu = 00:00:00 ; elapsed = 00:00:00.002 . Memory (MB): peak = 1723.277 ; gain = 0.000
INFO: [Common 17-1381] The checkpoint 'C:/Users/Yusuf Soylu/Desktop/Vivado Projeleri/ders_12_uart/ders_12_uart.runs/synth_1/top.dcp' has been generated.
INFO: [Vivado 12-24828] Executing command : report_utilization -file top_utilization_synth.rpt -pb top_utilization_synth.pb
INFO: [Common 17-206] Exiting Vivado at Sun Aug  3 14:07:56 2025...
