Copyright 1986-2022 Xilinx, Inc. All Rights Reserved. Copyright 2022-2025 Advanced Micro Devices, Inc. All Rights Reserved.
---------------------------------------------------------------------------------------------------------------------------------------------------------------------------------------------------------------------------------------
| Tool Version : Vivado v.2025.1 (win64) Build 6140274 Thu May 22 00:12:29 MDT 2025
| Date         : Thu Aug  7 13:39:29 2025
| Host         : Yusuf-Soylu running 64-bit major release  (build 9200)
| Command      : report_timing_summary -max_paths 10 -routable_nets -report_unconstrained -file BRAM_Uart_timing_summary_routed.rpt -pb BRAM_Uart_timing_summary_routed.pb -rpx BRAM_Uart_timing_summary_routed.rpx -warn_on_violation
| Design       : BRAM_Uart
| Device       : 7a100t-csg324
| Speed File   : -1  PRODUCTION 1.23 2018-06-13
| Design State : Routed
---------------------------------------------------------------------------------------------------------------------------------------------------------------------------------------------------------------------------------------

Timing Summary Report

------------------------------------------------------------------------------------------------
| Timer Settings
| --------------
------------------------------------------------------------------------------------------------

  Enable Multi Corner Analysis               :  Yes
  Enable Pessimism Removal                   :  Yes
  Pessimism Removal Resolution               :  Nearest Common Node
  Enable Input Delay Default Clock           :  No
  Enable Preset / Clear Arcs                 :  No
  Disable Flight Delays                      :  No
  Ignore I/O Paths                           :  No
  Timing Early Launch at Borrowing Latches   :  No
  Borrow Time for Max Delay Exceptions       :  Yes
  Merge Timing Exceptions                    :  Yes
  Inter-SLR Compensation                     :  Conservative

  Corner  Analyze    Analyze    
  Name    Max Paths  Min Paths  
  ------  ---------  ---------  
  Slow    Yes        Yes        
  Fast    Yes        Yes        


------------------------------------------------------------------------------------------------
| Report Methodology
| ------------------
------------------------------------------------------------------------------------------------

Rule       Severity          Description                  Violations  
---------  ----------------  ---------------------------  ----------  
TIMING-17  Critical Warning  Non-clocked sequential cell  63          

Note: This report is based on the most recent report_methodology run and may not be up-to-date. Run report_methodology on the current design for the latest report.



check_timing report

Table of Contents
-----------------
1. checking no_clock (63)
2. checking constant_clock (0)
3. checking pulse_width_clock (0)
4. checking unconstrained_internal_endpoints (142)
5. checking no_input_delay (0)
6. checking no_output_delay (1)
7. checking multiple_clock (0)
8. checking generated_clocks (0)
9. checking loops (0)
10. checking partial_input_delay (0)
11. checking partial_output_delay (0)
12. checking latch_loops (0)

1. checking no_clock (63)
-------------------------
 There are 63 register/latch pins with no clock driven by root clock pin: t_clk (HIGH)


2. checking constant_clock (0)
------------------------------
 There are 0 register/latch pins with constant_clock.


3. checking pulse_width_clock (0)
---------------------------------
 There are 0 register/latch pins which need pulse_width check


4. checking unconstrained_internal_endpoints (142)
--------------------------------------------------
 There are 142 pins that are not constrained for maximum delay. (HIGH)

 There are 0 pins that are not constrained for maximum delay due to constant clock.


5. checking no_input_delay (0)
------------------------------
 There are 0 input ports with no input delay specified.

 There are 0 input ports with no input delay but user has a false path constraint.


6. checking no_output_delay (1)
-------------------------------
 There is 1 port with no output delay specified. (HIGH)

 There are 0 ports with no output delay but user has a false path constraint

 There are 0 ports with no output delay but with a timing clock defined on it or propagating through it


7. checking multiple_clock (0)
------------------------------
 There are 0 register/latch pins with multiple clocks.


8. checking generated_clocks (0)
--------------------------------
 There are 0 generated clocks that are not connected to a clock source.


9. checking loops (0)
---------------------
 There are 0 combinational loops in the design.


10. checking partial_input_delay (0)
------------------------------------
 There are 0 input ports with partial input delay specified.


11. checking partial_output_delay (0)
-------------------------------------
 There are 0 ports with partial output delay specified.


12. checking latch_loops (0)
----------------------------
 There are 0 combinational latch loops in the design through latch input



------------------------------------------------------------------------------------------------
| Design Timing Summary
| ---------------------
------------------------------------------------------------------------------------------------

    WNS(ns)      TNS(ns)  TNS Failing Endpoints  TNS Total Endpoints      WHS(ns)      THS(ns)  THS Failing Endpoints  THS Total Endpoints     WPWS(ns)     TPWS(ns)  TPWS Failing Endpoints  TPWS Total Endpoints  
    -------      -------  ---------------------  -------------------      -------      -------  ---------------------  -------------------     --------     --------  ----------------------  --------------------  
        inf        0.000                      0                  143          inf        0.000                      0                  143           NA           NA                      NA                    NA  


There are no user specified timing constraints.


------------------------------------------------------------------------------------------------
| Clock Summary
| -------------
------------------------------------------------------------------------------------------------


------------------------------------------------------------------------------------------------
| Intra Clock Table
| -----------------
------------------------------------------------------------------------------------------------

Clock             WNS(ns)      TNS(ns)  TNS Failing Endpoints  TNS Total Endpoints      WHS(ns)      THS(ns)  THS Failing Endpoints  THS Total Endpoints     WPWS(ns)     TPWS(ns)  TPWS Failing Endpoints  TPWS Total Endpoints  
-----             -------      -------  ---------------------  -------------------      -------      -------  ---------------------  -------------------     --------     --------  ----------------------  --------------------  


------------------------------------------------------------------------------------------------
| Inter Clock Table
| -----------------
------------------------------------------------------------------------------------------------

From Clock    To Clock          WNS(ns)      TNS(ns)  TNS Failing Endpoints  TNS Total Endpoints      WHS(ns)      THS(ns)  THS Failing Endpoints  THS Total Endpoints  
----------    --------          -------      -------  ---------------------  -------------------      -------      -------  ---------------------  -------------------  


------------------------------------------------------------------------------------------------
| Other Path Groups Table
| -----------------------
------------------------------------------------------------------------------------------------

Path Group    From Clock    To Clock          WNS(ns)      TNS(ns)  TNS Failing Endpoints  TNS Total Endpoints      WHS(ns)      THS(ns)  THS Failing Endpoints  THS Total Endpoints  
----------    ----------    --------          -------      -------  ---------------------  -------------------      -------      -------  ---------------------  -------------------  


------------------------------------------------------------------------------------------------
| User Ignored Path Table
| -----------------------
------------------------------------------------------------------------------------------------

Path Group    From Clock    To Clock    
----------    ----------    --------    


------------------------------------------------------------------------------------------------
| Unconstrained Path Table
| ------------------------
------------------------------------------------------------------------------------------------

Path Group    From Clock    To Clock    
----------    ----------    --------    
(none)                                    


------------------------------------------------------------------------------------------------
| Timing Details
| --------------
------------------------------------------------------------------------------------------------


--------------------------------------------------------------------------------------
Path Group:  (none)
From Clock:  
  To Clock:  

Max Delay           143 Endpoints
Min Delay           143 Endpoints
--------------------------------------------------------------------------------------


Max Delay Paths
--------------------------------------------------------------------------------------
Slack:                    inf
  Source:                 i_uart_tx/tx_o_reg/C
                            (rising edge-triggered cell FDRE)
  Destination:            t_tx_o
                            (output port)
  Path Group:             (none)
  Path Type:              Max at Slow Process Corner
  Data Path Delay:        4.940ns  (logic 3.104ns (62.840%)  route 1.836ns (37.160%))
  Logic Levels:           2  (FDRE=1 OBUF=1)

    Location             Delay type                Incr(ns)  Path(ns)    Netlist Resource(s)
  -------------------------------------------------------------------    -------------------
    SLICE_X7Y52          FDRE                         0.000     0.000 r  i_uart_tx/tx_o_reg/C
    SLICE_X7Y52          FDRE (Prop_fdre_C_Q)         0.456     0.456 r  i_uart_tx/tx_o_reg/Q
                         net (fo=1, routed)           1.836     2.292    t_tx_o_OBUF
    R10                  OBUF (Prop_obuf_I_O)         2.648     4.940 r  t_tx_o_OBUF_inst/O
                         net (fo=0)                   0.000     4.940    t_tx_o
    R10                                                               r  t_tx_o (OUT)
  -------------------------------------------------------------------    -------------------

Slack:                    inf
  Source:                 i_uart_tx/bittimer_reg[4]/C
                            (rising edge-triggered cell FDRE)
  Destination:            i_uart_tx/shreg_reg[4]/CE
  Path Group:             (none)
  Path Type:              Max at Slow Process Corner
  Data Path Delay:        4.131ns  (logic 0.966ns (23.384%)  route 3.165ns (76.616%))
  Logic Levels:           4  (FDRE=1 LUT5=1 LUT6=2)

    Location             Delay type                Incr(ns)  Path(ns)    Netlist Resource(s)
  -------------------------------------------------------------------    -------------------
    SLICE_X4Y51          FDRE                         0.000     0.000 r  i_uart_tx/bittimer_reg[4]/C
    SLICE_X4Y51          FDRE (Prop_fdre_C_Q)         0.419     0.419 f  i_uart_tx/bittimer_reg[4]/Q
                         net (fo=4, routed)           0.990     1.409    i_uart_tx/bittimer_reg_n_0_[4]
    SLICE_X6Y51          LUT6 (Prop_lut6_I0_O)        0.299     1.708 f  i_uart_tx/bittimer[10]_i_4/O
                         net (fo=4, routed)           0.880     2.588    i_uart_tx/bittimer[10]_i_4_n_0
    SLICE_X6Y52          LUT6 (Prop_lut6_I0_O)        0.124     2.712 r  i_uart_tx/FSM_sequential_state[1]_i_2/O
                         net (fo=3, routed)           0.673     3.385    i_uart_tx/FSM_sequential_state[1]_i_2_n_0
    SLICE_X6Y53          LUT5 (Prop_lut5_I4_O)        0.124     3.509 r  i_uart_tx/shreg[7]_i_1/O
                         net (fo=8, routed)           0.622     4.131    i_uart_tx/shreg_0
    SLICE_X6Y55          FDRE                                         r  i_uart_tx/shreg_reg[4]/CE
  -------------------------------------------------------------------    -------------------

Slack:                    inf
  Source:                 i_uart_tx/bittimer_reg[4]/C
                            (rising edge-triggered cell FDRE)
  Destination:            i_uart_tx/shreg_reg[5]/CE
  Path Group:             (none)
  Path Type:              Max at Slow Process Corner
  Data Path Delay:        4.131ns  (logic 0.966ns (23.384%)  route 3.165ns (76.616%))
  Logic Levels:           4  (FDRE=1 LUT5=1 LUT6=2)

    Location             Delay type                Incr(ns)  Path(ns)    Netlist Resource(s)
  -------------------------------------------------------------------    -------------------
    SLICE_X4Y51          FDRE                         0.000     0.000 r  i_uart_tx/bittimer_reg[4]/C
    SLICE_X4Y51          FDRE (Prop_fdre_C_Q)         0.419     0.419 f  i_uart_tx/bittimer_reg[4]/Q
                         net (fo=4, routed)           0.990     1.409    i_uart_tx/bittimer_reg_n_0_[4]
    SLICE_X6Y51          LUT6 (Prop_lut6_I0_O)        0.299     1.708 f  i_uart_tx/bittimer[10]_i_4/O
                         net (fo=4, routed)           0.880     2.588    i_uart_tx/bittimer[10]_i_4_n_0
    SLICE_X6Y52          LUT6 (Prop_lut6_I0_O)        0.124     2.712 r  i_uart_tx/FSM_sequential_state[1]_i_2/O
                         net (fo=3, routed)           0.673     3.385    i_uart_tx/FSM_sequential_state[1]_i_2_n_0
    SLICE_X6Y53          LUT5 (Prop_lut5_I4_O)        0.124     3.509 r  i_uart_tx/shreg[7]_i_1/O
                         net (fo=8, routed)           0.622     4.131    i_uart_tx/shreg_0
    SLICE_X6Y55          FDRE                                         r  i_uart_tx/shreg_reg[5]/CE
  -------------------------------------------------------------------    -------------------

Slack:                    inf
  Source:                 i_uart_tx/bittimer_reg[4]/C
                            (rising edge-triggered cell FDRE)
  Destination:            i_uart_tx/shreg_reg[6]/CE
  Path Group:             (none)
  Path Type:              Max at Slow Process Corner
  Data Path Delay:        4.131ns  (logic 0.966ns (23.384%)  route 3.165ns (76.616%))
  Logic Levels:           4  (FDRE=1 LUT5=1 LUT6=2)

    Location             Delay type                Incr(ns)  Path(ns)    Netlist Resource(s)
  -------------------------------------------------------------------    -------------------
    SLICE_X4Y51          FDRE                         0.000     0.000 r  i_uart_tx/bittimer_reg[4]/C
    SLICE_X4Y51          FDRE (Prop_fdre_C_Q)         0.419     0.419 f  i_uart_tx/bittimer_reg[4]/Q
                         net (fo=4, routed)           0.990     1.409    i_uart_tx/bittimer_reg_n_0_[4]
    SLICE_X6Y51          LUT6 (Prop_lut6_I0_O)        0.299     1.708 f  i_uart_tx/bittimer[10]_i_4/O
                         net (fo=4, routed)           0.880     2.588    i_uart_tx/bittimer[10]_i_4_n_0
    SLICE_X6Y52          LUT6 (Prop_lut6_I0_O)        0.124     2.712 r  i_uart_tx/FSM_sequential_state[1]_i_2/O
                         net (fo=3, routed)           0.673     3.385    i_uart_tx/FSM_sequential_state[1]_i_2_n_0
    SLICE_X6Y53          LUT5 (Prop_lut5_I4_O)        0.124     3.509 r  i_uart_tx/shreg[7]_i_1/O
                         net (fo=8, routed)           0.622     4.131    i_uart_tx/shreg_0
    SLICE_X6Y55          FDRE                                         r  i_uart_tx/shreg_reg[6]/CE
  -------------------------------------------------------------------    -------------------

Slack:                    inf
  Source:                 i_uart_tx/bittimer_reg[4]/C
                            (rising edge-triggered cell FDRE)
  Destination:            i_uart_tx/shreg_reg[7]/CE
  Path Group:             (none)
  Path Type:              Max at Slow Process Corner
  Data Path Delay:        4.131ns  (logic 0.966ns (23.384%)  route 3.165ns (76.616%))
  Logic Levels:           4  (FDRE=1 LUT5=1 LUT6=2)

    Location             Delay type                Incr(ns)  Path(ns)    Netlist Resource(s)
  -------------------------------------------------------------------    -------------------
    SLICE_X4Y51          FDRE                         0.000     0.000 r  i_uart_tx/bittimer_reg[4]/C
    SLICE_X4Y51          FDRE (Prop_fdre_C_Q)         0.419     0.419 f  i_uart_tx/bittimer_reg[4]/Q
                         net (fo=4, routed)           0.990     1.409    i_uart_tx/bittimer_reg_n_0_[4]
    SLICE_X6Y51          LUT6 (Prop_lut6_I0_O)        0.299     1.708 f  i_uart_tx/bittimer[10]_i_4/O
                         net (fo=4, routed)           0.880     2.588    i_uart_tx/bittimer[10]_i_4_n_0
    SLICE_X6Y52          LUT6 (Prop_lut6_I0_O)        0.124     2.712 r  i_uart_tx/FSM_sequential_state[1]_i_2/O
                         net (fo=3, routed)           0.673     3.385    i_uart_tx/FSM_sequential_state[1]_i_2_n_0
    SLICE_X6Y53          LUT5 (Prop_lut5_I4_O)        0.124     3.509 r  i_uart_tx/shreg[7]_i_1/O
                         net (fo=8, routed)           0.622     4.131    i_uart_tx/shreg_0
    SLICE_X6Y55          FDRE                                         r  i_uart_tx/shreg_reg[7]/CE
  -------------------------------------------------------------------    -------------------

Slack:                    inf
  Source:                 i_uart_tx/bittimer_reg[4]/C
                            (rising edge-triggered cell FDRE)
  Destination:            i_uart_tx/tx_done_tick_o_reg/D
  Path Group:             (none)
  Path Type:              Max at Slow Process Corner
  Data Path Delay:        4.097ns  (logic 0.994ns (24.264%)  route 3.103ns (75.736%))
  Logic Levels:           4  (FDRE=1 LUT4=1 LUT6=2)

    Location             Delay type                Incr(ns)  Path(ns)    Netlist Resource(s)
  -------------------------------------------------------------------    -------------------
    SLICE_X4Y51          FDRE                         0.000     0.000 r  i_uart_tx/bittimer_reg[4]/C
    SLICE_X4Y51          FDRE (Prop_fdre_C_Q)         0.419     0.419 f  i_uart_tx/bittimer_reg[4]/Q
                         net (fo=4, routed)           0.990     1.409    i_uart_tx/bittimer_reg_n_0_[4]
    SLICE_X6Y51          LUT6 (Prop_lut6_I0_O)        0.299     1.708 f  i_uart_tx/bittimer[10]_i_4/O
                         net (fo=4, routed)           0.889     2.597    i_uart_tx/bittimer[10]_i_4_n_0
    SLICE_X6Y52          LUT6 (Prop_lut6_I5_O)        0.124     2.721 r  i_uart_tx/FSM_sequential_state[1]_i_3/O
                         net (fo=3, routed)           1.223     3.945    i_uart_tx/FSM_sequential_state[1]_i_3_n_0
    SLICE_X4Y52          LUT4 (Prop_lut4_I3_O)        0.152     4.097 r  i_uart_tx/tx_done_tick_o_i_1/O
                         net (fo=1, routed)           0.000     4.097    i_uart_tx/tx_done_tick_o_i_1_n_0
    SLICE_X4Y52          FDRE                                         r  i_uart_tx/tx_done_tick_o_reg/D
  -------------------------------------------------------------------    -------------------

Slack:                    inf
  Source:                 i_uart_tx/bittimer_reg[4]/C
                            (rising edge-triggered cell FDRE)
  Destination:            i_uart_tx/FSM_sequential_state_reg[1]/D
  Path Group:             (none)
  Path Type:              Max at Slow Process Corner
  Data Path Delay:        4.069ns  (logic 0.966ns (23.742%)  route 3.103ns (76.258%))
  Logic Levels:           4  (FDRE=1 LUT4=1 LUT6=2)

    Location             Delay type                Incr(ns)  Path(ns)    Netlist Resource(s)
  -------------------------------------------------------------------    -------------------
    SLICE_X4Y51          FDRE                         0.000     0.000 r  i_uart_tx/bittimer_reg[4]/C
    SLICE_X4Y51          FDRE (Prop_fdre_C_Q)         0.419     0.419 f  i_uart_tx/bittimer_reg[4]/Q
                         net (fo=4, routed)           0.990     1.409    i_uart_tx/bittimer_reg_n_0_[4]
    SLICE_X6Y51          LUT6 (Prop_lut6_I0_O)        0.299     1.708 f  i_uart_tx/bittimer[10]_i_4/O
                         net (fo=4, routed)           0.889     2.597    i_uart_tx/bittimer[10]_i_4_n_0
    SLICE_X6Y52          LUT6 (Prop_lut6_I5_O)        0.124     2.721 r  i_uart_tx/FSM_sequential_state[1]_i_3/O
                         net (fo=3, routed)           1.223     3.945    i_uart_tx/FSM_sequential_state[1]_i_3_n_0
    SLICE_X4Y52          LUT4 (Prop_lut4_I3_O)        0.124     4.069 r  i_uart_tx/FSM_sequential_state[1]_i_1/O
                         net (fo=1, routed)           0.000     4.069    i_uart_tx/FSM_sequential_state[1]_i_1_n_0
    SLICE_X4Y52          FDRE                                         r  i_uart_tx/FSM_sequential_state_reg[1]/D
  -------------------------------------------------------------------    -------------------

Slack:                    inf
  Source:                 i_uart_tx/bittimer_reg[4]/C
                            (rising edge-triggered cell FDRE)
  Destination:            i_uart_tx/shreg_reg[0]/CE
  Path Group:             (none)
  Path Type:              Max at Slow Process Corner
  Data Path Delay:        3.991ns  (logic 0.966ns (24.203%)  route 3.025ns (75.797%))
  Logic Levels:           4  (FDRE=1 LUT5=1 LUT6=2)

    Location             Delay type                Incr(ns)  Path(ns)    Netlist Resource(s)
  -------------------------------------------------------------------    -------------------
    SLICE_X4Y51          FDRE                         0.000     0.000 r  i_uart_tx/bittimer_reg[4]/C
    SLICE_X4Y51          FDRE (Prop_fdre_C_Q)         0.419     0.419 f  i_uart_tx/bittimer_reg[4]/Q
                         net (fo=4, routed)           0.990     1.409    i_uart_tx/bittimer_reg_n_0_[4]
    SLICE_X6Y51          LUT6 (Prop_lut6_I0_O)        0.299     1.708 f  i_uart_tx/bittimer[10]_i_4/O
                         net (fo=4, routed)           0.880     2.588    i_uart_tx/bittimer[10]_i_4_n_0
    SLICE_X6Y52          LUT6 (Prop_lut6_I0_O)        0.124     2.712 r  i_uart_tx/FSM_sequential_state[1]_i_2/O
                         net (fo=3, routed)           0.673     3.385    i_uart_tx/FSM_sequential_state[1]_i_2_n_0
    SLICE_X6Y53          LUT5 (Prop_lut5_I4_O)        0.124     3.509 r  i_uart_tx/shreg[7]_i_1/O
                         net (fo=8, routed)           0.482     3.991    i_uart_tx/shreg_0
    SLICE_X7Y54          FDRE                                         r  i_uart_tx/shreg_reg[0]/CE
  -------------------------------------------------------------------    -------------------

Slack:                    inf
  Source:                 i_uart_tx/bittimer_reg[4]/C
                            (rising edge-triggered cell FDRE)
  Destination:            i_uart_tx/shreg_reg[1]/CE
  Path Group:             (none)
  Path Type:              Max at Slow Process Corner
  Data Path Delay:        3.991ns  (logic 0.966ns (24.203%)  route 3.025ns (75.797%))
  Logic Levels:           4  (FDRE=1 LUT5=1 LUT6=2)

    Location             Delay type                Incr(ns)  Path(ns)    Netlist Resource(s)
  -------------------------------------------------------------------    -------------------
    SLICE_X4Y51          FDRE                         0.000     0.000 r  i_uart_tx/bittimer_reg[4]/C
    SLICE_X4Y51          FDRE (Prop_fdre_C_Q)         0.419     0.419 f  i_uart_tx/bittimer_reg[4]/Q
                         net (fo=4, routed)           0.990     1.409    i_uart_tx/bittimer_reg_n_0_[4]
    SLICE_X6Y51          LUT6 (Prop_lut6_I0_O)        0.299     1.708 f  i_uart_tx/bittimer[10]_i_4/O
                         net (fo=4, routed)           0.880     2.588    i_uart_tx/bittimer[10]_i_4_n_0
    SLICE_X6Y52          LUT6 (Prop_lut6_I0_O)        0.124     2.712 r  i_uart_tx/FSM_sequential_state[1]_i_2/O
                         net (fo=3, routed)           0.673     3.385    i_uart_tx/FSM_sequential_state[1]_i_2_n_0
    SLICE_X6Y53          LUT5 (Prop_lut5_I4_O)        0.124     3.509 r  i_uart_tx/shreg[7]_i_1/O
                         net (fo=8, routed)           0.482     3.991    i_uart_tx/shreg_0
    SLICE_X7Y54          FDRE                                         r  i_uart_tx/shreg_reg[1]/CE
  -------------------------------------------------------------------    -------------------

Slack:                    inf
  Source:                 i_uart_tx/bittimer_reg[4]/C
                            (rising edge-triggered cell FDRE)
  Destination:            i_uart_tx/shreg_reg[2]/CE
  Path Group:             (none)
  Path Type:              Max at Slow Process Corner
  Data Path Delay:        3.991ns  (logic 0.966ns (24.203%)  route 3.025ns (75.797%))
  Logic Levels:           4  (FDRE=1 LUT5=1 LUT6=2)

    Location             Delay type                Incr(ns)  Path(ns)    Netlist Resource(s)
  -------------------------------------------------------------------    -------------------
    SLICE_X4Y51          FDRE                         0.000     0.000 r  i_uart_tx/bittimer_reg[4]/C
    SLICE_X4Y51          FDRE (Prop_fdre_C_Q)         0.419     0.419 f  i_uart_tx/bittimer_reg[4]/Q
                         net (fo=4, routed)           0.990     1.409    i_uart_tx/bittimer_reg_n_0_[4]
    SLICE_X6Y51          LUT6 (Prop_lut6_I0_O)        0.299     1.708 f  i_uart_tx/bittimer[10]_i_4/O
                         net (fo=4, routed)           0.880     2.588    i_uart_tx/bittimer[10]_i_4_n_0
    SLICE_X6Y52          LUT6 (Prop_lut6_I0_O)        0.124     2.712 r  i_uart_tx/FSM_sequential_state[1]_i_2/O
                         net (fo=3, routed)           0.673     3.385    i_uart_tx/FSM_sequential_state[1]_i_2_n_0
    SLICE_X6Y53          LUT5 (Prop_lut5_I4_O)        0.124     3.509 r  i_uart_tx/shreg[7]_i_1/O
                         net (fo=8, routed)           0.482     3.991    i_uart_tx/shreg_0
    SLICE_X7Y54          FDRE                                         r  i_uart_tx/shreg_reg[2]/CE
  -------------------------------------------------------------------    -------------------





Min Delay Paths
--------------------------------------------------------------------------------------
Slack:                    inf
  Source:                 t_dina_reg[13]/C
                            (rising edge-triggered cell FDRE)
  Destination:            ram128x16/ram_name_reg/DIADI[13]
  Path Group:             (none)
  Path Type:              Min at Fast Process Corner
  Data Path Delay:        0.249ns  (logic 0.141ns (56.669%)  route 0.108ns (43.331%))
  Logic Levels:           1  (FDRE=1)

    Location             Delay type                Incr(ns)  Path(ns)    Netlist Resource(s)
  -------------------------------------------------------------------    -------------------
    SLICE_X9Y56          FDRE                         0.000     0.000 r  t_dina_reg[13]/C
    SLICE_X9Y56          FDRE (Prop_fdre_C_Q)         0.141     0.141 r  t_dina_reg[13]/Q
                         net (fo=1, routed)           0.108     0.249    ram128x16/Q[13]
    RAMB18_X0Y22         RAMB18E1                                     r  ram128x16/ram_name_reg/DIADI[13]
  -------------------------------------------------------------------    -------------------

Slack:                    inf
  Source:                 t_dina_reg[14]/C
                            (rising edge-triggered cell FDRE)
  Destination:            ram128x16/ram_name_reg/DIADI[14]
  Path Group:             (none)
  Path Type:              Min at Fast Process Corner
  Data Path Delay:        0.249ns  (logic 0.141ns (56.669%)  route 0.108ns (43.331%))
  Logic Levels:           1  (FDRE=1)

    Location             Delay type                Incr(ns)  Path(ns)    Netlist Resource(s)
  -------------------------------------------------------------------    -------------------
    SLICE_X9Y56          FDRE                         0.000     0.000 r  t_dina_reg[14]/C
    SLICE_X9Y56          FDRE (Prop_fdre_C_Q)         0.141     0.141 r  t_dina_reg[14]/Q
                         net (fo=1, routed)           0.108     0.249    ram128x16/Q[14]
    RAMB18_X0Y22         RAMB18E1                                     r  ram128x16/ram_name_reg/DIADI[14]
  -------------------------------------------------------------------    -------------------

Slack:                    inf
  Source:                 t_dina_reg[0]/C
                            (rising edge-triggered cell FDRE)
  Destination:            ram128x16/ram_name_reg/DIADI[0]
  Path Group:             (none)
  Path Type:              Min at Fast Process Corner
  Data Path Delay:        0.272ns  (logic 0.141ns (51.888%)  route 0.131ns (48.112%))
  Logic Levels:           1  (FDRE=1)

    Location             Delay type                Incr(ns)  Path(ns)    Netlist Resource(s)
  -------------------------------------------------------------------    -------------------
    SLICE_X9Y55          FDRE                         0.000     0.000 r  t_dina_reg[0]/C
    SLICE_X9Y55          FDRE (Prop_fdre_C_Q)         0.141     0.141 r  t_dina_reg[0]/Q
                         net (fo=1, routed)           0.131     0.272    ram128x16/Q[0]
    RAMB18_X0Y22         RAMB18E1                                     r  ram128x16/ram_name_reg/DIADI[0]
  -------------------------------------------------------------------    -------------------

Slack:                    inf
  Source:                 t_dina_reg[4]/C
                            (rising edge-triggered cell FDRE)
  Destination:            ram128x16/ram_name_reg/DIADI[4]
  Path Group:             (none)
  Path Type:              Min at Fast Process Corner
  Data Path Delay:        0.272ns  (logic 0.164ns (60.336%)  route 0.108ns (39.664%))
  Logic Levels:           1  (FDRE=1)

    Location             Delay type                Incr(ns)  Path(ns)    Netlist Resource(s)
  -------------------------------------------------------------------    -------------------
    SLICE_X8Y56          FDRE                         0.000     0.000 r  t_dina_reg[4]/C
    SLICE_X8Y56          FDRE (Prop_fdre_C_Q)         0.164     0.164 r  t_dina_reg[4]/Q
                         net (fo=1, routed)           0.108     0.272    ram128x16/Q[4]
    RAMB18_X0Y22         RAMB18E1                                     r  ram128x16/ram_name_reg/DIADI[4]
  -------------------------------------------------------------------    -------------------

Slack:                    inf
  Source:                 t_dina_reg[7]/C
                            (rising edge-triggered cell FDRE)
  Destination:            ram128x16/ram_name_reg/DIADI[7]
  Path Group:             (none)
  Path Type:              Min at Fast Process Corner
  Data Path Delay:        0.272ns  (logic 0.164ns (60.336%)  route 0.108ns (39.664%))
  Logic Levels:           1  (FDRE=1)

    Location             Delay type                Incr(ns)  Path(ns)    Netlist Resource(s)
  -------------------------------------------------------------------    -------------------
    SLICE_X8Y56          FDRE                         0.000     0.000 r  t_dina_reg[7]/C
    SLICE_X8Y56          FDRE (Prop_fdre_C_Q)         0.164     0.164 r  t_dina_reg[7]/Q
                         net (fo=1, routed)           0.108     0.272    ram128x16/Q[7]
    RAMB18_X0Y22         RAMB18E1                                     r  ram128x16/ram_name_reg/DIADI[7]
  -------------------------------------------------------------------    -------------------

Slack:                    inf
  Source:                 t_din_i_reg[2]/C
                            (rising edge-triggered cell FDRE)
  Destination:            i_uart_tx/shreg_reg[2]/D
  Path Group:             (none)
  Path Type:              Min at Fast Process Corner
  Data Path Delay:        0.293ns  (logic 0.186ns (63.444%)  route 0.107ns (36.556%))
  Logic Levels:           2  (FDRE=1 LUT4=1)

    Location             Delay type                Incr(ns)  Path(ns)    Netlist Resource(s)
  -------------------------------------------------------------------    -------------------
    SLICE_X7Y55          FDRE                         0.000     0.000 r  t_din_i_reg[2]/C
    SLICE_X7Y55          FDRE (Prop_fdre_C_Q)         0.141     0.141 r  t_din_i_reg[2]/Q
                         net (fo=1, routed)           0.107     0.248    i_uart_tx/din_i[2]
    SLICE_X7Y54          LUT4 (Prop_lut4_I3_O)        0.045     0.293 r  i_uart_tx/shreg[2]_i_1/O
                         net (fo=1, routed)           0.000     0.293    i_uart_tx/shreg[2]
    SLICE_X7Y54          FDRE                                         r  i_uart_tx/shreg_reg[2]/D
  -------------------------------------------------------------------    -------------------

Slack:                    inf
  Source:                 t_dina_reg[12]/C
                            (rising edge-triggered cell FDRE)
  Destination:            ram128x16/ram_name_reg/DIADI[12]
  Path Group:             (none)
  Path Type:              Min at Fast Process Corner
  Data Path Delay:        0.303ns  (logic 0.141ns (46.543%)  route 0.162ns (53.457%))
  Logic Levels:           1  (FDRE=1)

    Location             Delay type                Incr(ns)  Path(ns)    Netlist Resource(s)
  -------------------------------------------------------------------    -------------------
    SLICE_X9Y56          FDRE                         0.000     0.000 r  t_dina_reg[12]/C
    SLICE_X9Y56          FDRE (Prop_fdre_C_Q)         0.141     0.141 r  t_dina_reg[12]/Q
                         net (fo=1, routed)           0.162     0.303    ram128x16/Q[12]
    RAMB18_X0Y22         RAMB18E1                                     r  ram128x16/ram_name_reg/DIADI[12]
  -------------------------------------------------------------------    -------------------

Slack:                    inf
  Source:                 t_dina_reg[1]/C
                            (rising edge-triggered cell FDRE)
  Destination:            ram128x16/ram_name_reg/DIADI[1]
  Path Group:             (none)
  Path Type:              Min at Fast Process Corner
  Data Path Delay:        0.305ns  (logic 0.141ns (46.277%)  route 0.164ns (53.723%))
  Logic Levels:           1  (FDRE=1)

    Location             Delay type                Incr(ns)  Path(ns)    Netlist Resource(s)
  -------------------------------------------------------------------    -------------------
    SLICE_X9Y55          FDRE                         0.000     0.000 r  t_dina_reg[1]/C
    SLICE_X9Y55          FDRE (Prop_fdre_C_Q)         0.141     0.141 r  t_dina_reg[1]/Q
                         net (fo=1, routed)           0.164     0.305    ram128x16/Q[1]
    RAMB18_X0Y22         RAMB18E1                                     r  ram128x16/ram_name_reg/DIADI[1]
  -------------------------------------------------------------------    -------------------

Slack:                    inf
  Source:                 i_uart_tx/bitcounter_reg[1]/C
                            (rising edge-triggered cell FDRE)
  Destination:            i_uart_tx/bitcounter_reg[2]/D
  Path Group:             (none)
  Path Type:              Min at Fast Process Corner
  Data Path Delay:        0.316ns  (logic 0.227ns (71.758%)  route 0.089ns (28.242%))
  Logic Levels:           2  (FDRE=1 LUT6=1)

    Location             Delay type                Incr(ns)  Path(ns)    Netlist Resource(s)
  -------------------------------------------------------------------    -------------------
    SLICE_X4Y53          FDRE                         0.000     0.000 r  i_uart_tx/bitcounter_reg[1]/C
    SLICE_X4Y53          FDRE (Prop_fdre_C_Q)         0.128     0.128 r  i_uart_tx/bitcounter_reg[1]/Q
                         net (fo=3, routed)           0.089     0.217    i_uart_tx/bitcounter_reg_n_0_[1]
    SLICE_X4Y53          LUT6 (Prop_lut6_I1_O)        0.099     0.316 r  i_uart_tx/bitcounter[2]_i_1/O
                         net (fo=1, routed)           0.000     0.316    i_uart_tx/bitcounter[2]_i_1_n_0
    SLICE_X4Y53          FDRE                                         r  i_uart_tx/bitcounter_reg[2]/D
  -------------------------------------------------------------------    -------------------

Slack:                    inf
  Source:                 t_din_i_reg[7]/C
                            (rising edge-triggered cell FDRE)
  Destination:            i_uart_tx/shreg_reg[7]/D
  Path Group:             (none)
  Path Type:              Min at Fast Process Corner
  Data Path Delay:        0.320ns  (logic 0.186ns (58.094%)  route 0.134ns (41.906%))
  Logic Levels:           2  (FDRE=1 LUT4=1)

    Location             Delay type                Incr(ns)  Path(ns)    Netlist Resource(s)
  -------------------------------------------------------------------    -------------------
    SLICE_X7Y56          FDRE                         0.000     0.000 r  t_din_i_reg[7]/C
    SLICE_X7Y56          FDRE (Prop_fdre_C_Q)         0.141     0.141 r  t_din_i_reg[7]/Q
                         net (fo=1, routed)           0.134     0.275    i_uart_tx/din_i[7]
    SLICE_X6Y55          LUT4 (Prop_lut4_I3_O)        0.045     0.320 r  i_uart_tx/shreg[7]_i_2/O
                         net (fo=1, routed)           0.000     0.320    i_uart_tx/shreg[7]
    SLICE_X6Y55          FDRE                                         r  i_uart_tx/shreg_reg[7]/D
  -------------------------------------------------------------------    -------------------





