Copyright 1986-2022 Xilinx, Inc. All Rights Reserved. Copyright 2022-2025 Advanced Micro Devices, Inc. All Rights Reserved.
---------------------------------------------------------------------------------------------------------------------------------------------
| Tool Version : Vivado v.2025.1 (win64) Build 6140274 Thu May 22 00:12:29 MDT 2025
| Date         : Thu Aug  7 13:39:09 2025
| Host         : Yusuf-Soylu running 64-bit major release  (build 9200)
| Command      : report_control_sets -verbose -file BRAM_Uart_control_sets_placed.rpt
| Design       : BRAM_Uart
| Device       : xc7a100t
---------------------------------------------------------------------------------------------------------------------------------------------

Control Set Information

Table of Contents
-----------------
1. Summary
2. Histogram
3. Flip-Flop Distribution
4. Detailed Control Set Information

1. Summary
----------

+----------------------------------------------------------+-------+
|                          Status                          | Count |
+----------------------------------------------------------+-------+
| Total control sets                                       |     7 |
|    Minimum number of control sets                        |     7 |
|    Addition due to synthesis replication                 |     0 |
|    Addition due to physical synthesis replication        |     0 |
| Unused register locations in slices containing registers |    18 |
+----------------------------------------------------------+-------+
* Control sets can be merged at opt_design using control_set_merge or merge_equivalent_drivers
** Run report_qor_suggestions for automated merging and remapping suggestions


2. Histogram
------------

+--------------------+-------+
|       Fanout       | Count |
+--------------------+-------+
| Total control sets |     7 |
| >= 0 to < 4        |     1 |
| >= 4 to < 6        |     0 |
| >= 6 to < 8        |     0 |
| >= 8 to < 10       |     3 |
| >= 10 to < 12      |     2 |
| >= 12 to < 14      |     0 |
| >= 14 to < 16      |     0 |
| >= 16              |     1 |
+--------------------+-------+
* Control sets can be remapped at either synth_design or opt_design


3. Flip-Flop Distribution
-------------------------

+--------------+-----------------------+------------------------+-----------------+--------------+
| Clock Enable | Synchronous Set/Reset | Asynchronous Set/Reset | Total Registers | Total Slices |
+--------------+-----------------------+------------------------+-----------------+--------------+
| No           | No                    | No                     |              11 |            6 |
| No           | No                    | Yes                    |               0 |            0 |
| No           | Yes                   | No                     |               0 |            0 |
| Yes          | No                    | No                     |              41 |           14 |
| Yes          | No                    | Yes                    |               0 |            0 |
| Yes          | Yes                   | No                     |              10 |            3 |
+--------------+-----------------------+------------------------+-----------------+--------------+


4. Detailed Control Set Information
-----------------------------------

+------------------+------------------------+--------------------------------+------------------+----------------+--------------+
|   Clock Signal   |      Enable Signal     |        Set/Reset Signal        | Slice Load Count | Bel Load Count | Bels / Slice |
+------------------+------------------------+--------------------------------+------------------+----------------+--------------+
|  t_clk_IBUF_BUFG | i_uart_tx/tx_o_i_1_n_0 |                                |                1 |              1 |         1.00 |
|  t_clk_IBUF_BUFG | i_uart_tx/shreg_0      |                                |                2 |              8 |         4.00 |
|  t_clk_IBUF_BUFG | i_uart_tx/E[0]         |                                |                5 |              8 |         1.60 |
|  t_clk_IBUF_BUFG | t_din_i[7]_i_1_n_0     |                                |                2 |              8 |         4.00 |
|  t_clk_IBUF_BUFG | i_uart_tx/bittimer     | i_uart_tx/bittimer[10]_i_1_n_0 |                3 |             10 |         3.33 |
|  t_clk_IBUF_BUFG |                        |                                |                6 |             11 |         1.83 |
|  t_clk_IBUF_BUFG | t_addra                |                                |                4 |             16 |         4.00 |
+------------------+------------------------+--------------------------------+------------------+----------------+--------------+


