Copyright 1986-2022 Xilinx, Inc. All Rights Reserved. Copyright 2022-2025 Advanced Micro Devices, Inc. All Rights Reserved.
------------------------------------------------------------------------------------------------------------------------------------------------------------------------------------------------------------------------------------
| Tool Version : Vivado v.2025.1 (win64) Build 6140274 Thu May 22 00:12:29 MDT 2025
| Date         : Sat Jul  5 13:17:39 2025
| Host         : Yusuf-Soylu running 64-bit major release  (build 9200)
| Command      : report_timing_summary -max_paths 10 -routable_nets -report_unconstrained -file debounce_timing_summary_routed.rpt -pb debounce_timing_summary_routed.pb -rpx debounce_timing_summary_routed.rpx -warn_on_violation
| Design       : debounce
| Device       : 7a100t-csg324
| Speed File   : -1  PRODUCTION 1.23 2018-06-13
| Design State : Routed
------------------------------------------------------------------------------------------------------------------------------------------------------------------------------------------------------------------------------------

Timing Summary Report

------------------------------------------------------------------------------------------------
| Timer Settings
| --------------
------------------------------------------------------------------------------------------------

  Enable Multi Corner Analysis               :  Yes
  Enable Pessimism Removal                   :  Yes
  Pessimism Removal Resolution               :  Nearest Common Node
  Enable Input Delay Default Clock           :  No
  Enable Preset / Clear Arcs                 :  No
  Disable Flight Delays                      :  No
  Ignore I/O Paths                           :  No
  Timing Early Launch at Borrowing Latches   :  No
  Borrow Time for Max Delay Exceptions       :  Yes
  Merge Timing Exceptions                    :  Yes
  Inter-SLR Compensation                     :  Conservative

  Corner  Analyze    Analyze    
  Name    Max Paths  Min Paths  
  ------  ---------  ---------  
  Slow    Yes        Yes        
  Fast    Yes        Yes        


------------------------------------------------------------------------------------------------
| Report Methodology
| ------------------
------------------------------------------------------------------------------------------------

Rule       Severity          Description                  Violations  
---------  ----------------  ---------------------------  ----------  
TIMING-17  Critical Warning  Non-clocked sequential cell  23          

Note: This report is based on the most recent report_methodology run and may not be up-to-date. Run report_methodology on the current design for the latest report.



check_timing report

Table of Contents
-----------------
1. checking no_clock (23)
2. checking constant_clock (0)
3. checking pulse_width_clock (0)
4. checking unconstrained_internal_endpoints (41)
5. checking no_input_delay (1)
6. checking no_output_delay (1)
7. checking multiple_clock (0)
8. checking generated_clocks (0)
9. checking loops (0)
10. checking partial_input_delay (0)
11. checking partial_output_delay (0)
12. checking latch_loops (0)

1. checking no_clock (23)
-------------------------
 There are 23 register/latch pins with no clock driven by root clock pin: clk (HIGH)


2. checking constant_clock (0)
------------------------------
 There are 0 register/latch pins with constant_clock.


3. checking pulse_width_clock (0)
---------------------------------
 There are 0 register/latch pins which need pulse_width check


4. checking unconstrained_internal_endpoints (41)
-------------------------------------------------
 There are 41 pins that are not constrained for maximum delay. (HIGH)

 There are 0 pins that are not constrained for maximum delay due to constant clock.


5. checking no_input_delay (1)
------------------------------
 There is 1 input port with no input delay specified. (HIGH)

 There are 0 input ports with no input delay but user has a false path constraint.


6. checking no_output_delay (1)
-------------------------------
 There is 1 port with no output delay specified. (HIGH)

 There are 0 ports with no output delay but user has a false path constraint

 There are 0 ports with no output delay but with a timing clock defined on it or propagating through it


7. checking multiple_clock (0)
------------------------------
 There are 0 register/latch pins with multiple clocks.


8. checking generated_clocks (0)
--------------------------------
 There are 0 generated clocks that are not connected to a clock source.


9. checking loops (0)
---------------------
 There are 0 combinational loops in the design.


10. checking partial_input_delay (0)
------------------------------------
 There are 0 input ports with partial input delay specified.


11. checking partial_output_delay (0)
-------------------------------------
 There are 0 ports with partial output delay specified.


12. checking latch_loops (0)
----------------------------
 There are 0 combinational latch loops in the design through latch input



------------------------------------------------------------------------------------------------
| Design Timing Summary
| ---------------------
------------------------------------------------------------------------------------------------

    WNS(ns)      TNS(ns)  TNS Failing Endpoints  TNS Total Endpoints      WHS(ns)      THS(ns)  THS Failing Endpoints  THS Total Endpoints     WPWS(ns)     TPWS(ns)  TPWS Failing Endpoints  TPWS Total Endpoints  
    -------      -------  ---------------------  -------------------      -------      -------  ---------------------  -------------------     --------     --------  ----------------------  --------------------  
        inf        0.000                      0                   42          inf        0.000                      0                   42           NA           NA                      NA                    NA  


There are no user specified timing constraints.


------------------------------------------------------------------------------------------------
| Clock Summary
| -------------
------------------------------------------------------------------------------------------------


------------------------------------------------------------------------------------------------
| Intra Clock Table
| -----------------
------------------------------------------------------------------------------------------------

Clock             WNS(ns)      TNS(ns)  TNS Failing Endpoints  TNS Total Endpoints      WHS(ns)      THS(ns)  THS Failing Endpoints  THS Total Endpoints     WPWS(ns)     TPWS(ns)  TPWS Failing Endpoints  TPWS Total Endpoints  
-----             -------      -------  ---------------------  -------------------      -------      -------  ---------------------  -------------------     --------     --------  ----------------------  --------------------  


------------------------------------------------------------------------------------------------
| Inter Clock Table
| -----------------
------------------------------------------------------------------------------------------------

From Clock    To Clock          WNS(ns)      TNS(ns)  TNS Failing Endpoints  TNS Total Endpoints      WHS(ns)      THS(ns)  THS Failing Endpoints  THS Total Endpoints  
----------    --------          -------      -------  ---------------------  -------------------      -------      -------  ---------------------  -------------------  


------------------------------------------------------------------------------------------------
| Other Path Groups Table
| -----------------------
------------------------------------------------------------------------------------------------

Path Group    From Clock    To Clock          WNS(ns)      TNS(ns)  TNS Failing Endpoints  TNS Total Endpoints      WHS(ns)      THS(ns)  THS Failing Endpoints  THS Total Endpoints  
----------    ----------    --------          -------      -------  ---------------------  -------------------      -------      -------  ---------------------  -------------------  


------------------------------------------------------------------------------------------------
| User Ignored Path Table
| -----------------------
------------------------------------------------------------------------------------------------

Path Group    From Clock    To Clock    
----------    ----------    --------    


------------------------------------------------------------------------------------------------
| Unconstrained Path Table
| ------------------------
------------------------------------------------------------------------------------------------

Path Group    From Clock    To Clock    
----------    ----------    --------    
(none)                                    


------------------------------------------------------------------------------------------------
| Timing Details
| --------------
------------------------------------------------------------------------------------------------


--------------------------------------------------------------------------------------
Path Group:  (none)
From Clock:  
  To Clock:  

Max Delay            42 Endpoints
Min Delay            42 Endpoints
--------------------------------------------------------------------------------------


Max Delay Paths
--------------------------------------------------------------------------------------
Slack:                    inf
  Source:                 signal_o_reg/C
                            (rising edge-triggered cell FDRE)
  Destination:            signal_o
                            (output port)
  Path Group:             (none)
  Path Type:              Max at Slow Process Corner
  Data Path Delay:        4.970ns  (logic 3.126ns (62.894%)  route 1.844ns (37.106%))
  Logic Levels:           2  (FDRE=1 OBUF=1)

    Location             Delay type                Incr(ns)  Path(ns)    Netlist Resource(s)
  -------------------------------------------------------------------    -------------------
    SLICE_X4Y50          FDRE                         0.000     0.000 r  signal_o_reg/C
    SLICE_X4Y50          FDRE (Prop_fdre_C_Q)         0.456     0.456 r  signal_o_reg/Q
                         net (fo=1, routed)           1.844     2.300    signal_o_OBUF
    T10                  OBUF (Prop_obuf_I_O)         2.670     4.970 r  signal_o_OBUF_inst/O
                         net (fo=0)                   0.000     4.970    signal_o
    T10                                                               r  signal_o (OUT)
  -------------------------------------------------------------------    -------------------

Slack:                    inf
  Source:                 timer_reg[3]/C
                            (rising edge-triggered cell FDRE)
  Destination:            timer_reg[10]/R
  Path Group:             (none)
  Path Type:              Max at Slow Process Corner
  Data Path Delay:        3.442ns  (logic 0.766ns (22.254%)  route 2.676ns (77.746%))
  Logic Levels:           3  (FDRE=1 LUT4=1 LUT5=1)

    Location             Delay type                Incr(ns)  Path(ns)    Netlist Resource(s)
  -------------------------------------------------------------------    -------------------
    SLICE_X2Y48          FDRE                         0.000     0.000 r  timer_reg[3]/C
    SLICE_X2Y48          FDRE (Prop_fdre_C_Q)         0.518     0.518 r  timer_reg[3]/Q
                         net (fo=2, routed)           1.075     1.593    timer_reg[3]
    SLICE_X3Y48          LUT4 (Prop_lut4_I2_O)        0.124     1.717 f  timer[0]_i_4/O
                         net (fo=2, routed)           0.796     2.513    timer[0]_i_4_n_0
    SLICE_X3Y50          LUT5 (Prop_lut5_I1_O)        0.124     2.637 r  timer[0]_i_1/O
                         net (fo=17, routed)          0.805     3.442    timer[0]_i_1_n_0
    SLICE_X2Y50          FDRE                                         r  timer_reg[10]/R
  -------------------------------------------------------------------    -------------------

Slack:                    inf
  Source:                 timer_reg[3]/C
                            (rising edge-triggered cell FDRE)
  Destination:            timer_reg[11]/R
  Path Group:             (none)
  Path Type:              Max at Slow Process Corner
  Data Path Delay:        3.442ns  (logic 0.766ns (22.254%)  route 2.676ns (77.746%))
  Logic Levels:           3  (FDRE=1 LUT4=1 LUT5=1)

    Location             Delay type                Incr(ns)  Path(ns)    Netlist Resource(s)
  -------------------------------------------------------------------    -------------------
    SLICE_X2Y48          FDRE                         0.000     0.000 r  timer_reg[3]/C
    SLICE_X2Y48          FDRE (Prop_fdre_C_Q)         0.518     0.518 r  timer_reg[3]/Q
                         net (fo=2, routed)           1.075     1.593    timer_reg[3]
    SLICE_X3Y48          LUT4 (Prop_lut4_I2_O)        0.124     1.717 f  timer[0]_i_4/O
                         net (fo=2, routed)           0.796     2.513    timer[0]_i_4_n_0
    SLICE_X3Y50          LUT5 (Prop_lut5_I1_O)        0.124     2.637 r  timer[0]_i_1/O
                         net (fo=17, routed)          0.805     3.442    timer[0]_i_1_n_0
    SLICE_X2Y50          FDRE                                         r  timer_reg[11]/R
  -------------------------------------------------------------------    -------------------

Slack:                    inf
  Source:                 timer_reg[3]/C
                            (rising edge-triggered cell FDRE)
  Destination:            timer_reg[8]/R
  Path Group:             (none)
  Path Type:              Max at Slow Process Corner
  Data Path Delay:        3.442ns  (logic 0.766ns (22.254%)  route 2.676ns (77.746%))
  Logic Levels:           3  (FDRE=1 LUT4=1 LUT5=1)

    Location             Delay type                Incr(ns)  Path(ns)    Netlist Resource(s)
  -------------------------------------------------------------------    -------------------
    SLICE_X2Y48          FDRE                         0.000     0.000 r  timer_reg[3]/C
    SLICE_X2Y48          FDRE (Prop_fdre_C_Q)         0.518     0.518 r  timer_reg[3]/Q
                         net (fo=2, routed)           1.075     1.593    timer_reg[3]
    SLICE_X3Y48          LUT4 (Prop_lut4_I2_O)        0.124     1.717 f  timer[0]_i_4/O
                         net (fo=2, routed)           0.796     2.513    timer[0]_i_4_n_0
    SLICE_X3Y50          LUT5 (Prop_lut5_I1_O)        0.124     2.637 r  timer[0]_i_1/O
                         net (fo=17, routed)          0.805     3.442    timer[0]_i_1_n_0
    SLICE_X2Y50          FDRE                                         r  timer_reg[8]/R
  -------------------------------------------------------------------    -------------------

Slack:                    inf
  Source:                 timer_reg[3]/C
                            (rising edge-triggered cell FDRE)
  Destination:            timer_reg[9]/R
  Path Group:             (none)
  Path Type:              Max at Slow Process Corner
  Data Path Delay:        3.442ns  (logic 0.766ns (22.254%)  route 2.676ns (77.746%))
  Logic Levels:           3  (FDRE=1 LUT4=1 LUT5=1)

    Location             Delay type                Incr(ns)  Path(ns)    Netlist Resource(s)
  -------------------------------------------------------------------    -------------------
    SLICE_X2Y48          FDRE                         0.000     0.000 r  timer_reg[3]/C
    SLICE_X2Y48          FDRE (Prop_fdre_C_Q)         0.518     0.518 r  timer_reg[3]/Q
                         net (fo=2, routed)           1.075     1.593    timer_reg[3]
    SLICE_X3Y48          LUT4 (Prop_lut4_I2_O)        0.124     1.717 f  timer[0]_i_4/O
                         net (fo=2, routed)           0.796     2.513    timer[0]_i_4_n_0
    SLICE_X3Y50          LUT5 (Prop_lut5_I1_O)        0.124     2.637 r  timer[0]_i_1/O
                         net (fo=17, routed)          0.805     3.442    timer[0]_i_1_n_0
    SLICE_X2Y50          FDRE                                         r  timer_reg[9]/R
  -------------------------------------------------------------------    -------------------

Slack:                    inf
  Source:                 timer_reg[3]/C
                            (rising edge-triggered cell FDRE)
  Destination:            timer_reg[0]/R
  Path Group:             (none)
  Path Type:              Max at Slow Process Corner
  Data Path Delay:        3.189ns  (logic 0.766ns (24.016%)  route 2.423ns (75.984%))
  Logic Levels:           3  (FDRE=1 LUT4=1 LUT5=1)

    Location             Delay type                Incr(ns)  Path(ns)    Netlist Resource(s)
  -------------------------------------------------------------------    -------------------
    SLICE_X2Y48          FDRE                         0.000     0.000 r  timer_reg[3]/C
    SLICE_X2Y48          FDRE (Prop_fdre_C_Q)         0.518     0.518 r  timer_reg[3]/Q
                         net (fo=2, routed)           1.075     1.593    timer_reg[3]
    SLICE_X3Y48          LUT4 (Prop_lut4_I2_O)        0.124     1.717 f  timer[0]_i_4/O
                         net (fo=2, routed)           0.796     2.513    timer[0]_i_4_n_0
    SLICE_X3Y50          LUT5 (Prop_lut5_I1_O)        0.124     2.637 r  timer[0]_i_1/O
                         net (fo=17, routed)          0.553     3.189    timer[0]_i_1_n_0
    SLICE_X2Y48          FDRE                                         r  timer_reg[0]/R
  -------------------------------------------------------------------    -------------------

Slack:                    inf
  Source:                 timer_reg[3]/C
                            (rising edge-triggered cell FDRE)
  Destination:            timer_reg[1]/R
  Path Group:             (none)
  Path Type:              Max at Slow Process Corner
  Data Path Delay:        3.189ns  (logic 0.766ns (24.016%)  route 2.423ns (75.984%))
  Logic Levels:           3  (FDRE=1 LUT4=1 LUT5=1)

    Location             Delay type                Incr(ns)  Path(ns)    Netlist Resource(s)
  -------------------------------------------------------------------    -------------------
    SLICE_X2Y48          FDRE                         0.000     0.000 r  timer_reg[3]/C
    SLICE_X2Y48          FDRE (Prop_fdre_C_Q)         0.518     0.518 r  timer_reg[3]/Q
                         net (fo=2, routed)           1.075     1.593    timer_reg[3]
    SLICE_X3Y48          LUT4 (Prop_lut4_I2_O)        0.124     1.717 f  timer[0]_i_4/O
                         net (fo=2, routed)           0.796     2.513    timer[0]_i_4_n_0
    SLICE_X3Y50          LUT5 (Prop_lut5_I1_O)        0.124     2.637 r  timer[0]_i_1/O
                         net (fo=17, routed)          0.553     3.189    timer[0]_i_1_n_0
    SLICE_X2Y48          FDRE                                         r  timer_reg[1]/R
  -------------------------------------------------------------------    -------------------

Slack:                    inf
  Source:                 timer_reg[3]/C
                            (rising edge-triggered cell FDRE)
  Destination:            timer_reg[2]/R
  Path Group:             (none)
  Path Type:              Max at Slow Process Corner
  Data Path Delay:        3.189ns  (logic 0.766ns (24.016%)  route 2.423ns (75.984%))
  Logic Levels:           3  (FDRE=1 LUT4=1 LUT5=1)

    Location             Delay type                Incr(ns)  Path(ns)    Netlist Resource(s)
  -------------------------------------------------------------------    -------------------
    SLICE_X2Y48          FDRE                         0.000     0.000 r  timer_reg[3]/C
    SLICE_X2Y48          FDRE (Prop_fdre_C_Q)         0.518     0.518 r  timer_reg[3]/Q
                         net (fo=2, routed)           1.075     1.593    timer_reg[3]
    SLICE_X3Y48          LUT4 (Prop_lut4_I2_O)        0.124     1.717 f  timer[0]_i_4/O
                         net (fo=2, routed)           0.796     2.513    timer[0]_i_4_n_0
    SLICE_X3Y50          LUT5 (Prop_lut5_I1_O)        0.124     2.637 r  timer[0]_i_1/O
                         net (fo=17, routed)          0.553     3.189    timer[0]_i_1_n_0
    SLICE_X2Y48          FDRE                                         r  timer_reg[2]/R
  -------------------------------------------------------------------    -------------------

Slack:                    inf
  Source:                 timer_reg[3]/C
                            (rising edge-triggered cell FDRE)
  Destination:            timer_reg[3]/R
  Path Group:             (none)
  Path Type:              Max at Slow Process Corner
  Data Path Delay:        3.189ns  (logic 0.766ns (24.016%)  route 2.423ns (75.984%))
  Logic Levels:           3  (FDRE=1 LUT4=1 LUT5=1)

    Location             Delay type                Incr(ns)  Path(ns)    Netlist Resource(s)
  -------------------------------------------------------------------    -------------------
    SLICE_X2Y48          FDRE                         0.000     0.000 r  timer_reg[3]/C
    SLICE_X2Y48          FDRE (Prop_fdre_C_Q)         0.518     0.518 r  timer_reg[3]/Q
                         net (fo=2, routed)           1.075     1.593    timer_reg[3]
    SLICE_X3Y48          LUT4 (Prop_lut4_I2_O)        0.124     1.717 f  timer[0]_i_4/O
                         net (fo=2, routed)           0.796     2.513    timer[0]_i_4_n_0
    SLICE_X3Y50          LUT5 (Prop_lut5_I1_O)        0.124     2.637 r  timer[0]_i_1/O
                         net (fo=17, routed)          0.553     3.189    timer[0]_i_1_n_0
    SLICE_X2Y48          FDRE                                         r  timer_reg[3]/R
  -------------------------------------------------------------------    -------------------

Slack:                    inf
  Source:                 timer_reg[3]/C
                            (rising edge-triggered cell FDRE)
  Destination:            timer_reg[4]/R
  Path Group:             (none)
  Path Type:              Max at Slow Process Corner
  Data Path Delay:        3.150ns  (logic 0.766ns (24.314%)  route 2.384ns (75.686%))
  Logic Levels:           3  (FDRE=1 LUT4=1 LUT5=1)

    Location             Delay type                Incr(ns)  Path(ns)    Netlist Resource(s)
  -------------------------------------------------------------------    -------------------
    SLICE_X2Y48          FDRE                         0.000     0.000 r  timer_reg[3]/C
    SLICE_X2Y48          FDRE (Prop_fdre_C_Q)         0.518     0.518 r  timer_reg[3]/Q
                         net (fo=2, routed)           1.075     1.593    timer_reg[3]
    SLICE_X3Y48          LUT4 (Prop_lut4_I2_O)        0.124     1.717 f  timer[0]_i_4/O
                         net (fo=2, routed)           0.796     2.513    timer[0]_i_4_n_0
    SLICE_X3Y50          LUT5 (Prop_lut5_I1_O)        0.124     2.637 r  timer[0]_i_1/O
                         net (fo=17, routed)          0.513     3.150    timer[0]_i_1_n_0
    SLICE_X2Y49          FDRE                                         r  timer_reg[4]/R
  -------------------------------------------------------------------    -------------------





Min Delay Paths
--------------------------------------------------------------------------------------
Slack:                    inf
  Source:                 FSM_sequential_state_reg[1]/C
                            (rising edge-triggered cell FDRE)
  Destination:            timer_en_reg/D
  Path Group:             (none)
  Path Type:              Min at Fast Process Corner
  Data Path Delay:        0.306ns  (logic 0.186ns (60.767%)  route 0.120ns (39.233%))
  Logic Levels:           2  (FDRE=1 LUT6=1)

    Location             Delay type                Incr(ns)  Path(ns)    Netlist Resource(s)
  -------------------------------------------------------------------    -------------------
    SLICE_X0Y50          FDRE                         0.000     0.000 r  FSM_sequential_state_reg[1]/C
    SLICE_X0Y50          FDRE (Prop_fdre_C_Q)         0.141     0.141 r  FSM_sequential_state_reg[1]/Q
                         net (fo=6, routed)           0.120     0.261    state[1]
    SLICE_X1Y50          LUT6 (Prop_lut6_I3_O)        0.045     0.306 r  timer_en_i_1/O
                         net (fo=1, routed)           0.000     0.306    timer_en_i_1_n_0
    SLICE_X1Y50          FDRE                                         r  timer_en_reg/D
  -------------------------------------------------------------------    -------------------

Slack:                    inf
  Source:                 FSM_sequential_state_reg[2]/C
                            (rising edge-triggered cell FDRE)
  Destination:            FSM_sequential_state_reg[0]/D
  Path Group:             (none)
  Path Type:              Min at Fast Process Corner
  Data Path Delay:        0.318ns  (logic 0.227ns (71.437%)  route 0.091ns (28.563%))
  Logic Levels:           2  (FDRE=1 LUT5=1)

    Location             Delay type                Incr(ns)  Path(ns)    Netlist Resource(s)
  -------------------------------------------------------------------    -------------------
    SLICE_X0Y50          FDRE                         0.000     0.000 r  FSM_sequential_state_reg[2]/C
    SLICE_X0Y50          FDRE (Prop_fdre_C_Q)         0.128     0.128 r  FSM_sequential_state_reg[2]/Q
                         net (fo=6, routed)           0.091     0.219    state[2]
    SLICE_X0Y50          LUT5 (Prop_lut5_I0_O)        0.099     0.318 r  FSM_sequential_state[0]_i_1/O
                         net (fo=1, routed)           0.000     0.318    FSM_sequential_state[0]_i_1_n_0
    SLICE_X0Y50          FDRE                                         r  FSM_sequential_state_reg[0]/D
  -------------------------------------------------------------------    -------------------

Slack:                    inf
  Source:                 FSM_sequential_state_reg[2]/C
                            (rising edge-triggered cell FDRE)
  Destination:            signal_o_reg/D
  Path Group:             (none)
  Path Type:              Min at Fast Process Corner
  Data Path Delay:        0.387ns  (logic 0.227ns (58.627%)  route 0.160ns (41.373%))
  Logic Levels:           2  (FDRE=1 LUT3=1)

    Location             Delay type                Incr(ns)  Path(ns)    Netlist Resource(s)
  -------------------------------------------------------------------    -------------------
    SLICE_X0Y50          FDRE                         0.000     0.000 r  FSM_sequential_state_reg[2]/C
    SLICE_X0Y50          FDRE (Prop_fdre_C_Q)         0.128     0.128 f  FSM_sequential_state_reg[2]/Q
                         net (fo=6, routed)           0.160     0.288    state[2]
    SLICE_X4Y50          LUT3 (Prop_lut3_I0_O)        0.099     0.387 r  signal_o_i_2/O
                         net (fo=1, routed)           0.000     0.387    signal_o_i_2_n_0
    SLICE_X4Y50          FDRE                                         r  signal_o_reg/D
  -------------------------------------------------------------------    -------------------

Slack:                    inf
  Source:                 FSM_sequential_state_reg[1]/C
                            (rising edge-triggered cell FDRE)
  Destination:            FSM_sequential_state_reg[2]/D
  Path Group:             (none)
  Path Type:              Min at Fast Process Corner
  Data Path Delay:        0.390ns  (logic 0.183ns (46.923%)  route 0.207ns (53.077%))
  Logic Levels:           2  (FDRE=1 LUT5=1)

    Location             Delay type                Incr(ns)  Path(ns)    Netlist Resource(s)
  -------------------------------------------------------------------    -------------------
    SLICE_X0Y50          FDRE                         0.000     0.000 r  FSM_sequential_state_reg[1]/C
    SLICE_X0Y50          FDRE (Prop_fdre_C_Q)         0.141     0.141 r  FSM_sequential_state_reg[1]/Q
                         net (fo=6, routed)           0.207     0.348    state[1]
    SLICE_X0Y50          LUT5 (Prop_lut5_I2_O)        0.042     0.390 r  FSM_sequential_state[2]_i_1/O
                         net (fo=1, routed)           0.000     0.390    FSM_sequential_state[2]_i_1_n_0
    SLICE_X0Y50          FDRE                                         r  FSM_sequential_state_reg[2]/D
  -------------------------------------------------------------------    -------------------

Slack:                    inf
  Source:                 FSM_sequential_state_reg[1]/C
                            (rising edge-triggered cell FDRE)
  Destination:            FSM_sequential_state_reg[1]/D
  Path Group:             (none)
  Path Type:              Min at Fast Process Corner
  Data Path Delay:        0.393ns  (logic 0.186ns (47.328%)  route 0.207ns (52.672%))
  Logic Levels:           2  (FDRE=1 LUT5=1)

    Location             Delay type                Incr(ns)  Path(ns)    Netlist Resource(s)
  -------------------------------------------------------------------    -------------------
    SLICE_X0Y50          FDRE                         0.000     0.000 r  FSM_sequential_state_reg[1]/C
    SLICE_X0Y50          FDRE (Prop_fdre_C_Q)         0.141     0.141 r  FSM_sequential_state_reg[1]/Q
                         net (fo=6, routed)           0.207     0.348    state[1]
    SLICE_X0Y50          LUT5 (Prop_lut5_I2_O)        0.045     0.393 r  FSM_sequential_state[1]_i_1/O
                         net (fo=1, routed)           0.000     0.393    FSM_sequential_state[1]_i_1_n_0
    SLICE_X0Y50          FDRE                                         r  FSM_sequential_state_reg[1]/D
  -------------------------------------------------------------------    -------------------

Slack:                    inf
  Source:                 timer_reg[10]/C
                            (rising edge-triggered cell FDRE)
  Destination:            timer_reg[10]/D
  Path Group:             (none)
  Path Type:              Min at Fast Process Corner
  Data Path Delay:        0.399ns  (logic 0.274ns (68.589%)  route 0.125ns (31.411%))
  Logic Levels:           2  (CARRY4=1 FDRE=1)

    Location             Delay type                Incr(ns)  Path(ns)    Netlist Resource(s)
  -------------------------------------------------------------------    -------------------
    SLICE_X2Y50          FDRE                         0.000     0.000 r  timer_reg[10]/C
    SLICE_X2Y50          FDRE (Prop_fdre_C_Q)         0.164     0.164 r  timer_reg[10]/Q
                         net (fo=2, routed)           0.125     0.289    timer_reg[10]
    SLICE_X2Y50          CARRY4 (Prop_carry4_S[2]_O[2])
                                                      0.110     0.399 r  timer_reg[8]_i_1/O[2]
                         net (fo=1, routed)           0.000     0.399    timer_reg[8]_i_1_n_5
    SLICE_X2Y50          FDRE                                         r  timer_reg[10]/D
  -------------------------------------------------------------------    -------------------

Slack:                    inf
  Source:                 timer_reg[14]/C
                            (rising edge-triggered cell FDRE)
  Destination:            timer_reg[14]/D
  Path Group:             (none)
  Path Type:              Min at Fast Process Corner
  Data Path Delay:        0.399ns  (logic 0.274ns (68.589%)  route 0.125ns (31.411%))
  Logic Levels:           2  (CARRY4=1 FDRE=1)

    Location             Delay type                Incr(ns)  Path(ns)    Netlist Resource(s)
  -------------------------------------------------------------------    -------------------
    SLICE_X2Y51          FDRE                         0.000     0.000 r  timer_reg[14]/C
    SLICE_X2Y51          FDRE (Prop_fdre_C_Q)         0.164     0.164 r  timer_reg[14]/Q
                         net (fo=2, routed)           0.125     0.289    timer_reg[14]
    SLICE_X2Y51          CARRY4 (Prop_carry4_S[2]_O[2])
                                                      0.110     0.399 r  timer_reg[12]_i_1/O[2]
                         net (fo=1, routed)           0.000     0.399    timer_reg[12]_i_1_n_5
    SLICE_X2Y51          FDRE                                         r  timer_reg[14]/D
  -------------------------------------------------------------------    -------------------

Slack:                    inf
  Source:                 timer_reg[2]/C
                            (rising edge-triggered cell FDRE)
  Destination:            timer_reg[2]/D
  Path Group:             (none)
  Path Type:              Min at Fast Process Corner
  Data Path Delay:        0.399ns  (logic 0.274ns (68.589%)  route 0.125ns (31.411%))
  Logic Levels:           2  (CARRY4=1 FDRE=1)

    Location             Delay type                Incr(ns)  Path(ns)    Netlist Resource(s)
  -------------------------------------------------------------------    -------------------
    SLICE_X2Y48          FDRE                         0.000     0.000 r  timer_reg[2]/C
    SLICE_X2Y48          FDRE (Prop_fdre_C_Q)         0.164     0.164 r  timer_reg[2]/Q
                         net (fo=2, routed)           0.125     0.289    timer_reg[2]
    SLICE_X2Y48          CARRY4 (Prop_carry4_S[2]_O[2])
                                                      0.110     0.399 r  timer_reg[0]_i_2/O[2]
                         net (fo=1, routed)           0.000     0.399    timer_reg[0]_i_2_n_5
    SLICE_X2Y48          FDRE                                         r  timer_reg[2]/D
  -------------------------------------------------------------------    -------------------

Slack:                    inf
  Source:                 timer_reg[6]/C
                            (rising edge-triggered cell FDRE)
  Destination:            timer_reg[6]/D
  Path Group:             (none)
  Path Type:              Min at Fast Process Corner
  Data Path Delay:        0.401ns  (logic 0.274ns (68.401%)  route 0.127ns (31.599%))
  Logic Levels:           2  (CARRY4=1 FDRE=1)

    Location             Delay type                Incr(ns)  Path(ns)    Netlist Resource(s)
  -------------------------------------------------------------------    -------------------
    SLICE_X2Y49          FDRE                         0.000     0.000 r  timer_reg[6]/C
    SLICE_X2Y49          FDRE (Prop_fdre_C_Q)         0.164     0.164 r  timer_reg[6]/Q
                         net (fo=2, routed)           0.127     0.291    timer_reg[6]
    SLICE_X2Y49          CARRY4 (Prop_carry4_S[2]_O[2])
                                                      0.110     0.401 r  timer_reg[4]_i_1/O[2]
                         net (fo=1, routed)           0.000     0.401    timer_reg[4]_i_1_n_5
    SLICE_X2Y49          FDRE                                         r  timer_reg[6]/D
  -------------------------------------------------------------------    -------------------

Slack:                    inf
  Source:                 timer_reg[10]/C
                            (rising edge-triggered cell FDRE)
  Destination:            timer_reg[11]/D
  Path Group:             (none)
  Path Type:              Min at Fast Process Corner
  Data Path Delay:        0.435ns  (logic 0.310ns (71.185%)  route 0.125ns (28.815%))
  Logic Levels:           2  (CARRY4=1 FDRE=1)

    Location             Delay type                Incr(ns)  Path(ns)    Netlist Resource(s)
  -------------------------------------------------------------------    -------------------
    SLICE_X2Y50          FDRE                         0.000     0.000 r  timer_reg[10]/C
    SLICE_X2Y50          FDRE (Prop_fdre_C_Q)         0.164     0.164 r  timer_reg[10]/Q
                         net (fo=2, routed)           0.125     0.289    timer_reg[10]
    SLICE_X2Y50          CARRY4 (Prop_carry4_S[2]_O[3])
                                                      0.146     0.435 r  timer_reg[8]_i_1/O[3]
                         net (fo=1, routed)           0.000     0.435    timer_reg[8]_i_1_n_4
    SLICE_X2Y50          FDRE                                         r  timer_reg[11]/D
  -------------------------------------------------------------------    -------------------





