#-----------------------------------------------------------
# Vivado v2024.2 (64-bit)
# SW Build 5239630 on Fri Nov 08 22:35:27 MST 2024
# IP Build 5239520 on Sun Nov 10 16:12:51 MST 2024
# SharedData Build 5239561 on Fri Nov 08 14:39:27 MST 2024
# Start of session at: Fri Jun 20 11:08:37 2025
# Process ID         : 22496
# Current directory  : C:/Users/yusuf/Desktop/Vivado Projeleri/ders_5_Bir_paket_nasil_olmali
# Command line       : vivado.exe -gui_launcher_event rodinguilauncherevent15680 C:\Users\yusuf\Desktop\Vivado Projeleri\ders_5_Bir_paket_nasil_olmali\ders_5_Bir_paket_nasil_olmali.xpr
# Log file           : C:/Users/yusuf/Desktop/Vivado Projeleri/ders_5_Bir_paket_nasil_olmali/vivado.log
# Journal file       : C:/Users/yusuf/Desktop/Vivado Projeleri/ders_5_Bir_paket_nasil_olmali\vivado.jou
# Running On         : YusufSoylu
# Platform           : Windows Server 2016 or Windows 10
# Operating System   : 26100
# Processor Detail   : Intel(R) Core(TM) i5-9300H CPU @ 2.40GHz
# CPU Frequency      : 2400 MHz
# CPU Physical cores : 4
# CPU Logical cores  : 8
# Host memory        : 17013 MB
# Swap memory        : 2166 MB
# Total Virtual      : 19179 MB
# Available Virtual  : 9039 MB
#-----------------------------------------------------------
start_gui
open_project {C:/Users/yusuf/Desktop/Vivado Projeleri/ders_5_Bir_paket_nasil_olmali/ders_5_Bir_paket_nasil_olmali.xpr}
WARNING: [Board 49-26] cannot add Board Part digilentinc.com:genesys2:part0:1.1 available at C:/Users/yusuf/Documents/Xilinx/Vivado/2024.2/data/boards/board_files/genesys2/H/board.xml as part xc7k325tffg900-2 specified in board_part file is either invalid or not available
WARNING: [Board 49-26] cannot add Board Part digilentinc.com:sword:part0:1.0 available at C:/Users/yusuf/Documents/Xilinx/Vivado/2024.2/data/boards/board_files/sword/C.0/board.xml as part xc7k325tffg900-2 specified in board_part file is either invalid or not available
INFO: [filemgmt 56-3] Default IP Output Path : Could not find the directory 'C:/Users/yusuf/Desktop/Vivado Projeleri/ders_5_Bir_paket_nasil_olmali/ders_5_Bir_paket_nasil_olmali.gen/sources_1'.
Scanning sources...
Finished scanning sources
INFO: [IP_Flow 19-234] Refreshing IP repositories
INFO: [IP_Flow 19-1704] No user IP repositories specified
INFO: [IP_Flow 19-2313] Loaded Vivado IP repository 'C:/Users/yusuf/Documents/Xilinx/Vivado/2024.2/data/ip'.
open_project: Time (s): cpu = 00:00:17 ; elapsed = 00:00:08 . Memory (MB): peak = 1272.984 ; gain = 177.512
update_compile_order -fileset sources_1
close_project
open_project {C:/Users/yusuf/Desktop/Vivado Projeleri/ders_6_hocayla_simülasyon/ders_6_hocayla_simülasyon.xpr}
INFO: [filemgmt 56-3] Default IP Output Path : Could not find the directory 'C:/Users/yusuf/Desktop/Vivado Projeleri/ders_6_hocayla_simülasyon/ders_6_hocayla_simülasyon.gen/sources_1'.
Scanning sources...
Finished scanning sources
INFO: [IP_Flow 19-234] Refreshing IP repositories
INFO: [IP_Flow 19-1704] No user IP repositories specified
INFO: [IP_Flow 19-2313] Loaded Vivado IP repository 'C:/Users/yusuf/Documents/Xilinx/Vivado/2024.2/data/ip'.
update_compile_order -fileset sources_1
exit
INFO: [Common 17-206] Exiting Vivado at Fri Jun 20 11:09:32 2025...
