Copyright 1986-2022 Xilinx, Inc. All Rights Reserved. Copyright 2022-2025 Advanced Micro Devices, Inc. All Rights Reserved.
------------------------------------------------------------------------------------------------------------------------------------------------------------------------------------------------------
| Tool Version : Vivado v.2025.1 (win64) Build 6140274 Thu May 22 00:12:29 MDT 2025
| Date         : Sun Jul  6 12:28:48 2025
| Host         : Yusuf-Soylu running 64-bit major release  (build 9200)
| Command      : report_timing_summary -max_paths 10 -report_unconstrained -file top_timing_summary_routed.rpt -pb top_timing_summary_routed.pb -rpx top_timing_summary_routed.rpx -warn_on_violation
| Design       : top
| Device       : 7a100t-csg324
| Speed File   : -1  PRODUCTION 1.23 2018-06-13
| Design State : Routed
------------------------------------------------------------------------------------------------------------------------------------------------------------------------------------------------------

Timing Summary Report

------------------------------------------------------------------------------------------------
| Timer Settings
| --------------
------------------------------------------------------------------------------------------------

  Enable Multi Corner Analysis               :  Yes
  Enable Pessimism Removal                   :  Yes
  Pessimism Removal Resolution               :  Nearest Common Node
  Enable Input Delay Default Clock           :  No
  Enable Preset / Clear Arcs                 :  No
  Disable Flight Delays                      :  No
  Ignore I/O Paths                           :  No
  Timing Early Launch at Borrowing Latches   :  No
  Borrow Time for Max Delay Exceptions       :  Yes
  Merge Timing Exceptions                    :  Yes
  Inter-SLR Compensation                     :  Conservative

  Corner  Analyze    Analyze    
  Name    Max Paths  Min Paths  
  ------  ---------  ---------  
  Slow    Yes        Yes        
  Fast    Yes        Yes        


------------------------------------------------------------------------------------------------
| Report Methodology
| ------------------
------------------------------------------------------------------------------------------------

Rule       Severity          Description                  Violations  
---------  ----------------  ---------------------------  ----------  
TIMING-17  Critical Warning  Non-clocked sequential cell  29          

Note: This report is based on the most recent report_methodology run and may not be up-to-date. Run report_methodology on the current design for the latest report.



check_timing report

Table of Contents
-----------------
1. checking no_clock (29)
2. checking constant_clock (0)
3. checking pulse_width_clock (0)
4. checking unconstrained_internal_endpoints (52)
5. checking no_input_delay (0)
6. checking no_output_delay (6)
7. checking multiple_clock (0)
8. checking generated_clocks (0)
9. checking loops (0)
10. checking partial_input_delay (0)
11. checking partial_output_delay (0)
12. checking latch_loops (0)

1. checking no_clock (29)
-------------------------
 There are 29 register/latch pins with no clock driven by root clock pin: clk (HIGH)


2. checking constant_clock (0)
------------------------------
 There are 0 register/latch pins with constant_clock.


3. checking pulse_width_clock (0)
---------------------------------
 There are 0 register/latch pins which need pulse_width check


4. checking unconstrained_internal_endpoints (52)
-------------------------------------------------
 There are 52 pins that are not constrained for maximum delay. (HIGH)

 There are 0 pins that are not constrained for maximum delay due to constant clock.


5. checking no_input_delay (0)
------------------------------
 There are 0 input ports with no input delay specified.

 There are 0 input ports with no input delay but user has a false path constraint.


6. checking no_output_delay (6)
-------------------------------
 There are 6 ports with no output delay specified. (HIGH)

 There are 0 ports with no output delay but user has a false path constraint

 There are 0 ports with no output delay but with a timing clock defined on it or propagating through it


7. checking multiple_clock (0)
------------------------------
 There are 0 register/latch pins with multiple clocks.


8. checking generated_clocks (0)
--------------------------------
 There are 0 generated clocks that are not connected to a clock source.


9. checking loops (0)
---------------------
 There are 0 combinational loops in the design.


10. checking partial_input_delay (0)
------------------------------------
 There are 0 input ports with partial input delay specified.


11. checking partial_output_delay (0)
-------------------------------------
 There are 0 ports with partial output delay specified.


12. checking latch_loops (0)
----------------------------
 There are 0 combinational latch loops in the design through latch input



------------------------------------------------------------------------------------------------
| Design Timing Summary
| ---------------------
------------------------------------------------------------------------------------------------

    WNS(ns)      TNS(ns)  TNS Failing Endpoints  TNS Total Endpoints      WHS(ns)      THS(ns)  THS Failing Endpoints  THS Total Endpoints     WPWS(ns)     TPWS(ns)  TPWS Failing Endpoints  TPWS Total Endpoints  
    -------      -------  ---------------------  -------------------      -------      -------  ---------------------  -------------------     --------     --------  ----------------------  --------------------  
        inf        0.000                      0                   58          inf        0.000                      0                   58           NA           NA                      NA                    NA  


There are no user specified timing constraints.


------------------------------------------------------------------------------------------------
| Clock Summary
| -------------
------------------------------------------------------------------------------------------------


------------------------------------------------------------------------------------------------
| Intra Clock Table
| -----------------
------------------------------------------------------------------------------------------------

Clock             WNS(ns)      TNS(ns)  TNS Failing Endpoints  TNS Total Endpoints      WHS(ns)      THS(ns)  THS Failing Endpoints  THS Total Endpoints     WPWS(ns)     TPWS(ns)  TPWS Failing Endpoints  TPWS Total Endpoints  
-----             -------      -------  ---------------------  -------------------      -------      -------  ---------------------  -------------------     --------     --------  ----------------------  --------------------  


------------------------------------------------------------------------------------------------
| Inter Clock Table
| -----------------
------------------------------------------------------------------------------------------------

From Clock    To Clock          WNS(ns)      TNS(ns)  TNS Failing Endpoints  TNS Total Endpoints      WHS(ns)      THS(ns)  THS Failing Endpoints  THS Total Endpoints  
----------    --------          -------      -------  ---------------------  -------------------      -------      -------  ---------------------  -------------------  


------------------------------------------------------------------------------------------------
| Other Path Groups Table
| -----------------------
------------------------------------------------------------------------------------------------

Path Group    From Clock    To Clock          WNS(ns)      TNS(ns)  TNS Failing Endpoints  TNS Total Endpoints      WHS(ns)      THS(ns)  THS Failing Endpoints  THS Total Endpoints  
----------    ----------    --------          -------      -------  ---------------------  -------------------      -------      -------  ---------------------  -------------------  


------------------------------------------------------------------------------------------------
| User Ignored Path Table
| -----------------------
------------------------------------------------------------------------------------------------

Path Group    From Clock    To Clock    
----------    ----------    --------    


------------------------------------------------------------------------------------------------
| Unconstrained Path Table
| ------------------------
------------------------------------------------------------------------------------------------

Path Group    From Clock    To Clock    
----------    ----------    --------    
(none)                                    


------------------------------------------------------------------------------------------------
| Timing Details
| --------------
------------------------------------------------------------------------------------------------


--------------------------------------------------------------------------------------
Path Group:  (none)
From Clock:  
  To Clock:  

Max Delay            58 Endpoints
Min Delay            58 Endpoints
--------------------------------------------------------------------------------------


Max Delay Paths
--------------------------------------------------------------------------------------
Slack:                    inf
  Source:                 seven_seg_o_reg[7]_lopt_replica_3/C
                            (rising edge-triggered cell FDRE)
  Destination:            seven_seg_o[4]
                            (output port)
  Path Group:             (none)
  Path Type:              Max at Slow Process Corner
  Data Path Delay:        4.806ns  (logic 3.110ns (64.704%)  route 1.696ns (35.296%))
  Logic Levels:           2  (FDRE=1 OBUF=1)

    Location             Delay type                Incr(ns)  Path(ns)    Netlist Resource(s)
  -------------------------------------------------------------------    -------------------
    SLICE_X1Y61          FDRE                         0.000     0.000 r  seven_seg_o_reg[7]_lopt_replica_3/C
    SLICE_X1Y61          FDRE (Prop_fdre_C_Q)         0.456     0.456 r  seven_seg_o_reg[7]_lopt_replica_3/Q
                         net (fo=1, routed)           1.696     2.152    seven_seg_o_reg[7]_lopt_replica_3_1
    T11                  OBUF (Prop_obuf_I_O)         2.654     4.806 r  seven_seg_o_OBUF[4]_inst/O
                         net (fo=0)                   0.000     4.806    seven_seg_o[4]
    T11                                                               r  seven_seg_o[4] (OUT)
  -------------------------------------------------------------------    -------------------

Slack:                    inf
  Source:                 seven_seg_o_reg[7]_lopt_replica_2/C
                            (rising edge-triggered cell FDRE)
  Destination:            seven_seg_o[3]
                            (output port)
  Path Group:             (none)
  Path Type:              Max at Slow Process Corner
  Data Path Delay:        4.800ns  (logic 3.114ns (64.864%)  route 1.687ns (35.136%))
  Logic Levels:           2  (FDRE=1 OBUF=1)

    Location             Delay type                Incr(ns)  Path(ns)    Netlist Resource(s)
  -------------------------------------------------------------------    -------------------
    SLICE_X1Y61          FDRE                         0.000     0.000 r  seven_seg_o_reg[7]_lopt_replica_2/C
    SLICE_X1Y61          FDRE (Prop_fdre_C_Q)         0.456     0.456 r  seven_seg_o_reg[7]_lopt_replica_2/Q
                         net (fo=1, routed)           1.687     2.143    seven_seg_o_reg[7]_lopt_replica_2_1
    U11                  OBUF (Prop_obuf_I_O)         2.658     4.800 r  seven_seg_o_OBUF[3]_inst/O
                         net (fo=0)                   0.000     4.800    seven_seg_o[3]
    U11                                                               r  seven_seg_o[3] (OUT)
  -------------------------------------------------------------------    -------------------

Slack:                    inf
  Source:                 seven_seg_o_reg[7]_lopt_replica/C
                            (rising edge-triggered cell FDRE)
  Destination:            seven_seg_o[2]
                            (output port)
  Path Group:             (none)
  Path Type:              Max at Slow Process Corner
  Data Path Delay:        4.798ns  (logic 3.127ns (65.183%)  route 1.670ns (34.817%))
  Logic Levels:           2  (FDRE=1 OBUF=1)

    Location             Delay type                Incr(ns)  Path(ns)    Netlist Resource(s)
  -------------------------------------------------------------------    -------------------
    SLICE_X1Y61          FDRE                         0.000     0.000 r  seven_seg_o_reg[7]_lopt_replica/C
    SLICE_X1Y61          FDRE (Prop_fdre_C_Q)         0.456     0.456 r  seven_seg_o_reg[7]_lopt_replica/Q
                         net (fo=1, routed)           1.670     2.126    seven_seg_o_reg[7]_lopt_replica_1
    U12                  OBUF (Prop_obuf_I_O)         2.671     4.798 r  seven_seg_o_OBUF[2]_inst/O
                         net (fo=0)                   0.000     4.798    seven_seg_o[2]
    U12                                                               r  seven_seg_o[2] (OUT)
  -------------------------------------------------------------------    -------------------

Slack:                    inf
  Source:                 seven_seg_o_reg[7]_lopt_replica_4/C
                            (rising edge-triggered cell FDRE)
  Destination:            seven_seg_o[5]
                            (output port)
  Path Group:             (none)
  Path Type:              Max at Slow Process Corner
  Data Path Delay:        4.789ns  (logic 3.101ns (64.747%)  route 1.688ns (35.253%))
  Logic Levels:           2  (FDRE=1 OBUF=1)

    Location             Delay type                Incr(ns)  Path(ns)    Netlist Resource(s)
  -------------------------------------------------------------------    -------------------
    SLICE_X1Y64          FDRE                         0.000     0.000 r  seven_seg_o_reg[7]_lopt_replica_4/C
    SLICE_X1Y64          FDRE (Prop_fdre_C_Q)         0.456     0.456 r  seven_seg_o_reg[7]_lopt_replica_4/Q
                         net (fo=1, routed)           1.688     2.144    seven_seg_o_reg[7]_lopt_replica_4_1
    V17                  OBUF (Prop_obuf_I_O)         2.645     4.789 r  seven_seg_o_OBUF[5]_inst/O
                         net (fo=0)                   0.000     4.789    seven_seg_o[5]
    V17                                                               r  seven_seg_o[5] (OUT)
  -------------------------------------------------------------------    -------------------

Slack:                    inf
  Source:                 seven_seg_o_reg[7]_lopt_replica_5/C
                            (rising edge-triggered cell FDRE)
  Destination:            seven_seg_o[6]
                            (output port)
  Path Group:             (none)
  Path Type:              Max at Slow Process Corner
  Data Path Delay:        4.772ns  (logic 3.104ns (65.058%)  route 1.667ns (34.942%))
  Logic Levels:           2  (FDRE=1 OBUF=1)

    Location             Delay type                Incr(ns)  Path(ns)    Netlist Resource(s)
  -------------------------------------------------------------------    -------------------
    SLICE_X1Y64          FDRE                         0.000     0.000 r  seven_seg_o_reg[7]_lopt_replica_5/C
    SLICE_X1Y64          FDRE (Prop_fdre_C_Q)         0.456     0.456 r  seven_seg_o_reg[7]_lopt_replica_5/Q
                         net (fo=1, routed)           1.667     2.123    seven_seg_o_reg[7]_lopt_replica_5_1
    U16                  OBUF (Prop_obuf_I_O)         2.648     4.772 r  seven_seg_o_OBUF[6]_inst/O
                         net (fo=0)                   0.000     4.772    seven_seg_o[6]
    U16                                                               r  seven_seg_o[6] (OUT)
  -------------------------------------------------------------------    -------------------

Slack:                    inf
  Source:                 seven_seg_o_reg[7]/C
                            (rising edge-triggered cell FDRE)
  Destination:            seven_seg_o[7]
                            (output port)
  Path Group:             (none)
  Path Type:              Max at Slow Process Corner
  Data Path Delay:        4.766ns  (logic 3.098ns (64.996%)  route 1.668ns (35.004%))
  Logic Levels:           2  (FDRE=1 OBUF=1)

    Location             Delay type                Incr(ns)  Path(ns)    Netlist Resource(s)
  -------------------------------------------------------------------    -------------------
    SLICE_X1Y64          FDRE                         0.000     0.000 r  seven_seg_o_reg[7]/C
    SLICE_X1Y64          FDRE (Prop_fdre_C_Q)         0.456     0.456 r  seven_seg_o_reg[7]/Q
                         net (fo=1, routed)           1.668     2.124    seven_seg_o_OBUF[2]
    U18                  OBUF (Prop_obuf_I_O)         2.642     4.766 r  seven_seg_o_OBUF[7]_inst/O
                         net (fo=0)                   0.000     4.766    seven_seg_o[7]
    U18                                                               r  seven_seg_o[7] (OUT)
  -------------------------------------------------------------------    -------------------

Slack:                    inf
  Source:                 timer1ms_reg[6]/C
                            (rising edge-triggered cell FDRE)
  Destination:            timer1ms_reg[13]/R
  Path Group:             (none)
  Path Type:              Max at Slow Process Corner
  Data Path Delay:        3.427ns  (logic 0.704ns (20.545%)  route 2.723ns (79.455%))
  Logic Levels:           3  (FDRE=1 LUT4=1 LUT6=1)

    Location             Delay type                Incr(ns)  Path(ns)    Netlist Resource(s)
  -------------------------------------------------------------------    -------------------
    SLICE_X0Y62          FDRE                         0.000     0.000 r  timer1ms_reg[6]/C
    SLICE_X0Y62          FDRE (Prop_fdre_C_Q)         0.456     0.456 f  timer1ms_reg[6]/Q
                         net (fo=2, routed)           1.050     1.506    timer1ms[6]
    SLICE_X1Y62          LUT4 (Prop_lut4_I3_O)        0.124     1.630 f  timer1ms[16]_i_4/O
                         net (fo=1, routed)           0.667     2.297    timer1ms[16]_i_4_n_0
    SLICE_X1Y62          LUT6 (Prop_lut6_I1_O)        0.124     2.421 r  timer1ms[16]_i_1/O
                         net (fo=23, routed)          1.006     3.427    anodes[0]
    SLICE_X0Y64          FDRE                                         r  timer1ms_reg[13]/R
  -------------------------------------------------------------------    -------------------

Slack:                    inf
  Source:                 timer1ms_reg[6]/C
                            (rising edge-triggered cell FDRE)
  Destination:            timer1ms_reg[14]/R
  Path Group:             (none)
  Path Type:              Max at Slow Process Corner
  Data Path Delay:        3.427ns  (logic 0.704ns (20.545%)  route 2.723ns (79.455%))
  Logic Levels:           3  (FDRE=1 LUT4=1 LUT6=1)

    Location             Delay type                Incr(ns)  Path(ns)    Netlist Resource(s)
  -------------------------------------------------------------------    -------------------
    SLICE_X0Y62          FDRE                         0.000     0.000 r  timer1ms_reg[6]/C
    SLICE_X0Y62          FDRE (Prop_fdre_C_Q)         0.456     0.456 f  timer1ms_reg[6]/Q
                         net (fo=2, routed)           1.050     1.506    timer1ms[6]
    SLICE_X1Y62          LUT4 (Prop_lut4_I3_O)        0.124     1.630 f  timer1ms[16]_i_4/O
                         net (fo=1, routed)           0.667     2.297    timer1ms[16]_i_4_n_0
    SLICE_X1Y62          LUT6 (Prop_lut6_I1_O)        0.124     2.421 r  timer1ms[16]_i_1/O
                         net (fo=23, routed)          1.006     3.427    anodes[0]
    SLICE_X0Y64          FDRE                                         r  timer1ms_reg[14]/R
  -------------------------------------------------------------------    -------------------

Slack:                    inf
  Source:                 timer1ms_reg[6]/C
                            (rising edge-triggered cell FDRE)
  Destination:            timer1ms_reg[15]/R
  Path Group:             (none)
  Path Type:              Max at Slow Process Corner
  Data Path Delay:        3.427ns  (logic 0.704ns (20.545%)  route 2.723ns (79.455%))
  Logic Levels:           3  (FDRE=1 LUT4=1 LUT6=1)

    Location             Delay type                Incr(ns)  Path(ns)    Netlist Resource(s)
  -------------------------------------------------------------------    -------------------
    SLICE_X0Y62          FDRE                         0.000     0.000 r  timer1ms_reg[6]/C
    SLICE_X0Y62          FDRE (Prop_fdre_C_Q)         0.456     0.456 f  timer1ms_reg[6]/Q
                         net (fo=2, routed)           1.050     1.506    timer1ms[6]
    SLICE_X1Y62          LUT4 (Prop_lut4_I3_O)        0.124     1.630 f  timer1ms[16]_i_4/O
                         net (fo=1, routed)           0.667     2.297    timer1ms[16]_i_4_n_0
    SLICE_X1Y62          LUT6 (Prop_lut6_I1_O)        0.124     2.421 r  timer1ms[16]_i_1/O
                         net (fo=23, routed)          1.006     3.427    anodes[0]
    SLICE_X0Y64          FDRE                                         r  timer1ms_reg[15]/R
  -------------------------------------------------------------------    -------------------

Slack:                    inf
  Source:                 timer1ms_reg[6]/C
                            (rising edge-triggered cell FDRE)
  Destination:            timer1ms_reg[16]/R
  Path Group:             (none)
  Path Type:              Max at Slow Process Corner
  Data Path Delay:        3.427ns  (logic 0.704ns (20.545%)  route 2.723ns (79.455%))
  Logic Levels:           3  (FDRE=1 LUT4=1 LUT6=1)

    Location             Delay type                Incr(ns)  Path(ns)    Netlist Resource(s)
  -------------------------------------------------------------------    -------------------
    SLICE_X0Y62          FDRE                         0.000     0.000 r  timer1ms_reg[6]/C
    SLICE_X0Y62          FDRE (Prop_fdre_C_Q)         0.456     0.456 f  timer1ms_reg[6]/Q
                         net (fo=2, routed)           1.050     1.506    timer1ms[6]
    SLICE_X1Y62          LUT4 (Prop_lut4_I3_O)        0.124     1.630 f  timer1ms[16]_i_4/O
                         net (fo=1, routed)           0.667     2.297    timer1ms[16]_i_4_n_0
    SLICE_X1Y62          LUT6 (Prop_lut6_I1_O)        0.124     2.421 r  timer1ms[16]_i_1/O
                         net (fo=23, routed)          1.006     3.427    anodes[0]
    SLICE_X0Y64          FDRE                                         r  timer1ms_reg[16]/R
  -------------------------------------------------------------------    -------------------





Min Delay Paths
--------------------------------------------------------------------------------------
Slack:                    inf
  Source:                 anodes_reg[0]/C
                            (rising edge-triggered cell FDRE)
  Destination:            anodes_reg[1]/D
  Path Group:             (none)
  Path Type:              Min at Fast Process Corner
  Data Path Delay:        0.254ns  (logic 0.141ns (55.466%)  route 0.113ns (44.534%))
  Logic Levels:           1  (FDRE=1)

    Location             Delay type                Incr(ns)  Path(ns)    Netlist Resource(s)
  -------------------------------------------------------------------    -------------------
    SLICE_X1Y63          FDRE                         0.000     0.000 r  anodes_reg[0]/C
    SLICE_X1Y63          FDRE (Prop_fdre_C_Q)         0.141     0.141 r  anodes_reg[0]/Q
                         net (fo=2, routed)           0.113     0.254    anodes_reg_n_0_[0]
    SLICE_X1Y63          FDRE                                         r  anodes_reg[1]/D
  -------------------------------------------------------------------    -------------------

Slack:                    inf
  Source:                 anodes_reg[1]/C
                            (rising edge-triggered cell FDRE)
  Destination:            anodes_reg[2]/D
  Path Group:             (none)
  Path Type:              Min at Fast Process Corner
  Data Path Delay:        0.320ns  (logic 0.141ns (44.020%)  route 0.179ns (55.980%))
  Logic Levels:           1  (FDRE=1)

    Location             Delay type                Incr(ns)  Path(ns)    Netlist Resource(s)
  -------------------------------------------------------------------    -------------------
    SLICE_X1Y63          FDRE                         0.000     0.000 r  anodes_reg[1]/C
    SLICE_X1Y63          FDRE (Prop_fdre_C_Q)         0.141     0.141 r  anodes_reg[1]/Q
                         net (fo=2, routed)           0.179     0.320    anodes_reg_n_0_[1]
    SLICE_X1Y63          FDRE                                         r  anodes_reg[2]/D
  -------------------------------------------------------------------    -------------------

Slack:                    inf
  Source:                 timer1ms_reg[0]/C
                            (rising edge-triggered cell FDRE)
  Destination:            timer1ms_reg[0]/D
  Path Group:             (none)
  Path Type:              Min at Fast Process Corner
  Data Path Delay:        0.366ns  (logic 0.186ns (50.768%)  route 0.180ns (49.232%))
  Logic Levels:           2  (FDRE=1 LUT1=1)

    Location             Delay type                Incr(ns)  Path(ns)    Netlist Resource(s)
  -------------------------------------------------------------------    -------------------
    SLICE_X1Y62          FDRE                         0.000     0.000 r  timer1ms_reg[0]/C
    SLICE_X1Y62          FDRE (Prop_fdre_C_Q)         0.141     0.141 f  timer1ms_reg[0]/Q
                         net (fo=3, routed)           0.180     0.321    timer1ms[0]
    SLICE_X1Y62          LUT1 (Prop_lut1_I0_O)        0.045     0.366 r  timer1ms[0]_i_1/O
                         net (fo=1, routed)           0.000     0.366    p_1_in[0]
    SLICE_X1Y62          FDRE                                         r  timer1ms_reg[0]/D
  -------------------------------------------------------------------    -------------------

Slack:                    inf
  Source:                 anodes_reg[5]/C
                            (rising edge-triggered cell FDRE)
  Destination:            anodes_reg[0]/D
  Path Group:             (none)
  Path Type:              Min at Fast Process Corner
  Data Path Delay:        0.367ns  (logic 0.128ns (34.870%)  route 0.239ns (65.130%))
  Logic Levels:           1  (FDRE=1)

    Location             Delay type                Incr(ns)  Path(ns)    Netlist Resource(s)
  -------------------------------------------------------------------    -------------------
    SLICE_X1Y63          FDRE                         0.000     0.000 r  anodes_reg[5]/C
    SLICE_X1Y63          FDRE (Prop_fdre_C_Q)         0.128     0.128 r  anodes_reg[5]/Q
                         net (fo=2, routed)           0.239     0.367    anodes_reg_n_0_[5]
    SLICE_X1Y63          FDRE                                         r  anodes_reg[0]/D
  -------------------------------------------------------------------    -------------------

Slack:                    inf
  Source:                 timer1ms_reg[11]/C
                            (rising edge-triggered cell FDRE)
  Destination:            timer1ms_reg[11]/D
  Path Group:             (none)
  Path Type:              Min at Fast Process Corner
  Data Path Delay:        0.385ns  (logic 0.252ns (65.465%)  route 0.133ns (34.535%))
  Logic Levels:           2  (CARRY4=1 FDRE=1)

    Location             Delay type                Incr(ns)  Path(ns)    Netlist Resource(s)
  -------------------------------------------------------------------    -------------------
    SLICE_X0Y63          FDRE                         0.000     0.000 r  timer1ms_reg[11]/C
    SLICE_X0Y63          FDRE (Prop_fdre_C_Q)         0.141     0.141 r  timer1ms_reg[11]/Q
                         net (fo=2, routed)           0.133     0.274    timer1ms[11]
    SLICE_X0Y63          CARRY4 (Prop_carry4_S[2]_O[2])
                                                      0.111     0.385 r  timer1ms_reg[12]_i_1/O[2]
                         net (fo=1, routed)           0.000     0.385    p_1_in[11]
    SLICE_X0Y63          FDRE                                         r  timer1ms_reg[11]/D
  -------------------------------------------------------------------    -------------------

Slack:                    inf
  Source:                 timer1ms_reg[7]/C
                            (rising edge-triggered cell FDRE)
  Destination:            timer1ms_reg[7]/D
  Path Group:             (none)
  Path Type:              Min at Fast Process Corner
  Data Path Delay:        0.385ns  (logic 0.252ns (65.465%)  route 0.133ns (34.535%))
  Logic Levels:           2  (CARRY4=1 FDRE=1)

    Location             Delay type                Incr(ns)  Path(ns)    Netlist Resource(s)
  -------------------------------------------------------------------    -------------------
    SLICE_X0Y62          FDRE                         0.000     0.000 r  timer1ms_reg[7]/C
    SLICE_X0Y62          FDRE (Prop_fdre_C_Q)         0.141     0.141 r  timer1ms_reg[7]/Q
                         net (fo=2, routed)           0.133     0.274    timer1ms[7]
    SLICE_X0Y62          CARRY4 (Prop_carry4_S[2]_O[2])
                                                      0.111     0.385 r  timer1ms_reg[8]_i_1/O[2]
                         net (fo=1, routed)           0.000     0.385    p_1_in[7]
    SLICE_X0Y62          FDRE                                         r  timer1ms_reg[7]/D
  -------------------------------------------------------------------    -------------------

Slack:                    inf
  Source:                 timer1ms_reg[3]/C
                            (rising edge-triggered cell FDRE)
  Destination:            timer1ms_reg[3]/D
  Path Group:             (none)
  Path Type:              Min at Fast Process Corner
  Data Path Delay:        0.386ns  (logic 0.252ns (65.354%)  route 0.134ns (34.646%))
  Logic Levels:           2  (CARRY4=1 FDRE=1)

    Location             Delay type                Incr(ns)  Path(ns)    Netlist Resource(s)
  -------------------------------------------------------------------    -------------------
    SLICE_X0Y61          FDRE                         0.000     0.000 r  timer1ms_reg[3]/C
    SLICE_X0Y61          FDRE (Prop_fdre_C_Q)         0.141     0.141 r  timer1ms_reg[3]/Q
                         net (fo=2, routed)           0.134     0.275    timer1ms[3]
    SLICE_X0Y61          CARRY4 (Prop_carry4_S[2]_O[2])
                                                      0.111     0.386 r  timer1ms_reg[4]_i_1/O[2]
                         net (fo=1, routed)           0.000     0.386    p_1_in[3]
    SLICE_X0Y61          FDRE                                         r  timer1ms_reg[3]/D
  -------------------------------------------------------------------    -------------------

Slack:                    inf
  Source:                 timer1ms_reg[15]/C
                            (rising edge-triggered cell FDRE)
  Destination:            timer1ms_reg[15]/D
  Path Group:             (none)
  Path Type:              Min at Fast Process Corner
  Data Path Delay:        0.386ns  (logic 0.252ns (65.343%)  route 0.134ns (34.657%))
  Logic Levels:           2  (CARRY4=1 FDRE=1)

    Location             Delay type                Incr(ns)  Path(ns)    Netlist Resource(s)
  -------------------------------------------------------------------    -------------------
    SLICE_X0Y64          FDRE                         0.000     0.000 r  timer1ms_reg[15]/C
    SLICE_X0Y64          FDRE (Prop_fdre_C_Q)         0.141     0.141 r  timer1ms_reg[15]/Q
                         net (fo=2, routed)           0.134     0.275    timer1ms[15]
    SLICE_X0Y64          CARRY4 (Prop_carry4_S[2]_O[2])
                                                      0.111     0.386 r  timer1ms_reg[16]_i_2/O[2]
                         net (fo=1, routed)           0.000     0.386    p_1_in[15]
    SLICE_X0Y64          FDRE                                         r  timer1ms_reg[15]/D
  -------------------------------------------------------------------    -------------------

Slack:                    inf
  Source:                 timer1ms_reg[11]/C
                            (rising edge-triggered cell FDRE)
  Destination:            timer1ms_reg[12]/D
  Path Group:             (none)
  Path Type:              Min at Fast Process Corner
  Data Path Delay:        0.418ns  (logic 0.285ns (68.192%)  route 0.133ns (31.808%))
  Logic Levels:           2  (CARRY4=1 FDRE=1)

    Location             Delay type                Incr(ns)  Path(ns)    Netlist Resource(s)
  -------------------------------------------------------------------    -------------------
    SLICE_X0Y63          FDRE                         0.000     0.000 r  timer1ms_reg[11]/C
    SLICE_X0Y63          FDRE (Prop_fdre_C_Q)         0.141     0.141 r  timer1ms_reg[11]/Q
                         net (fo=2, routed)           0.133     0.274    timer1ms[11]
    SLICE_X0Y63          CARRY4 (Prop_carry4_S[2]_O[3])
                                                      0.144     0.418 r  timer1ms_reg[12]_i_1/O[3]
                         net (fo=1, routed)           0.000     0.418    p_1_in[12]
    SLICE_X0Y63          FDRE                                         r  timer1ms_reg[12]/D
  -------------------------------------------------------------------    -------------------

Slack:                    inf
  Source:                 timer1ms_reg[7]/C
                            (rising edge-triggered cell FDRE)
  Destination:            timer1ms_reg[8]/D
  Path Group:             (none)
  Path Type:              Min at Fast Process Corner
  Data Path Delay:        0.418ns  (logic 0.285ns (68.192%)  route 0.133ns (31.808%))
  Logic Levels:           2  (CARRY4=1 FDRE=1)

    Location             Delay type                Incr(ns)  Path(ns)    Netlist Resource(s)
  -------------------------------------------------------------------    -------------------
    SLICE_X0Y62          FDRE                         0.000     0.000 r  timer1ms_reg[7]/C
    SLICE_X0Y62          FDRE (Prop_fdre_C_Q)         0.141     0.141 r  timer1ms_reg[7]/Q
                         net (fo=2, routed)           0.133     0.274    timer1ms[7]
    SLICE_X0Y62          CARRY4 (Prop_carry4_S[2]_O[3])
                                                      0.144     0.418 r  timer1ms_reg[8]_i_1/O[3]
                         net (fo=1, routed)           0.000     0.418    p_1_in[8]
    SLICE_X0Y62          FDRE                                         r  timer1ms_reg[8]/D
  -------------------------------------------------------------------    -------------------





